2019-02-28 18:05:23,838-root-INFO-你选择了Chrome游览器.
2019-02-28 18:05:23,838-root-INFO-你选择了Chrome游览器.
2019-02-28 18:05:23,839-root-INFO-测试URL是:http://127.0.0.1/forum.php
2019-02-28 18:05:23,839-root-INFO-测试URL是:http://127.0.0.1/forum.php
2019-02-28 18:05:28,441-root-INFO-启动谷歌游览器
2019-02-28 18:05:28,441-root-INFO-启动谷歌游览器
2019-02-28 18:05:31,153-root-INFO-打开：http://127.0.0.1/forum.php
2019-02-28 18:05:31,153-root-INFO-打开：http://127.0.0.1/forum.php
2019-02-28 18:05:32,556-root-INFO-窗口最大化
2019-02-28 18:05:32,556-root-INFO-窗口最大化
2019-02-28 18:05:32,584-root-INFO-等待10秒
2019-02-28 18:05:32,584-root-INFO-等待10秒
2019-02-28 18:05:33,212-root-INFO-send_keyadmin
2019-02-28 18:05:33,212-root-INFO-send_keyadmin
2019-02-28 18:05:33,720-root-INFO-send_key123321
2019-02-28 18:05:33,720-root-INFO-send_key123321
2019-02-28 18:05:34,114-root-INFO-click
2019-02-28 18:05:34,114-root-INFO-click
2019-02-28 18:05:37,459-root-INFO-click
2019-02-28 18:05:37,459-root-INFO-click
2019-02-28 18:05:37,856-root-INFO-send_key标题
2019-02-28 18:05:37,856-root-INFO-send_key标题
2019-02-28 18:05:38,318-root-INFO-send_keyaaaaaaaaaaaaaaaaaaaaaaaaaaaaa
2019-02-28 18:05:38,318-root-INFO-send_keyaaaaaaaaaaaaaaaaaaaaaaaaaaaaa
2019-02-28 18:05:40,060-root-INFO-click
2019-02-28 18:05:40,060-root-INFO-click
2019-02-28 18:05:40,718-root-INFO-get_windows_img
2019-02-28 18:05:40,718-root-INFO-get_windows_img
2019-02-28 18:05:41,074-root-INFO-click
2019-02-28 18:05:41,074-root-INFO-click
2019-02-28 18:05:42,770-root-INFO-send_keycdrhgkt3uygu5bgefrl
2019-02-28 18:05:42,770-root-INFO-send_keycdrhgkt3uygu5bgefrl
2019-02-28 18:05:43,913-root-INFO-click
2019-02-28 18:05:43,913-root-INFO-click
2019-02-28 20:05:04,086-root-INFO-你选择了Chrome游览器.
2019-02-28 20:05:04,086-root-INFO-你选择了Chrome游览器.
2019-02-28 20:05:04,088-root-INFO-测试URL是:http://127.0.0.1/forum.php
2019-02-28 20:05:04,088-root-INFO-测试URL是:http://127.0.0.1/forum.php
2019-02-28 20:05:09,156-root-INFO-启动谷歌游览器
2019-02-28 20:05:09,156-root-INFO-启动谷歌游览器
2019-02-28 20:05:11,447-root-INFO-打开：http://127.0.0.1/forum.php
2019-02-28 20:05:11,447-root-INFO-打开：http://127.0.0.1/forum.php
2019-02-28 20:05:12,718-root-INFO-窗口最大化
2019-02-28 20:05:12,718-root-INFO-窗口最大化
2019-02-28 20:05:12,745-root-INFO-等待10秒
2019-02-28 20:05:12,745-root-INFO-等待10秒
2019-02-28 20:05:13,666-root-INFO-send_keyadmin
2019-02-28 20:05:13,666-root-INFO-send_keyadmin
2019-02-28 20:05:14,485-root-INFO-send_key123321
2019-02-28 20:05:14,485-root-INFO-send_key123321
2019-02-28 20:05:15,093-root-INFO-click
2019-02-28 20:05:15,093-root-INFO-click
2019-02-28 20:05:19,708-root-INFO-click
2019-02-28 20:05:19,708-root-INFO-click
2019-02-28 20:05:20,355-root-INFO-click
2019-02-28 20:05:20,355-root-INFO-click
2019-02-28 20:05:21,257-root-INFO-click
2019-02-28 20:05:21,257-root-INFO-click
2019-02-28 20:05:22,370-root-INFO-click
2019-02-28 20:05:22,370-root-INFO-click
2019-02-28 20:05:22,957-root-INFO-click
2019-02-28 20:05:22,957-root-INFO-click
2019-02-28 20:05:34,644-root-ERROR-<pageobjects.plate_management.Manage object at 0x00000000033D36D8> page not found element('name', 'admin_password')元素
2019-02-28 20:05:34,644-root-ERROR-<pageobjects.plate_management.Manage object at 0x00000000033D36D8> page not found element('name', 'admin_password')元素
2019-02-28 20:05:34,645-root-ERROR-not send_keys
2019-02-28 20:05:34,645-root-ERROR-not send_keys
2019-02-28 20:05:45,228-root-ERROR-<pageobjects.plate_management.Manage object at 0x00000000033D36D8> page not found element('css selector', '.loginnofloat .btn')元素
2019-02-28 20:05:45,228-root-ERROR-<pageobjects.plate_management.Manage object at 0x00000000033D36D8> page not found element('css selector', '.loginnofloat .btn')元素
2019-02-28 20:05:45,229-root-ERROR-not click
2019-02-28 20:05:45,229-root-ERROR-not click
2019-02-28 20:05:46,255-root-INFO-click
2019-02-28 20:05:46,255-root-INFO-click
2019-02-28 20:05:48,102-root-INFO-click
2019-02-28 20:05:48,102-root-INFO-click
2019-02-28 20:05:49,334-root-INFO-click
2019-02-28 20:05:49,334-root-INFO-click
2019-02-28 20:05:50,378-root-INFO-click
2019-02-28 20:05:50,378-root-INFO-click
2019-02-28 20:05:54,236-root-INFO-send_keyaaa
2019-02-28 20:05:54,236-root-INFO-send_keyaaa
2019-02-28 20:05:54,747-root-INFO-send_key123321
2019-02-28 20:05:54,747-root-INFO-send_key123321
2019-02-28 20:05:55,178-root-INFO-click
2019-02-28 20:05:55,178-root-INFO-click
2019-02-28 20:05:56,596-root-INFO-send_key标题2
2019-02-28 20:05:56,596-root-INFO-send_key标题2
2019-02-28 20:05:57,147-root-INFO-send_keyssssssssss
2019-02-28 20:05:57,147-root-INFO-send_keyssssssssss
2019-02-28 20:05:59,034-root-INFO-click
2019-02-28 20:05:59,034-root-INFO-click
2019-02-28 20:05:59,749-root-INFO-get_windows_img
2019-02-28 20:05:59,749-root-INFO-get_windows_img
2019-02-28 20:06:00,345-root-INFO-click
2019-02-28 20:06:00,345-root-INFO-click
2019-02-28 20:06:01,862-root-INFO-send_keyZZZZZZZZZZZZZ
2019-02-28 20:06:01,862-root-INFO-send_keyZZZZZZZZZZZZZ
2019-02-28 20:06:02,771-root-INFO-click
2019-02-28 20:06:02,771-root-INFO-click
