2019-02-27 15:54:32,432-root-INFO-你选择了Chrome游览器.
2019-02-27 15:54:32,432-root-INFO-你选择了Chrome游览器.
2019-02-27 15:54:32,434-root-INFO-测试URL是:http://127.0.0.1/forum.php
2019-02-27 15:54:32,434-root-INFO-测试URL是:http://127.0.0.1/forum.php
2019-02-27 15:54:38,708-root-INFO-启动谷歌游览器
2019-02-27 15:54:38,708-root-INFO-启动谷歌游览器
2019-02-27 15:54:41,249-root-INFO-打开：http://127.0.0.1/forum.php
2019-02-27 15:54:41,249-root-INFO-打开：http://127.0.0.1/forum.php
2019-02-27 15:54:42,494-root-INFO-窗口最大化
2019-02-27 15:54:42,494-root-INFO-窗口最大化
2019-02-27 15:54:42,512-root-INFO-等待10秒
2019-02-27 15:54:42,512-root-INFO-等待10秒
2019-02-27 15:54:42,958-root-INFO-send_keyadmin
2019-02-27 15:54:42,958-root-INFO-send_keyadmin
2019-02-27 15:54:43,300-root-INFO-send_key123321
2019-02-27 15:54:43,300-root-INFO-send_key123321
2019-02-27 15:54:43,575-root-INFO-click
2019-02-27 15:54:43,575-root-INFO-click
2019-02-27 15:54:46,708-root-INFO-click
2019-02-27 15:54:46,708-root-INFO-click
2019-02-27 15:54:47,303-root-INFO-<pageobjects.post.Post object at 0x00000000028091D0> page not found element('css selector', '#subject')元素
2019-02-27 15:54:47,303-root-INFO-<pageobjects.post.Post object at 0x00000000028091D0> page not found element('css selector', '#subject')元素
2019-02-27 15:54:47,305-root-INFO-not send_keys
2019-02-27 15:54:47,305-root-INFO-not send_keys
2019-02-27 15:54:47,318-root-INFO-<pageobjects.post.Post object at 0x00000000028091D0> page not found element('css selector', '#fastpostmessage')元素
2019-02-27 15:54:47,318-root-INFO-<pageobjects.post.Post object at 0x00000000028091D0> page not found element('css selector', '#fastpostmessage')元素
2019-02-27 15:54:47,319-root-INFO-not send_keys
2019-02-27 15:54:47,319-root-INFO-not send_keys
2019-02-27 15:54:47,326-root-INFO-<pageobjects.post.Post object at 0x00000000028091D0> page not found element('css selector', '#fastpostsubmit')元素
2019-02-27 15:54:47,326-root-INFO-<pageobjects.post.Post object at 0x00000000028091D0> page not found element('css selector', '#fastpostsubmit')元素
2019-02-27 15:54:47,327-root-INFO-not click
2019-02-27 15:54:47,327-root-INFO-not click
