2019-02-27 15:17:43,430-root-INFO-你选择了Chrome游览器.
2019-02-27 15:17:43,430-root-INFO-你选择了Chrome游览器.
2019-02-27 15:17:43,431-root-INFO-测试URL是:http://127.0.0.1/forum.php
2019-02-27 15:17:43,431-root-INFO-测试URL是:http://127.0.0.1/forum.php
2019-02-27 15:17:49,853-root-INFO-启动谷歌游览器
2019-02-27 15:17:49,853-root-INFO-启动谷歌游览器
2019-02-27 15:17:52,120-root-INFO-打开：http://127.0.0.1/forum.php
2019-02-27 15:17:52,120-root-INFO-打开：http://127.0.0.1/forum.php
2019-02-27 15:17:53,327-root-INFO-窗口最大化
2019-02-27 15:17:53,327-root-INFO-窗口最大化
2019-02-27 15:17:53,348-root-INFO-等待10秒
2019-02-27 15:17:53,348-root-INFO-等待10秒
2019-02-27 15:17:54,047-root-INFO-send_keyadmin
2019-02-27 15:17:54,047-root-INFO-send_keyadmin
2019-02-27 15:17:54,694-root-INFO-send_key123321
2019-02-27 15:17:54,694-root-INFO-send_key123321
2019-02-27 15:17:55,250-root-INFO-click
2019-02-27 15:17:55,250-root-INFO-click
2019-02-27 15:17:59,564-root-INFO-click
2019-02-27 15:17:59,564-root-INFO-click
2019-02-27 15:18:00,419-root-INFO-click
2019-02-27 15:18:00,419-root-INFO-click
2019-02-27 15:18:12,194-root-INFO-<pageobjects.plate_management.Manage object at 0x00000000034305F8> page not found element('name', 'admin_password')元素
2019-02-27 15:18:12,194-root-INFO-<pageobjects.plate_management.Manage object at 0x00000000034305F8> page not found element('name', 'admin_password')元素
2019-02-27 15:18:12,195-root-INFO-not send_keys
2019-02-27 15:18:12,195-root-INFO-not send_keys
2019-02-27 15:18:22,801-root-INFO-<pageobjects.plate_management.Manage object at 0x00000000034305F8> page not found element('css selector', '.loginnofloat')元素
2019-02-27 15:18:22,801-root-INFO-<pageobjects.plate_management.Manage object at 0x00000000034305F8> page not found element('css selector', '.loginnofloat')元素
2019-02-27 15:18:22,801-root-INFO-not click
2019-02-27 15:18:22,801-root-INFO-not click
2019-02-27 15:18:24,165-root-INFO-click
2019-02-27 15:18:24,165-root-INFO-click
2019-02-27 15:18:35,015-root-INFO-<pageobjects.new_plate.New_plate object at 0x0000000003407390> page not found element('css selector', 'lastboard')元素
2019-02-27 15:18:35,015-root-INFO-<pageobjects.new_plate.New_plate object at 0x0000000003407390> page not found element('css selector', 'lastboard')元素
2019-02-27 15:18:35,016-root-INFO-not click
2019-02-27 15:18:35,016-root-INFO-not click
2019-02-27 15:18:45,645-root-INFO-<pageobjects.new_plate.New_plate object at 0x0000000003407390> page not found element('css selector', 'fixsel btn')元素
2019-02-27 15:18:45,645-root-INFO-<pageobjects.new_plate.New_plate object at 0x0000000003407390> page not found element('css selector', 'fixsel btn')元素
2019-02-27 15:18:45,646-root-INFO-not click
2019-02-27 15:18:45,646-root-INFO-not click
