2019-03-05 09:32:02,662-root-INFO-你选择了Chrome游览器.
2019-03-05 09:32:02,662-root-INFO-你选择了Chrome游览器.
2019-03-05 09:32:02,669-root-INFO-测试URL是:http://127.0.0.1/forum.php
2019-03-05 09:32:02,669-root-INFO-测试URL是:http://127.0.0.1/forum.php
2019-03-05 09:32:08,571-root-INFO-启动谷歌游览器
2019-03-05 09:32:08,571-root-INFO-启动谷歌游览器
2019-03-05 09:32:10,860-root-INFO-打开：http://127.0.0.1/forum.php
2019-03-05 09:32:10,860-root-INFO-打开：http://127.0.0.1/forum.php
2019-03-05 09:32:12,113-root-INFO-窗口最大化
2019-03-05 09:32:12,113-root-INFO-窗口最大化
2019-03-05 09:32:12,122-root-INFO-等待10秒
2019-03-05 09:32:12,122-root-INFO-等待10秒
2019-03-05 09:32:12,628-root-INFO-send_keyaaa
2019-03-05 09:32:12,628-root-INFO-send_keyaaa
2019-03-05 09:32:13,129-root-INFO-send_key123321
2019-03-05 09:32:13,129-root-INFO-send_key123321
2019-03-05 09:32:13,510-root-INFO-click
2019-03-05 09:32:13,510-root-INFO-click
2019-03-05 09:32:18,053-root-INFO-click
2019-03-05 09:32:18,053-root-INFO-click
2019-03-05 09:32:20,581-root-INFO-click
2019-03-05 09:32:20,581-root-INFO-click
2019-03-05 09:32:22,546-root-INFO-click
2019-03-05 09:32:22,546-root-INFO-click
2019-03-05 09:32:22,985-root-INFO-send_key应该去吗？
2019-03-05 09:32:22,985-root-INFO-send_key应该去吗？
2019-03-05 09:32:23,352-root-INFO-send_key同意
2019-03-05 09:32:23,352-root-INFO-send_key同意
2019-03-05 09:32:23,905-root-INFO-send_key不同意
2019-03-05 09:32:23,905-root-INFO-send_key不同意
2019-03-05 09:32:24,417-root-INFO-send_key中立
2019-03-05 09:32:24,417-root-INFO-send_key中立
2019-03-05 09:32:25,001-root-INFO-click
2019-03-05 09:32:25,001-root-INFO-click
2019-03-05 09:32:28,272-root-INFO-click
2019-03-05 09:32:28,272-root-INFO-click
2019-03-05 09:32:30,149-root-INFO-click
2019-03-05 09:32:30,149-root-INFO-click
2019-03-05 09:32:34,669-root-INFO-你选择了Chrome游览器.
2019-03-05 09:32:34,669-root-INFO-你选择了Chrome游览器.
2019-03-05 09:32:34,675-root-INFO-测试URL是:http://127.0.0.1/forum.php
2019-03-05 09:32:34,675-root-INFO-测试URL是:http://127.0.0.1/forum.php
2019-03-05 09:32:39,948-root-INFO-启动谷歌游览器
2019-03-05 09:32:39,948-root-INFO-启动谷歌游览器
2019-03-05 09:32:41,203-root-INFO-打开：http://127.0.0.1/forum.php
2019-03-05 09:32:41,203-root-INFO-打开：http://127.0.0.1/forum.php
2019-03-05 09:32:42,471-root-INFO-窗口最大化
2019-03-05 09:32:42,471-root-INFO-窗口最大化
2019-03-05 09:32:42,494-root-INFO-等待10秒
2019-03-05 09:32:42,494-root-INFO-等待10秒
2019-03-05 09:32:43,036-root-INFO-send_keyadmin
2019-03-05 09:32:43,036-root-INFO-send_keyadmin
2019-03-05 09:32:43,529-root-INFO-send_key123321
2019-03-05 09:32:43,529-root-INFO-send_key123321
2019-03-05 09:32:43,953-root-INFO-click
2019-03-05 09:32:43,953-root-INFO-click
2019-03-05 09:32:47,439-root-INFO-click
2019-03-05 09:32:47,439-root-INFO-click
2019-03-05 09:32:47,849-root-INFO-send_key标题
2019-03-05 09:32:47,849-root-INFO-send_key标题
2019-03-05 09:32:49,064-root-INFO-send_keyaaaaaaaaaaaaaaaaaaaaaaaaaaaaa
2019-03-05 09:32:49,064-root-INFO-send_keyaaaaaaaaaaaaaaaaaaaaaaaaaaaaa
2019-03-05 09:32:51,298-root-INFO-click
2019-03-05 09:32:51,298-root-INFO-click
2019-03-05 09:32:51,905-root-INFO-get_windows_img
2019-03-05 09:32:51,905-root-INFO-get_windows_img
2019-03-05 09:32:52,300-root-INFO-click
2019-03-05 09:32:52,300-root-INFO-click
2019-03-05 09:32:53,520-root-INFO-send_keycdrhgkt3uygu5bgefrl
2019-03-05 09:32:53,520-root-INFO-send_keycdrhgkt3uygu5bgefrl
2019-03-05 09:32:54,920-root-INFO-click
2019-03-05 09:32:54,920-root-INFO-click
2019-03-05 09:32:56,437-root-INFO-click
2019-03-05 09:32:56,437-root-INFO-click
2019-03-05 09:32:58,843-root-INFO-你选择了Chrome游览器.
2019-03-05 09:32:58,843-root-INFO-你选择了Chrome游览器.
2019-03-05 09:32:58,848-root-INFO-测试URL是:http://127.0.0.1/forum.php
2019-03-05 09:32:58,848-root-INFO-测试URL是:http://127.0.0.1/forum.php
2019-03-05 09:33:03,494-root-INFO-启动谷歌游览器
2019-03-05 09:33:03,494-root-INFO-启动谷歌游览器
2019-03-05 09:33:05,898-root-INFO-打开：http://127.0.0.1/forum.php
2019-03-05 09:33:05,898-root-INFO-打开：http://127.0.0.1/forum.php
2019-03-05 09:33:07,118-root-INFO-窗口最大化
2019-03-05 09:33:07,118-root-INFO-窗口最大化
2019-03-05 09:33:07,124-root-INFO-等待10秒
2019-03-05 09:33:07,124-root-INFO-等待10秒
2019-03-05 09:33:07,469-root-INFO-send_keyaaa
2019-03-05 09:33:07,469-root-INFO-send_keyaaa
2019-03-05 09:33:07,784-root-INFO-send_key123321
2019-03-05 09:33:07,784-root-INFO-send_key123321
2019-03-05 09:33:08,004-root-INFO-click
2019-03-05 09:33:08,004-root-INFO-click
2019-03-05 09:33:08,861-root-INFO-send_keyhaotest
2019-03-05 09:33:08,861-root-INFO-send_keyhaotest
2019-03-05 09:33:09,082-root-INFO-click
2019-03-05 09:33:09,082-root-INFO-click
2019-03-05 09:33:20,665-root-ERROR-<pageobjects.page_findfile.Findfile object at 0x00000000033EFBE0> page not found element('partial link text', 'haotest')元素
2019-03-05 09:33:20,665-root-ERROR-<pageobjects.page_findfile.Findfile object at 0x00000000033EFBE0> page not found element('partial link text', 'haotest')元素
2019-03-05 09:33:20,671-root-ERROR-not click
2019-03-05 09:33:20,671-root-ERROR-not click
2019-03-05 09:33:23,501-root-INFO-你选择了Chrome游览器.
2019-03-05 09:33:23,501-root-INFO-你选择了Chrome游览器.
2019-03-05 09:33:23,506-root-INFO-测试URL是:http://127.0.0.1/forum.php
2019-03-05 09:33:23,506-root-INFO-测试URL是:http://127.0.0.1/forum.php
2019-03-05 09:33:28,205-root-INFO-启动谷歌游览器
2019-03-05 09:33:28,205-root-INFO-启动谷歌游览器
2019-03-05 09:33:30,627-root-INFO-打开：http://127.0.0.1/forum.php
2019-03-05 09:33:30,627-root-INFO-打开：http://127.0.0.1/forum.php
2019-03-05 09:33:31,919-root-INFO-窗口最大化
2019-03-05 09:33:31,919-root-INFO-窗口最大化
2019-03-05 09:33:31,933-root-INFO-等待10秒
2019-03-05 09:33:31,933-root-INFO-等待10秒
2019-03-05 09:33:32,439-root-INFO-send_keyadmin
2019-03-05 09:33:32,439-root-INFO-send_keyadmin
2019-03-05 09:33:32,841-root-INFO-send_key123321
2019-03-05 09:33:32,841-root-INFO-send_key123321
2019-03-05 09:33:33,168-root-INFO-click
2019-03-05 09:33:33,168-root-INFO-click
2019-03-05 09:33:36,675-root-INFO-click
2019-03-05 09:33:36,675-root-INFO-click
2019-03-05 09:33:37,101-root-INFO-click
2019-03-05 09:33:37,101-root-INFO-click
2019-03-05 09:33:38,002-root-INFO-click
2019-03-05 09:33:38,002-root-INFO-click
2019-03-05 09:33:39,948-root-INFO-click
2019-03-05 09:33:39,948-root-INFO-click
2019-03-05 09:33:40,873-root-INFO-click
2019-03-05 09:33:40,873-root-INFO-click
2019-03-05 09:33:42,536-root-INFO-send_key123321
2019-03-05 09:33:42,536-root-INFO-send_key123321
2019-03-05 09:34:10,139-root-INFO-click
2019-03-05 09:34:10,139-root-INFO-click
2019-03-05 09:34:11,644-root-INFO-click
2019-03-05 09:34:11,644-root-INFO-click
2019-03-05 09:34:13,032-root-INFO-click
2019-03-05 09:34:13,032-root-INFO-click
2019-03-05 09:34:14,152-root-INFO-click
2019-03-05 09:34:14,152-root-INFO-click
2019-03-05 09:34:15,165-root-INFO-click
2019-03-05 09:34:15,165-root-INFO-click
2019-03-05 09:34:18,337-root-INFO-send_keyaaa
2019-03-05 09:34:18,337-root-INFO-send_keyaaa
2019-03-05 09:34:18,783-root-INFO-send_key123321
2019-03-05 09:34:18,783-root-INFO-send_key123321
2019-03-05 09:34:19,131-root-INFO-click
2019-03-05 09:34:19,131-root-INFO-click
2019-03-05 09:34:21,332-root-INFO-send_key标题2
2019-03-05 09:34:21,332-root-INFO-send_key标题2
2019-03-05 09:34:21,848-root-INFO-send_keyssssssssss
2019-03-05 09:34:21,848-root-INFO-send_keyssssssssss
2019-03-05 09:34:24,019-root-INFO-click
2019-03-05 09:34:24,019-root-INFO-click
2019-03-05 09:34:24,631-root-INFO-get_windows_img
2019-03-05 09:34:24,631-root-INFO-get_windows_img
2019-03-05 09:34:24,988-root-INFO-click
2019-03-05 09:34:24,988-root-INFO-click
2019-03-05 09:34:26,106-root-INFO-send_keyZZZZZZZZZZZZZ
2019-03-05 09:34:26,106-root-INFO-send_keyZZZZZZZZZZZZZ
2019-03-05 09:34:27,040-root-INFO-click
2019-03-05 09:34:27,040-root-INFO-click
