2019-02-27 19:24:14,430-root-INFO-你选择了Chrome游览器.
2019-02-27 19:24:14,430-root-INFO-你选择了Chrome游览器.
2019-02-27 19:24:14,431-root-INFO-测试URL是:http://127.0.0.1/forum.php
2019-02-27 19:24:14,431-root-INFO-测试URL是:http://127.0.0.1/forum.php
2019-02-27 19:24:21,413-root-INFO-启动谷歌游览器
2019-02-27 19:24:21,413-root-INFO-启动谷歌游览器
2019-02-27 19:24:22,900-root-INFO-打开：http://127.0.0.1/forum.php
2019-02-27 19:24:22,900-root-INFO-打开：http://127.0.0.1/forum.php
2019-02-27 19:24:24,124-root-INFO-窗口最大化
2019-02-27 19:24:24,124-root-INFO-窗口最大化
2019-02-27 19:24:24,147-root-INFO-等待10秒
2019-02-27 19:24:24,147-root-INFO-等待10秒
2019-02-27 19:24:24,783-root-INFO-send_keyaaa
2019-02-27 19:24:24,783-root-INFO-send_keyaaa
2019-02-27 19:24:25,387-root-INFO-send_key123321
2019-02-27 19:24:25,387-root-INFO-send_key123321
2019-02-27 19:24:25,835-root-INFO-click
2019-02-27 19:24:25,835-root-INFO-click
2019-02-27 19:24:30,367-root-INFO-click
2019-02-27 19:24:30,367-root-INFO-click
2019-02-27 19:24:32,071-root-INFO-click
2019-02-27 19:24:32,071-root-INFO-click
2019-02-27 19:24:33,446-root-INFO-click
2019-02-27 19:24:33,446-root-INFO-click
2019-02-27 19:24:33,880-root-INFO-send_key应该去吗？
2019-02-27 19:24:33,880-root-INFO-send_key应该去吗？
2019-02-27 19:24:34,237-root-INFO-send_key同意
2019-02-27 19:24:34,237-root-INFO-send_key同意
2019-02-27 19:24:34,639-root-INFO-send_key不同意
2019-02-27 19:24:34,639-root-INFO-send_key不同意
2019-02-27 19:24:34,992-root-INFO-send_key中立
2019-02-27 19:24:34,992-root-INFO-send_key中立
2019-02-27 19:24:35,573-root-INFO-click
2019-02-27 19:24:35,573-root-INFO-click
2019-02-27 19:24:44,329-root-INFO-click
2019-02-27 19:24:44,329-root-INFO-click
2019-02-27 19:24:47,613-root-INFO-click
2019-02-27 19:24:47,613-root-INFO-click
