2019-02-28 09:47:30,299-root-INFO-你选择了Chrome游览器.
2019-02-28 09:47:30,299-root-INFO-你选择了Chrome游览器.
2019-02-28 09:47:30,300-root-INFO-测试URL是:http://127.0.0.1/forum.php
2019-02-28 09:47:30,300-root-INFO-测试URL是:http://127.0.0.1/forum.php
2019-02-28 09:47:36,035-root-INFO-启动谷歌游览器
2019-02-28 09:47:36,035-root-INFO-启动谷歌游览器
2019-02-28 09:47:38,841-root-INFO-打开：http://127.0.0.1/forum.php
2019-02-28 09:47:38,841-root-INFO-打开：http://127.0.0.1/forum.php
2019-02-28 09:47:40,098-root-INFO-窗口最大化
2019-02-28 09:47:40,098-root-INFO-窗口最大化
2019-02-28 09:47:40,111-root-INFO-等待10秒
2019-02-28 09:47:40,111-root-INFO-等待10秒
2019-02-28 09:47:40,830-root-INFO-send_keyaaa
2019-02-28 09:47:40,830-root-INFO-send_keyaaa
2019-02-28 09:47:41,537-root-INFO-send_key123321
2019-02-28 09:47:41,537-root-INFO-send_key123321
2019-02-28 09:47:42,131-root-INFO-click
2019-02-28 09:47:42,131-root-INFO-click
2019-02-28 09:47:46,838-root-INFO-click
2019-02-28 09:47:46,838-root-INFO-click
2019-02-28 09:47:48,168-root-INFO-click
2019-02-28 09:47:48,168-root-INFO-click
2019-02-28 09:47:49,409-root-INFO-click
2019-02-28 09:47:49,409-root-INFO-click
2019-02-28 09:47:49,956-root-INFO-send_key应该去吗？
2019-02-28 09:47:49,956-root-INFO-send_key应该去吗？
2019-02-28 09:47:50,255-root-INFO-send_key同意
2019-02-28 09:47:50,255-root-INFO-send_key同意
2019-02-28 09:47:50,538-root-INFO-send_key不同意
2019-02-28 09:47:50,538-root-INFO-send_key不同意
2019-02-28 09:47:50,821-root-INFO-send_key中立
2019-02-28 09:47:50,821-root-INFO-send_key中立
2019-02-28 09:47:51,196-root-INFO-click
2019-02-28 09:47:51,196-root-INFO-click
2019-02-28 09:47:53,242-root-INFO-click
2019-02-28 09:47:53,242-root-INFO-click
2019-02-28 09:47:55,371-root-INFO-click
2019-02-28 09:47:55,371-root-INFO-click
2019-02-28 09:48:00,055-root-INFO-你选择了Chrome游览器.
2019-02-28 09:48:00,055-root-INFO-你选择了Chrome游览器.
2019-02-28 09:48:00,056-root-INFO-测试URL是:http://127.0.0.1/forum.php
2019-02-28 09:48:00,056-root-INFO-测试URL是:http://127.0.0.1/forum.php
2019-02-28 09:48:06,139-root-INFO-启动谷歌游览器
2019-02-28 09:48:06,139-root-INFO-启动谷歌游览器
2019-02-28 09:48:08,592-root-INFO-打开：http://127.0.0.1/forum.php
2019-02-28 09:48:08,592-root-INFO-打开：http://127.0.0.1/forum.php
2019-02-28 09:48:10,154-root-INFO-窗口最大化
2019-02-28 09:48:10,154-root-INFO-窗口最大化
2019-02-28 09:48:10,163-root-INFO-等待10秒
2019-02-28 09:48:10,163-root-INFO-等待10秒
2019-02-28 09:48:10,930-root-INFO-send_keyadmin
2019-02-28 09:48:10,930-root-INFO-send_keyadmin
2019-02-28 09:48:11,463-root-INFO-send_key123321
2019-02-28 09:48:11,463-root-INFO-send_key123321
2019-02-28 09:48:11,886-root-INFO-click
2019-02-28 09:48:11,886-root-INFO-click
2019-02-28 09:48:15,065-root-INFO-click
2019-02-28 09:48:15,065-root-INFO-click
2019-02-28 09:48:15,518-root-INFO-send_key标题
2019-02-28 09:48:15,518-root-INFO-send_key标题
2019-02-28 09:48:16,097-root-INFO-send_keyaaaaaaaaaaaaaaaaaaaaaaaaaaaaa
2019-02-28 09:48:16,097-root-INFO-send_keyaaaaaaaaaaaaaaaaaaaaaaaaaaaaa
2019-02-28 09:48:17,557-root-INFO-click
2019-02-28 09:48:17,557-root-INFO-click
2019-02-28 09:48:18,295-root-INFO-get_windows_img
2019-02-28 09:48:18,295-root-INFO-get_windows_img
2019-02-28 09:48:18,661-root-INFO-click
2019-02-28 09:48:18,661-root-INFO-click
2019-02-28 09:48:20,097-root-INFO-send_keycdrhgkt3uygu5bgefrl
2019-02-28 09:48:20,097-root-INFO-send_keycdrhgkt3uygu5bgefrl
2019-02-28 09:48:21,173-root-INFO-click
2019-02-28 09:48:21,173-root-INFO-click
2019-02-28 09:48:23,073-root-INFO-click
2019-02-28 09:48:23,073-root-INFO-click
2019-02-28 09:48:25,518-root-INFO-你选择了Chrome游览器.
2019-02-28 09:48:25,518-root-INFO-你选择了Chrome游览器.
2019-02-28 09:48:25,519-root-INFO-测试URL是:http://127.0.0.1/forum.php
2019-02-28 09:48:25,519-root-INFO-测试URL是:http://127.0.0.1/forum.php
2019-02-28 09:48:31,943-root-INFO-启动谷歌游览器
2019-02-28 09:48:31,943-root-INFO-启动谷歌游览器
2019-02-28 09:48:33,403-root-INFO-打开：http://127.0.0.1/forum.php
2019-02-28 09:48:33,403-root-INFO-打开：http://127.0.0.1/forum.php
2019-02-28 09:48:34,617-root-INFO-窗口最大化
2019-02-28 09:48:34,617-root-INFO-窗口最大化
2019-02-28 09:48:34,623-root-INFO-等待10秒
2019-02-28 09:48:34,623-root-INFO-等待10秒
2019-02-28 09:48:34,960-root-INFO-send_keyadmin
2019-02-28 09:48:34,960-root-INFO-send_keyadmin
2019-02-28 09:48:35,216-root-INFO-send_key123321
2019-02-28 09:48:35,216-root-INFO-send_key123321
2019-02-28 09:48:35,422-root-INFO-click
2019-02-28 09:48:35,422-root-INFO-click
2019-02-28 09:48:37,580-root-INFO-click
2019-02-28 09:48:37,580-root-INFO-click
2019-02-28 09:48:37,888-root-INFO-click
2019-02-28 09:48:37,888-root-INFO-click
2019-02-28 09:48:38,463-root-INFO-click
2019-02-28 09:48:38,463-root-INFO-click
2019-02-28 09:48:39,076-root-INFO-click
2019-02-28 09:48:39,076-root-INFO-click
2019-02-28 09:48:39,418-root-INFO-click
2019-02-28 09:48:39,418-root-INFO-click
2019-02-28 09:48:51,029-root-INFO-<pageobjects.plate_management.Manage object at 0x0000000002F88EF0> page not found element('name', 'admin_password')元素
2019-02-28 09:48:51,029-root-INFO-<pageobjects.plate_management.Manage object at 0x0000000002F88EF0> page not found element('name', 'admin_password')元素
2019-02-28 09:48:51,031-root-INFO-not send_keys
2019-02-28 09:48:51,031-root-INFO-not send_keys
2019-02-28 09:49:01,561-root-INFO-<pageobjects.plate_management.Manage object at 0x0000000002F88EF0> page not found element('css selector', '.loginnofloat .btn')元素
2019-02-28 09:49:01,561-root-INFO-<pageobjects.plate_management.Manage object at 0x0000000002F88EF0> page not found element('css selector', '.loginnofloat .btn')元素
2019-02-28 09:49:01,562-root-INFO-not click
2019-02-28 09:49:01,562-root-INFO-not click
2019-02-28 09:49:02,973-root-INFO-click
2019-02-28 09:49:02,973-root-INFO-click
2019-02-28 09:49:04,144-root-INFO-click
2019-02-28 09:49:04,144-root-INFO-click
2019-02-28 09:49:05,351-root-INFO-click
2019-02-28 09:49:05,351-root-INFO-click
2019-02-28 09:49:06,824-root-INFO-click
2019-02-28 09:49:06,824-root-INFO-click
2019-02-28 09:49:10,122-root-INFO-send_keyaaa
2019-02-28 09:49:10,122-root-INFO-send_keyaaa
2019-02-28 09:49:10,652-root-INFO-send_key123321
2019-02-28 09:49:10,652-root-INFO-send_key123321
2019-02-28 09:49:11,005-root-INFO-click
2019-02-28 09:49:11,005-root-INFO-click
2019-02-28 09:49:21,587-root-INFO-<pageobjects.post.Post object at 0x0000000002F645F8> page not found element('css selector', '.fl_icn a')元素
2019-02-28 09:49:21,587-root-INFO-<pageobjects.post.Post object at 0x0000000002F645F8> page not found element('css selector', '.fl_icn a')元素
2019-02-28 09:49:21,588-root-INFO-not click
2019-02-28 09:49:21,588-root-INFO-not click
2019-02-28 09:49:22,201-root-INFO-send_key标题2
2019-02-28 09:49:22,201-root-INFO-send_key标题2
2019-02-28 09:49:22,912-root-INFO-send_keyssssssssss
2019-02-28 09:49:22,912-root-INFO-send_keyssssssssss
2019-02-28 09:49:25,927-root-INFO-click
2019-02-28 09:49:25,927-root-INFO-click
2019-02-28 09:49:26,429-root-INFO-get_windows_img
2019-02-28 09:49:26,429-root-INFO-get_windows_img
2019-02-28 09:49:26,691-root-INFO-click
2019-02-28 09:49:26,691-root-INFO-click
2019-02-28 09:49:27,430-root-INFO-send_keyZZZZZZZZZZZZZ
2019-02-28 09:49:27,430-root-INFO-send_keyZZZZZZZZZZZZZ
2019-02-28 09:49:27,993-root-INFO-click
2019-02-28 09:49:27,993-root-INFO-click
2019-02-28 09:49:30,509-root-INFO-你选择了Chrome游览器.
2019-02-28 09:49:30,509-root-INFO-你选择了Chrome游览器.
2019-02-28 09:49:30,510-root-INFO-测试URL是:http://127.0.0.1/forum.php
2019-02-28 09:49:30,510-root-INFO-测试URL是:http://127.0.0.1/forum.php
2019-02-28 09:49:36,801-root-INFO-启动谷歌游览器
2019-02-28 09:49:36,801-root-INFO-启动谷歌游览器
2019-02-28 09:49:38,231-root-INFO-打开：http://127.0.0.1/forum.php
2019-02-28 09:49:38,231-root-INFO-打开：http://127.0.0.1/forum.php
2019-02-28 09:49:39,513-root-INFO-窗口最大化
2019-02-28 09:49:39,513-root-INFO-窗口最大化
2019-02-28 09:49:39,525-root-INFO-等待10秒
2019-02-28 09:49:39,525-root-INFO-等待10秒
2019-02-28 09:49:40,169-root-INFO-send_keyaaa
2019-02-28 09:49:40,169-root-INFO-send_keyaaa
2019-02-28 09:49:40,627-root-INFO-send_key123321
2019-02-28 09:49:40,627-root-INFO-send_key123321
2019-02-28 09:49:40,984-root-INFO-click
2019-02-28 09:49:40,984-root-INFO-click
2019-02-28 09:49:43,223-root-INFO-send_keyhaotest
2019-02-28 09:49:43,223-root-INFO-send_keyhaotest
2019-02-28 09:49:43,771-root-INFO-click
2019-02-28 09:49:43,771-root-INFO-click
2019-02-28 09:49:45,568-root-INFO-click
2019-02-28 09:49:45,568-root-INFO-click
2019-02-28 09:49:48,093-root-INFO-click
2019-02-28 09:49:48,093-root-INFO-click
2019-02-28 17:47:48,313-root-INFO-你选择了Chrome游览器.
2019-02-28 17:47:48,313-root-INFO-你选择了Chrome游览器.
2019-02-28 17:47:48,314-root-INFO-测试URL是:http://127.0.0.1/forum.php
2019-02-28 17:47:48,314-root-INFO-测试URL是:http://127.0.0.1/forum.php
2019-02-28 17:47:54,120-root-INFO-启动谷歌游览器
2019-02-28 17:47:54,120-root-INFO-启动谷歌游览器
2019-02-28 17:47:56,595-root-INFO-打开：http://127.0.0.1/forum.php
2019-02-28 17:47:56,595-root-INFO-打开：http://127.0.0.1/forum.php
2019-02-28 17:47:57,809-root-INFO-窗口最大化
2019-02-28 17:47:57,809-root-INFO-窗口最大化
2019-02-28 17:47:57,851-root-INFO-等待10秒
2019-02-28 17:47:57,851-root-INFO-等待10秒
2019-02-28 17:47:58,755-root-INFO-send_keyadmin
2019-02-28 17:47:58,755-root-INFO-send_keyadmin
2019-02-28 17:47:59,570-root-INFO-send_key123321
2019-02-28 17:47:59,570-root-INFO-send_key123321
2019-02-28 17:48:00,165-root-INFO-click
2019-02-28 17:48:00,165-root-INFO-click
2019-02-28 17:48:04,720-root-INFO-click
2019-02-28 17:48:04,720-root-INFO-click
2019-02-28 17:48:05,345-root-INFO-send_key标题
2019-02-28 17:48:05,345-root-INFO-send_key标题
2019-02-28 17:48:06,155-root-INFO-send_keyaaaaaaaaaaaaaaaaaaaaaaaaaaaaa
2019-02-28 17:48:06,155-root-INFO-send_keyaaaaaaaaaaaaaaaaaaaaaaaaaaaaa
2019-02-28 17:48:07,957-root-INFO-click
2019-02-28 17:48:07,957-root-INFO-click
2019-02-28 17:48:08,441-root-INFO-get_windows_img
2019-02-28 17:48:08,441-root-INFO-get_windows_img
2019-02-28 17:48:09,035-root-INFO-click
2019-02-28 17:48:09,035-root-INFO-click
2019-02-28 17:48:10,586-root-INFO-send_keycdrhgkt3uygu5bgefrl
2019-02-28 17:48:10,586-root-INFO-send_keycdrhgkt3uygu5bgefrl
2019-02-28 17:48:12,051-root-INFO-click
2019-02-28 17:48:12,051-root-INFO-click
