2019-02-28 19:21:46,255-root-INFO-你选择了Chrome游览器.
2019-02-28 19:21:46,255-root-INFO-你选择了Chrome游览器.
2019-02-28 19:21:46,257-root-INFO-测试URL是:http://127.0.0.1/forum.php
2019-02-28 19:21:46,257-root-INFO-测试URL是:http://127.0.0.1/forum.php
2019-02-28 19:21:53,501-root-INFO-启动谷歌游览器
2019-02-28 19:21:53,501-root-INFO-启动谷歌游览器
2019-02-28 19:21:54,943-root-INFO-打开：http://127.0.0.1/forum.php
2019-02-28 19:21:54,943-root-INFO-打开：http://127.0.0.1/forum.php
2019-02-28 19:21:56,194-root-INFO-窗口最大化
2019-02-28 19:21:56,194-root-INFO-窗口最大化
2019-02-28 19:21:56,204-root-INFO-等待10秒
2019-02-28 19:21:56,204-root-INFO-等待10秒
2019-02-28 19:21:56,989-root-INFO-send_keyadmin
2019-02-28 19:21:56,989-root-INFO-send_keyadmin
2019-02-28 19:21:57,850-root-INFO-send_key123321
2019-02-28 19:21:57,850-root-INFO-send_key123321
2019-02-28 19:21:58,444-root-INFO-click
2019-02-28 19:21:58,444-root-INFO-click
2019-02-28 19:22:04,086-root-INFO-click
2019-02-28 19:22:04,086-root-INFO-click
2019-02-28 19:22:05,033-root-INFO-send_key标题
2019-02-28 19:22:05,033-root-INFO-send_key标题
2019-02-28 19:22:06,463-root-INFO-send_keyaaaaaaaaaaaaaaaaaaaaaaaaaaaaa
2019-02-28 19:22:06,463-root-INFO-send_keyaaaaaaaaaaaaaaaaaaaaaaaaaaaaa
2019-02-28 19:22:08,713-root-INFO-click
2019-02-28 19:22:08,713-root-INFO-click
2019-02-28 19:22:09,298-root-INFO-get_windows_img
2019-02-28 19:22:09,298-root-INFO-get_windows_img
2019-02-28 19:22:09,603-root-INFO-click
2019-02-28 19:22:09,603-root-INFO-click
2019-02-28 19:22:10,374-root-INFO-send_keycdrhgkt3uygu5bgefrl
2019-02-28 19:22:10,374-root-INFO-send_keycdrhgkt3uygu5bgefrl
2019-02-28 19:22:10,966-root-INFO-click
2019-02-28 19:22:10,966-root-INFO-click
2019-02-28 19:22:11,535-root-INFO-click
2019-02-28 19:22:11,535-root-INFO-click
