2019-02-28 19:46:34,699-root-INFO-你选择了Chrome游览器.
2019-02-28 19:46:34,699-root-INFO-你选择了Chrome游览器.
2019-02-28 19:46:34,701-root-INFO-测试URL是:http://127.0.0.1/forum.php
2019-02-28 19:46:34,701-root-INFO-测试URL是:http://127.0.0.1/forum.php
2019-02-28 19:46:42,267-root-INFO-启动谷歌游览器
2019-02-28 19:46:42,267-root-INFO-启动谷歌游览器
2019-02-28 19:46:43,666-root-INFO-打开：http://127.0.0.1/forum.php
2019-02-28 19:46:43,666-root-INFO-打开：http://127.0.0.1/forum.php
2019-02-28 19:46:44,966-root-INFO-窗口最大化
2019-02-28 19:46:44,966-root-INFO-窗口最大化
2019-02-28 19:46:44,990-root-INFO-等待10秒
2019-02-28 19:46:44,990-root-INFO-等待10秒
2019-02-28 19:46:45,732-root-INFO-send_keyadmin
2019-02-28 19:46:45,732-root-INFO-send_keyadmin
2019-02-28 19:46:46,534-root-INFO-send_key123321
2019-02-28 19:46:46,534-root-INFO-send_key123321
2019-02-28 19:46:47,165-root-INFO-click
2019-02-28 19:46:47,165-root-INFO-click
2019-02-28 19:46:50,938-root-INFO-click
2019-02-28 19:46:50,938-root-INFO-click
2019-02-28 19:46:51,473-root-INFO-click
2019-02-28 19:46:51,473-root-INFO-click
2019-02-28 19:46:52,213-root-INFO-click
2019-02-28 19:46:52,213-root-INFO-click
2019-02-28 19:46:53,234-root-INFO-click
2019-02-28 19:46:53,234-root-INFO-click
2019-02-28 19:46:53,667-root-INFO-click
2019-02-28 19:46:53,667-root-INFO-click
2019-02-28 19:47:05,465-root-ERROR-<pageobjects.plate_management.Manage object at 0x0000000003416A58> page not found element('name', 'admin_password')元素
2019-02-28 19:47:05,465-root-ERROR-<pageobjects.plate_management.Manage object at 0x0000000003416A58> page not found element('name', 'admin_password')元素
2019-02-28 19:47:05,466-root-ERROR-not send_keys
2019-02-28 19:47:05,466-root-ERROR-not send_keys
2019-02-28 19:47:16,021-root-ERROR-<pageobjects.plate_management.Manage object at 0x0000000003416A58> page not found element('css selector', '.loginnofloat .btn')元素
2019-02-28 19:47:16,021-root-ERROR-<pageobjects.plate_management.Manage object at 0x0000000003416A58> page not found element('css selector', '.loginnofloat .btn')元素
2019-02-28 19:47:16,022-root-ERROR-not click
2019-02-28 19:47:16,022-root-ERROR-not click
2019-02-28 19:47:16,992-root-INFO-click
2019-02-28 19:47:16,992-root-INFO-click
