2019-02-28 09:59:10,500-root-INFO-你选择了Chrome游览器.
2019-02-28 09:59:10,500-root-INFO-你选择了Chrome游览器.
2019-02-28 09:59:10,502-root-INFO-测试URL是:http://127.0.0.1/forum.php
2019-02-28 09:59:10,502-root-INFO-测试URL是:http://127.0.0.1/forum.php
2019-02-28 09:59:16,378-root-INFO-启动谷歌游览器
2019-02-28 09:59:16,378-root-INFO-启动谷歌游览器
2019-02-28 09:59:18,773-root-INFO-打开：http://127.0.0.1/forum.php
2019-02-28 09:59:18,773-root-INFO-打开：http://127.0.0.1/forum.php
2019-02-28 09:59:20,067-root-INFO-窗口最大化
2019-02-28 09:59:20,067-root-INFO-窗口最大化
2019-02-28 09:59:20,142-root-INFO-等待10秒
2019-02-28 09:59:20,142-root-INFO-等待10秒
2019-02-28 09:59:20,724-root-INFO-send_keyadmin
2019-02-28 09:59:20,724-root-INFO-send_keyadmin
2019-02-28 09:59:21,189-root-INFO-send_key123321
2019-02-28 09:59:21,189-root-INFO-send_key123321
2019-02-28 09:59:21,580-root-INFO-click
2019-02-28 09:59:21,580-root-INFO-click
2019-02-28 09:59:32,114-root-INFO-<pageobjects.post.Post object at 0x00000000033F49E8> page not found element('partial link text', '默认板块')元素
2019-02-28 09:59:32,114-root-INFO-<pageobjects.post.Post object at 0x00000000033F49E8> page not found element('partial link text', '默认板块')元素
2019-02-28 09:59:32,115-root-INFO-not click
2019-02-28 09:59:32,115-root-INFO-not click
2019-02-28 09:59:42,643-root-INFO-<pageobjects.delete.Delete object at 0x00000000034205C0> page not found element('css selector', '#threadlisttableid tbody:last-of-type .o')元素
2019-02-28 09:59:42,643-root-INFO-<pageobjects.delete.Delete object at 0x00000000034205C0> page not found element('css selector', '#threadlisttableid tbody:last-of-type .o')元素
2019-02-28 09:59:42,643-root-INFO-not click
2019-02-28 09:59:42,643-root-INFO-not click
2019-02-28 09:59:53,218-root-INFO-<pageobjects.delete.Delete object at 0x00000000034205C0> page not found element('partial link text', '删除')元素
2019-02-28 09:59:53,218-root-INFO-<pageobjects.delete.Delete object at 0x00000000034205C0> page not found element('partial link text', '删除')元素
2019-02-28 09:59:53,219-root-INFO-not click
2019-02-28 09:59:53,219-root-INFO-not click
2019-02-28 10:00:03,810-root-INFO-<pageobjects.delete.Delete object at 0x00000000034205C0> page not found element('css selector', 'table #moderateform #modsubmit')元素
2019-02-28 10:00:03,810-root-INFO-<pageobjects.delete.Delete object at 0x00000000034205C0> page not found element('css selector', 'table #moderateform #modsubmit')元素
2019-02-28 10:00:03,811-root-INFO-not click
2019-02-28 10:00:03,811-root-INFO-not click
2019-02-28 10:00:04,622-root-INFO-click
2019-02-28 10:00:04,622-root-INFO-click
2019-02-28 10:00:16,620-root-INFO-<pageobjects.plate_management.Manage object at 0x0000000003420860> page not found element('name', 'admin_password')元素
2019-02-28 10:00:16,620-root-INFO-<pageobjects.plate_management.Manage object at 0x0000000003420860> page not found element('name', 'admin_password')元素
2019-02-28 10:00:16,620-root-INFO-not send_keys
2019-02-28 10:00:16,620-root-INFO-not send_keys
2019-02-28 10:00:27,198-root-INFO-<pageobjects.plate_management.Manage object at 0x0000000003420860> page not found element('css selector', '.loginnofloat .btn')元素
2019-02-28 10:00:27,198-root-INFO-<pageobjects.plate_management.Manage object at 0x0000000003420860> page not found element('css selector', '.loginnofloat .btn')元素
2019-02-28 10:00:27,198-root-INFO-not click
2019-02-28 10:00:27,198-root-INFO-not click
2019-02-28 10:00:28,135-root-INFO-click
2019-02-28 10:00:28,135-root-INFO-click
2019-02-28 10:00:29,830-root-INFO-click
2019-02-28 10:00:29,830-root-INFO-click
2019-02-28 10:00:30,977-root-INFO-click
2019-02-28 10:00:30,977-root-INFO-click
2019-02-28 10:00:32,050-root-INFO-click
2019-02-28 10:00:32,050-root-INFO-click
2019-02-28 10:00:35,482-root-INFO-send_keyaaa
2019-02-28 10:00:35,482-root-INFO-send_keyaaa
2019-02-28 10:00:36,102-root-INFO-send_key123321
2019-02-28 10:00:36,102-root-INFO-send_key123321
2019-02-28 10:00:36,597-root-INFO-click
2019-02-28 10:00:36,597-root-INFO-click
2019-02-28 10:00:47,275-root-INFO-<pageobjects.post.Post object at 0x000000000340AFD0> page not found element('partial link text', '默认板块')元素
2019-02-28 10:00:47,275-root-INFO-<pageobjects.post.Post object at 0x000000000340AFD0> page not found element('partial link text', '默认板块')元素
2019-02-28 10:00:47,276-root-INFO-not click
2019-02-28 10:00:47,276-root-INFO-not click
2019-02-28 10:00:57,817-root-INFO-<pageobjects.post.Post object at 0x000000000340AFD0> page not found element('css selector', '#subject')元素
2019-02-28 10:00:57,817-root-INFO-<pageobjects.post.Post object at 0x000000000340AFD0> page not found element('css selector', '#subject')元素
2019-02-28 10:00:57,818-root-INFO-not send_keys
2019-02-28 10:00:57,818-root-INFO-not send_keys
2019-02-28 10:01:08,415-root-INFO-<pageobjects.post.Post object at 0x000000000340AFD0> page not found element('css selector', '#fastpostmessage')元素
2019-02-28 10:01:08,415-root-INFO-<pageobjects.post.Post object at 0x000000000340AFD0> page not found element('css selector', '#fastpostmessage')元素
2019-02-28 10:01:08,416-root-INFO-not send_keys
2019-02-28 10:01:08,416-root-INFO-not send_keys
2019-02-28 10:01:18,980-root-INFO-<pageobjects.post.Post object at 0x000000000340AFD0> page not found element('css selector', '#fastpostsubmit')元素
2019-02-28 10:01:18,980-root-INFO-<pageobjects.post.Post object at 0x000000000340AFD0> page not found element('css selector', '#fastpostsubmit')元素
2019-02-28 10:01:18,981-root-INFO-not click
2019-02-28 10:01:18,981-root-INFO-not click
2019-02-28 10:01:19,600-root-INFO-get_windows_img
2019-02-28 10:01:19,600-root-INFO-get_windows_img
2019-02-28 10:01:28,927-root-INFO-<pageobjects.reply.Reply object at 0x0000000003420828> page not found element('css selector', '#post_reply img')元素
2019-02-28 10:01:28,927-root-INFO-<pageobjects.reply.Reply object at 0x0000000003420828> page not found element('css selector', '#post_reply img')元素
2019-02-28 10:01:28,928-root-INFO-not click
2019-02-28 10:01:28,928-root-INFO-not click
2019-02-28 10:01:28,943-root-INFO-<pageobjects.reply.Reply object at 0x0000000003420828> page not found element('css selector', '.p_c .tedt .area textarea')元素
2019-02-28 10:01:28,943-root-INFO-<pageobjects.reply.Reply object at 0x0000000003420828> page not found element('css selector', '.p_c .tedt .area textarea')元素
2019-02-28 10:01:28,944-root-INFO-not send_keys
2019-02-28 10:01:28,944-root-INFO-not send_keys
2019-02-28 10:01:28,960-root-INFO-<pageobjects.reply.Reply object at 0x0000000003420828> page not found element('css selector', '#moreconf #postsubmit span')元素
2019-02-28 10:01:28,960-root-INFO-<pageobjects.reply.Reply object at 0x0000000003420828> page not found element('css selector', '#moreconf #postsubmit span')元素
2019-02-28 10:01:28,961-root-INFO-not click
2019-02-28 10:01:28,961-root-INFO-not click
