2019-02-28 17:39:12,278-root-INFO-你选择了Chrome游览器.
2019-02-28 17:39:12,278-root-INFO-你选择了Chrome游览器.
2019-02-28 17:39:12,280-root-INFO-测试URL是:http://127.0.0.1/forum.php
2019-02-28 17:39:12,280-root-INFO-测试URL是:http://127.0.0.1/forum.php
2019-02-28 17:39:18,573-root-INFO-启动谷歌游览器
2019-02-28 17:39:18,573-root-INFO-启动谷歌游览器
2019-02-28 17:39:19,829-root-INFO-打开：http://127.0.0.1/forum.php
2019-02-28 17:39:19,829-root-INFO-打开：http://127.0.0.1/forum.php
2019-02-28 17:39:21,178-root-INFO-窗口最大化
2019-02-28 17:39:21,178-root-INFO-窗口最大化
2019-02-28 17:39:21,197-root-INFO-等待10秒
2019-02-28 17:39:21,197-root-INFO-等待10秒
2019-02-28 17:39:21,873-root-INFO-send_keyadmin
2019-02-28 17:39:21,873-root-INFO-send_keyadmin
2019-02-28 17:39:22,505-root-INFO-send_key123321
2019-02-28 17:39:22,505-root-INFO-send_key123321
2019-02-28 17:39:23,017-root-INFO-click
2019-02-28 17:39:23,017-root-INFO-click
2019-02-28 17:39:27,801-root-INFO-click
2019-02-28 17:39:27,801-root-INFO-click
2019-02-28 17:39:28,495-root-INFO-send_key标题
2019-02-28 17:39:28,495-root-INFO-send_key标题
2019-02-28 17:39:29,250-root-INFO-send_keyaaaaaaaaaaaaaaaaaaaaaaaaaaaaa
2019-02-28 17:39:29,250-root-INFO-send_keyaaaaaaaaaaaaaaaaaaaaaaaaaaaaa
2019-02-28 17:39:31,496-root-INFO-click
2019-02-28 17:39:31,496-root-INFO-click
2019-02-28 17:39:32,023-root-INFO-get_windows_img
2019-02-28 17:39:32,023-root-INFO-get_windows_img
2019-02-28 17:39:32,310-root-INFO-click
2019-02-28 17:39:32,310-root-INFO-click
2019-02-28 17:39:32,914-root-INFO-send_keycdrhgkt3uygu5bgefrl
2019-02-28 17:39:32,914-root-INFO-send_keycdrhgkt3uygu5bgefrl
2019-02-28 17:39:33,472-root-INFO-click
2019-02-28 17:39:33,472-root-INFO-click
