2019-03-05 09:46:52,849-root-INFO-你选择了Chrome游览器.
2019-03-05 09:46:52,849-root-INFO-你选择了Chrome游览器.
2019-03-05 09:46:52,865-root-INFO-测试URL是:http://127.0.0.1/forum.php
2019-03-05 09:46:52,865-root-INFO-测试URL是:http://127.0.0.1/forum.php
2019-03-05 09:46:58,913-root-INFO-启动谷歌游览器
2019-03-05 09:46:58,913-root-INFO-启动谷歌游览器
2019-03-05 09:47:00,435-root-INFO-打开：http://127.0.0.1/forum.php
2019-03-05 09:47:00,435-root-INFO-打开：http://127.0.0.1/forum.php
2019-03-05 09:47:01,696-root-INFO-窗口最大化
2019-03-05 09:47:01,696-root-INFO-窗口最大化
2019-03-05 09:47:01,732-root-INFO-等待10秒
2019-03-05 09:47:01,732-root-INFO-等待10秒
2019-03-05 09:47:02,275-root-INFO-send_keyaaa
2019-03-05 09:47:02,275-root-INFO-send_keyaaa
2019-03-05 09:47:02,786-root-INFO-send_key123321
2019-03-05 09:47:02,786-root-INFO-send_key123321
2019-03-05 09:47:03,288-root-INFO-click
2019-03-05 09:47:03,288-root-INFO-click
2019-03-05 09:47:07,297-root-INFO-click
2019-03-05 09:47:07,297-root-INFO-click
2019-03-05 09:47:08,716-root-INFO-click
2019-03-05 09:47:08,716-root-INFO-click
2019-03-05 09:47:10,404-root-INFO-click
2019-03-05 09:47:10,404-root-INFO-click
2019-03-05 09:47:10,890-root-INFO-send_key应该去吗？
2019-03-05 09:47:10,890-root-INFO-send_key应该去吗？
2019-03-05 09:47:11,210-root-INFO-send_key同意
2019-03-05 09:47:11,210-root-INFO-send_key同意
2019-03-05 09:47:11,529-root-INFO-send_key不同意
2019-03-05 09:47:11,529-root-INFO-send_key不同意
2019-03-05 09:47:11,944-root-INFO-send_key中立
2019-03-05 09:47:11,944-root-INFO-send_key中立
2019-03-05 09:47:12,519-root-INFO-click
2019-03-05 09:47:12,519-root-INFO-click
2019-03-05 09:47:14,405-root-INFO-click
2019-03-05 09:47:14,405-root-INFO-click
2019-03-05 09:47:16,199-root-INFO-click
2019-03-05 09:47:16,199-root-INFO-click
2019-03-05 09:47:20,272-root-INFO-你选择了Chrome游览器.
2019-03-05 09:47:20,272-root-INFO-你选择了Chrome游览器.
2019-03-05 09:47:20,272-root-INFO-测试URL是:http://127.0.0.1/forum.php
2019-03-05 09:47:20,272-root-INFO-测试URL是:http://127.0.0.1/forum.php
2019-03-05 09:47:25,769-root-INFO-启动谷歌游览器
2019-03-05 09:47:25,769-root-INFO-启动谷歌游览器
2019-03-05 09:47:27,277-root-INFO-打开：http://127.0.0.1/forum.php
2019-03-05 09:47:27,277-root-INFO-打开：http://127.0.0.1/forum.php
2019-03-05 09:47:28,503-root-INFO-窗口最大化
2019-03-05 09:47:28,503-root-INFO-窗口最大化
2019-03-05 09:47:28,532-root-INFO-等待10秒
2019-03-05 09:47:28,532-root-INFO-等待10秒
2019-03-05 09:47:29,046-root-INFO-send_keyadmin
2019-03-05 09:47:29,046-root-INFO-send_keyadmin
2019-03-05 09:47:29,500-root-INFO-send_key123321
2019-03-05 09:47:29,500-root-INFO-send_key123321
2019-03-05 09:47:29,824-root-INFO-click
2019-03-05 09:47:29,824-root-INFO-click
2019-03-05 09:47:34,333-root-INFO-click
2019-03-05 09:47:34,333-root-INFO-click
2019-03-05 09:47:34,648-root-INFO-send_key标题
2019-03-05 09:47:34,648-root-INFO-send_key标题
2019-03-05 09:47:35,009-root-INFO-send_keyaaaaaaaaaaaaaaaaaaaaaaaaaaaaa
2019-03-05 09:47:35,009-root-INFO-send_keyaaaaaaaaaaaaaaaaaaaaaaaaaaaaa
2019-03-05 09:47:36,530-root-INFO-click
2019-03-05 09:47:36,530-root-INFO-click
2019-03-05 09:47:36,836-root-INFO-get_windows_img
2019-03-05 09:47:36,836-root-INFO-get_windows_img
2019-03-05 09:47:36,957-root-INFO-click
2019-03-05 09:47:36,957-root-INFO-click
2019-03-05 09:47:37,279-root-INFO-send_keycdrhgkt3uygu5bgefrl
2019-03-05 09:47:37,279-root-INFO-send_keycdrhgkt3uygu5bgefrl
2019-03-05 09:47:37,611-root-INFO-click
2019-03-05 09:47:37,611-root-INFO-click
2019-03-05 09:47:38,063-root-INFO-click
2019-03-05 09:47:38,063-root-INFO-click
2019-03-05 09:47:40,217-root-INFO-你选择了Chrome游览器.
2019-03-05 09:47:40,217-root-INFO-你选择了Chrome游览器.
2019-03-05 09:47:40,217-root-INFO-测试URL是:http://127.0.0.1/forum.php
2019-03-05 09:47:40,217-root-INFO-测试URL是:http://127.0.0.1/forum.php
2019-03-05 09:47:44,635-root-INFO-启动谷歌游览器
2019-03-05 09:47:44,635-root-INFO-启动谷歌游览器
2019-03-05 09:47:45,963-root-INFO-打开：http://127.0.0.1/forum.php
2019-03-05 09:47:45,963-root-INFO-打开：http://127.0.0.1/forum.php
2019-03-05 09:47:47,191-root-INFO-窗口最大化
2019-03-05 09:47:47,191-root-INFO-窗口最大化
2019-03-05 09:47:47,214-root-INFO-等待10秒
2019-03-05 09:47:47,214-root-INFO-等待10秒
2019-03-05 09:47:47,826-root-INFO-send_keyaaa
2019-03-05 09:47:47,826-root-INFO-send_keyaaa
2019-03-05 09:47:48,301-root-INFO-send_key123321
2019-03-05 09:47:48,301-root-INFO-send_key123321
2019-03-05 09:47:48,918-root-INFO-click
2019-03-05 09:47:48,918-root-INFO-click
2019-03-05 09:47:50,317-root-INFO-send_keyhaotest
2019-03-05 09:47:50,317-root-INFO-send_keyhaotest
2019-03-05 09:47:50,619-root-INFO-click
2019-03-05 09:47:50,619-root-INFO-click
2019-03-05 09:47:52,537-root-INFO-click
2019-03-05 09:47:52,537-root-INFO-click
2019-03-05 09:47:54,934-root-INFO-click
2019-03-05 09:47:54,934-root-INFO-click
2019-03-05 09:47:57,243-root-INFO-你选择了Chrome游览器.
2019-03-05 09:47:57,243-root-INFO-你选择了Chrome游览器.
2019-03-05 09:47:57,243-root-INFO-测试URL是:http://127.0.0.1/forum.php
2019-03-05 09:47:57,243-root-INFO-测试URL是:http://127.0.0.1/forum.php
2019-03-05 09:48:02,389-root-INFO-启动谷歌游览器
2019-03-05 09:48:02,389-root-INFO-启动谷歌游览器
2019-03-05 09:48:04,377-root-INFO-打开：http://127.0.0.1/forum.php
2019-03-05 09:48:04,377-root-INFO-打开：http://127.0.0.1/forum.php
2019-03-05 09:48:05,695-root-INFO-窗口最大化
2019-03-05 09:48:05,695-root-INFO-窗口最大化
2019-03-05 09:48:05,709-root-INFO-等待10秒
2019-03-05 09:48:05,709-root-INFO-等待10秒
2019-03-05 09:48:06,353-root-INFO-send_keyadmin
2019-03-05 09:48:06,353-root-INFO-send_keyadmin
2019-03-05 09:48:06,858-root-INFO-send_key123321
2019-03-05 09:48:06,858-root-INFO-send_key123321
2019-03-05 09:48:07,190-root-INFO-click
2019-03-05 09:48:07,190-root-INFO-click
2019-03-05 09:48:10,860-root-INFO-click
2019-03-05 09:48:10,860-root-INFO-click
2019-03-05 09:48:11,347-root-INFO-click
2019-03-05 09:48:11,347-root-INFO-click
2019-03-05 09:48:12,153-root-INFO-click
2019-03-05 09:48:12,153-root-INFO-click
2019-03-05 09:48:13,882-root-INFO-click
2019-03-05 09:48:13,882-root-INFO-click
2019-03-05 09:48:14,703-root-INFO-click
2019-03-05 09:48:14,703-root-INFO-click
2019-03-05 09:48:26,719-root-ERROR-<pageobjects.page_plate_management.Manage object at 0x000000000343E160> page not found element('name', 'admin_password')元素
2019-03-05 09:48:26,719-root-ERROR-<pageobjects.page_plate_management.Manage object at 0x000000000343E160> page not found element('name', 'admin_password')元素
2019-03-05 09:48:26,724-root-ERROR-not send_keys
2019-03-05 09:48:26,724-root-ERROR-not send_keys
2019-03-05 09:48:37,247-root-ERROR-<pageobjects.page_plate_management.Manage object at 0x000000000343E160> page not found element('css selector', '.loginnofloat .btn')元素
2019-03-05 09:48:37,247-root-ERROR-<pageobjects.page_plate_management.Manage object at 0x000000000343E160> page not found element('css selector', '.loginnofloat .btn')元素
2019-03-05 09:48:37,250-root-ERROR-not click
2019-03-05 09:48:37,250-root-ERROR-not click
2019-03-05 09:48:37,899-root-INFO-click
2019-03-05 09:48:37,899-root-INFO-click
2019-03-05 09:48:39,477-root-INFO-click
2019-03-05 09:48:39,477-root-INFO-click
2019-03-05 09:48:40,493-root-INFO-click
2019-03-05 09:48:40,493-root-INFO-click
2019-03-05 09:48:41,696-root-INFO-click
2019-03-05 09:48:41,696-root-INFO-click
2019-03-05 09:48:44,796-root-INFO-send_keyaaa
2019-03-05 09:48:44,796-root-INFO-send_keyaaa
2019-03-05 09:48:45,243-root-INFO-send_key123321
2019-03-05 09:48:45,243-root-INFO-send_key123321
2019-03-05 09:48:45,612-root-INFO-click
2019-03-05 09:48:45,612-root-INFO-click
2019-03-05 09:48:48,390-root-INFO-send_key标题2
2019-03-05 09:48:48,390-root-INFO-send_key标题2
2019-03-05 09:48:48,973-root-INFO-send_keyssssssssss
2019-03-05 09:48:48,973-root-INFO-send_keyssssssssss
2019-03-05 09:48:51,236-root-INFO-click
2019-03-05 09:48:51,236-root-INFO-click
2019-03-05 09:48:51,833-root-INFO-get_windows_img
2019-03-05 09:48:51,833-root-INFO-get_windows_img
2019-03-05 09:48:52,158-root-INFO-click
2019-03-05 09:48:52,158-root-INFO-click
2019-03-05 09:48:53,147-root-INFO-send_keyZZZZZZZZZZZZZ
2019-03-05 09:48:53,147-root-INFO-send_keyZZZZZZZZZZZZZ
2019-03-05 09:48:54,013-root-INFO-click
2019-03-05 09:48:54,013-root-INFO-click
