2019-02-28 09:19:55,128-root-INFO-你选择了Chrome游览器.
2019-02-28 09:19:55,128-root-INFO-你选择了Chrome游览器.
2019-02-28 09:19:55,129-root-INFO-测试URL是:http://127.0.0.1/forum.php
2019-02-28 09:19:55,129-root-INFO-测试URL是:http://127.0.0.1/forum.php
2019-02-28 09:20:00,413-root-INFO-启动谷歌游览器
2019-02-28 09:20:00,413-root-INFO-启动谷歌游览器
2019-02-28 09:20:01,773-root-INFO-打开：http://127.0.0.1/forum.php
2019-02-28 09:20:01,773-root-INFO-打开：http://127.0.0.1/forum.php
2019-02-28 09:20:03,115-root-INFO-窗口最大化
2019-02-28 09:20:03,115-root-INFO-窗口最大化
2019-02-28 09:20:03,170-root-INFO-等待10秒
2019-02-28 09:20:03,170-root-INFO-等待10秒
2019-02-28 09:20:04,041-root-INFO-send_keyadmin
2019-02-28 09:20:04,041-root-INFO-send_keyadmin
2019-02-28 09:20:04,656-root-INFO-send_key123321
2019-02-28 09:20:04,656-root-INFO-send_key123321
2019-02-28 09:20:04,949-root-INFO-click
2019-02-28 09:20:04,949-root-INFO-click
2019-02-28 09:20:07,649-root-INFO-click
2019-02-28 09:20:07,649-root-INFO-click
2019-02-28 09:20:08,012-root-INFO-click
2019-02-28 09:20:08,012-root-INFO-click
2019-02-28 09:20:08,672-root-INFO-click
2019-02-28 09:20:08,672-root-INFO-click
2019-02-28 09:20:10,563-root-INFO-click
2019-02-28 09:20:10,563-root-INFO-click
2019-02-28 09:20:11,446-root-INFO-click
2019-02-28 09:20:11,446-root-INFO-click
2019-02-28 09:20:23,170-root-INFO-<pageobjects.plate_management.Manage object at 0x000000000340AB70> page not found element('name', 'admin_password')元素
2019-02-28 09:20:23,170-root-INFO-<pageobjects.plate_management.Manage object at 0x000000000340AB70> page not found element('name', 'admin_password')元素
2019-02-28 09:20:23,171-root-INFO-not send_keys
2019-02-28 09:20:23,171-root-INFO-not send_keys
2019-02-28 09:20:23,935-root-INFO-<pageobjects.plate_management.Manage object at 0x000000000340AB70> page not found element('css selector', '.loginnofloat .btn')元素
2019-02-28 09:20:23,935-root-INFO-<pageobjects.plate_management.Manage object at 0x000000000340AB70> page not found element('css selector', '.loginnofloat .btn')元素
2019-02-28 09:20:23,937-root-INFO-not click
2019-02-28 09:20:23,937-root-INFO-not click
2019-02-28 09:20:23,950-root-INFO-<pageobjects.plate_management.Manage object at 0x000000000340AB70> page not found element('partial link text', '论坛')元素
2019-02-28 09:20:23,950-root-INFO-<pageobjects.plate_management.Manage object at 0x000000000340AB70> page not found element('partial link text', '论坛')元素
2019-02-28 09:20:23,951-root-INFO-not click
2019-02-28 09:20:23,951-root-INFO-not click
2019-02-28 09:20:23,962-root-INFO-<pageobjects.new_plate.New_plate object at 0x0000000003420588> page not found element('tag name', 'iframe')元素
2019-02-28 09:20:23,962-root-INFO-<pageobjects.new_plate.New_plate object at 0x0000000003420588> page not found element('tag name', 'iframe')元素
2019-02-28 10:19:54,358-root-INFO-你选择了Chrome游览器.
2019-02-28 10:19:54,358-root-INFO-你选择了Chrome游览器.
2019-02-28 10:19:54,360-root-INFO-测试URL是:http://127.0.0.1/forum.php
2019-02-28 10:19:54,360-root-INFO-测试URL是:http://127.0.0.1/forum.php
2019-02-28 10:20:00,408-root-INFO-启动谷歌游览器
2019-02-28 10:20:00,408-root-INFO-启动谷歌游览器
2019-02-28 10:20:02,138-root-INFO-打开：http://127.0.0.1/forum.php
2019-02-28 10:20:02,138-root-INFO-打开：http://127.0.0.1/forum.php
2019-02-28 10:20:03,349-root-INFO-窗口最大化
2019-02-28 10:20:03,349-root-INFO-窗口最大化
2019-02-28 10:20:03,353-root-INFO-等待10秒
2019-02-28 10:20:03,353-root-INFO-等待10秒
2019-02-28 10:20:03,630-root-INFO-send_keyadmin
2019-02-28 10:20:03,630-root-INFO-send_keyadmin
2019-02-28 10:20:03,941-root-INFO-send_key123321
2019-02-28 10:20:03,941-root-INFO-send_key123321
2019-02-28 10:20:04,127-root-INFO-click
2019-02-28 10:20:04,127-root-INFO-click
2019-02-28 10:20:07,751-root-INFO-click
2019-02-28 10:20:07,751-root-INFO-click
2019-02-28 10:20:08,373-root-INFO-click
2019-02-28 10:20:08,373-root-INFO-click
2019-02-28 10:20:09,712-root-INFO-click
2019-02-28 10:20:09,712-root-INFO-click
2019-02-28 10:20:11,221-root-INFO-click
2019-02-28 10:20:11,221-root-INFO-click
2019-02-28 10:20:12,086-root-INFO-click
2019-02-28 10:20:12,086-root-INFO-click
2019-02-28 10:20:24,097-root-ERROR-<pageobjects.plate_management.Manage object at 0x0000000003351A90> page not found element('name', 'admin_password')元素
2019-02-28 10:20:24,097-root-ERROR-<pageobjects.plate_management.Manage object at 0x0000000003351A90> page not found element('name', 'admin_password')元素
2019-02-28 10:20:24,099-root-ERROR-not send_keys
2019-02-28 10:20:24,099-root-ERROR-not send_keys
2019-02-28 10:20:34,662-root-ERROR-<pageobjects.plate_management.Manage object at 0x0000000003351A90> page not found element('css selector', '.loginnofloat .btn')元素
2019-02-28 10:20:34,662-root-ERROR-<pageobjects.plate_management.Manage object at 0x0000000003351A90> page not found element('css selector', '.loginnofloat .btn')元素
2019-02-28 10:20:34,663-root-ERROR-not click
2019-02-28 10:20:34,663-root-ERROR-not click
2019-02-28 10:20:35,356-root-INFO-click
2019-02-28 10:20:35,356-root-INFO-click
2019-02-28 10:20:37,114-root-INFO-click
2019-02-28 10:20:37,114-root-INFO-click
2019-02-28 10:20:38,300-root-INFO-click
2019-02-28 10:20:38,300-root-INFO-click
2019-02-28 10:20:39,633-root-INFO-click
2019-02-28 10:20:39,633-root-INFO-click
2019-02-28 10:20:42,788-root-INFO-send_keyaaa
2019-02-28 10:20:42,788-root-INFO-send_keyaaa
2019-02-28 10:20:43,202-root-INFO-send_key123321
2019-02-28 10:20:43,202-root-INFO-send_key123321
2019-02-28 10:20:43,523-root-INFO-click
2019-02-28 10:20:43,523-root-INFO-click
2019-02-28 10:20:46,021-root-INFO-send_key标题2
2019-02-28 10:20:46,021-root-INFO-send_key标题2
2019-02-28 10:20:46,651-root-INFO-send_keyssssssssss
2019-02-28 10:20:46,651-root-INFO-send_keyssssssssss
2019-02-28 10:21:09,755-root-INFO-click
2019-02-28 10:21:09,755-root-INFO-click
2019-02-28 10:21:10,373-root-INFO-get_windows_img
2019-02-28 10:21:10,373-root-INFO-get_windows_img
2019-02-28 10:21:10,882-root-INFO-click
2019-02-28 10:21:10,882-root-INFO-click
2019-02-28 10:21:12,261-root-INFO-send_keyZZZZZZZZZZZZZ
2019-02-28 10:21:12,261-root-INFO-send_keyZZZZZZZZZZZZZ
2019-02-28 10:21:13,620-root-INFO-click
2019-02-28 10:21:13,620-root-INFO-click
2019-02-28 17:19:47,086-root-INFO-你选择了Chrome游览器.
2019-02-28 17:19:47,086-root-INFO-你选择了Chrome游览器.
2019-02-28 17:19:47,087-root-INFO-测试URL是:http://127.0.0.1/forum.php
2019-02-28 17:19:47,087-root-INFO-测试URL是:http://127.0.0.1/forum.php
2019-02-28 17:19:52,927-root-INFO-启动谷歌游览器
2019-02-28 17:19:52,927-root-INFO-启动谷歌游览器
2019-02-28 17:19:55,236-root-INFO-打开：http://127.0.0.1/forum.php
2019-02-28 17:19:55,236-root-INFO-打开：http://127.0.0.1/forum.php
2019-02-28 17:19:56,568-root-INFO-窗口最大化
2019-02-28 17:19:56,568-root-INFO-窗口最大化
2019-02-28 17:19:56,576-root-INFO-等待10秒
2019-02-28 17:19:56,576-root-INFO-等待10秒
2019-02-28 17:19:57,039-root-INFO-send_keyadmin
2019-02-28 17:19:57,039-root-INFO-send_keyadmin
2019-02-28 17:19:57,436-root-INFO-send_key123321
2019-02-28 17:19:57,436-root-INFO-send_key123321
2019-02-28 17:19:57,741-root-INFO-click
2019-02-28 17:19:57,741-root-INFO-click
2019-02-28 19:19:06,732-root-INFO-你选择了Chrome游览器.
2019-02-28 19:19:06,732-root-INFO-你选择了Chrome游览器.
2019-02-28 19:19:06,733-root-INFO-测试URL是:http://127.0.0.1/forum.php
2019-02-28 19:19:06,733-root-INFO-测试URL是:http://127.0.0.1/forum.php
2019-02-28 19:19:13,354-root-INFO-启动谷歌游览器
2019-02-28 19:19:13,354-root-INFO-启动谷歌游览器
2019-02-28 19:19:14,753-root-INFO-打开：http://127.0.0.1/forum.php
2019-02-28 19:19:14,753-root-INFO-打开：http://127.0.0.1/forum.php
2019-02-28 19:19:15,978-root-INFO-窗口最大化
2019-02-28 19:19:15,978-root-INFO-窗口最大化
2019-02-28 19:19:16,000-root-INFO-等待10秒
2019-02-28 19:19:16,000-root-INFO-等待10秒
2019-02-28 19:19:16,779-root-INFO-send_keyadmin
2019-02-28 19:19:16,779-root-INFO-send_keyadmin
2019-02-28 19:19:17,562-root-INFO-send_key123321
2019-02-28 19:19:17,562-root-INFO-send_key123321
2019-02-28 19:19:18,172-root-INFO-click
2019-02-28 19:19:18,172-root-INFO-click
2019-02-28 19:19:22,234-root-INFO-click
2019-02-28 19:19:22,234-root-INFO-click
2019-02-28 19:19:22,792-root-INFO-send_key标题
2019-02-28 19:19:22,792-root-INFO-send_key标题
2019-02-28 19:19:23,531-root-INFO-send_keyaaaaaaaaaaaaaaaaaaaaaaaaaaaaa
2019-02-28 19:19:23,531-root-INFO-send_keyaaaaaaaaaaaaaaaaaaaaaaaaaaaaa
2019-02-28 19:19:26,765-root-INFO-click
2019-02-28 19:19:26,765-root-INFO-click
2019-02-28 19:19:27,658-root-INFO-get_windows_img
2019-02-28 19:19:27,658-root-INFO-get_windows_img
2019-02-28 19:19:28,176-root-INFO-click
2019-02-28 19:19:28,176-root-INFO-click
2019-02-28 19:19:29,373-root-INFO-send_keycdrhgkt3uygu5bgefrl
2019-02-28 19:19:29,373-root-INFO-send_keycdrhgkt3uygu5bgefrl
2019-02-28 19:19:30,761-root-INFO-click
2019-02-28 19:19:30,761-root-INFO-click
2019-02-28 19:19:32,146-root-INFO-click
2019-02-28 19:19:32,146-root-INFO-click
