2019-03-05 09:10:41,841-root-INFO-你选择了Chrome游览器.
2019-03-05 09:10:41,841-root-INFO-你选择了Chrome游览器.
2019-03-05 09:10:41,841-root-INFO-测试URL是:http://127.0.0.1/forum.php
2019-03-05 09:10:41,841-root-INFO-测试URL是:http://127.0.0.1/forum.php
2019-03-05 09:10:53,243-root-INFO-启动谷歌游览器
2019-03-05 09:10:53,243-root-INFO-启动谷歌游览器
2019-03-05 09:10:57,383-root-INFO-打开：http://127.0.0.1/forum.php
2019-03-05 09:10:57,383-root-INFO-打开：http://127.0.0.1/forum.php
2019-03-05 09:10:58,598-root-INFO-窗口最大化
2019-03-05 09:10:58,598-root-INFO-窗口最大化
2019-03-05 09:10:58,636-root-INFO-等待10秒
2019-03-05 09:10:58,636-root-INFO-等待10秒
2019-03-05 09:10:59,033-root-INFO-send_keyaaa
2019-03-05 09:10:59,033-root-INFO-send_keyaaa
2019-03-05 09:10:59,370-root-INFO-send_key123321
2019-03-05 09:10:59,370-root-INFO-send_key123321
2019-03-05 09:10:59,635-root-INFO-click
2019-03-05 09:10:59,635-root-INFO-click
2019-03-05 09:11:00,260-root-ERROR-<pageobjects.page_toupiao.Tou object at 0x000000000336E518> page not found element('css selector', '.fl_icn a')元素
2019-03-05 09:11:00,260-root-ERROR-<pageobjects.page_toupiao.Tou object at 0x000000000336E518> page not found element('css selector', '.fl_icn a')元素
2019-03-05 09:11:00,275-root-ERROR-not click
2019-03-05 09:11:00,275-root-ERROR-not click
2019-03-05 09:11:00,291-root-ERROR-<pageobjects.page_toupiao.Tou object at 0x000000000336E518> page not found element('css selector', '#pgt a img')元素
2019-03-05 09:11:00,291-root-ERROR-<pageobjects.page_toupiao.Tou object at 0x000000000336E518> page not found element('css selector', '#pgt a img')元素
2019-03-05 09:11:00,291-root-ERROR-not click
2019-03-05 09:11:00,291-root-ERROR-not click
2019-03-05 09:11:00,307-root-ERROR-<pageobjects.page_toupiao.Tou object at 0x000000000336E518> page not found element('partial link text', '发起投票')元素
2019-03-05 09:11:00,307-root-ERROR-<pageobjects.page_toupiao.Tou object at 0x000000000336E518> page not found element('partial link text', '发起投票')元素
2019-03-05 09:11:00,307-root-ERROR-not click
2019-03-05 09:11:00,307-root-ERROR-not click
2019-03-05 09:11:00,322-root-ERROR-<pageobjects.page_toupiao.Tou object at 0x000000000336E518> page not found element('css selector', '#subject')元素
2019-03-05 09:11:00,322-root-ERROR-<pageobjects.page_toupiao.Tou object at 0x000000000336E518> page not found element('css selector', '#subject')元素
2019-03-05 09:11:00,322-root-ERROR-not send_keys
2019-03-05 09:11:00,322-root-ERROR-not send_keys
2019-03-05 09:11:00,338-root-ERROR-<pageobjects.page_toupiao.Tou object at 0x000000000336E518> page not found element('xpath', "//div[@id='pollm_c_1']/p[1]/input")元素
2019-03-05 09:11:00,338-root-ERROR-<pageobjects.page_toupiao.Tou object at 0x000000000336E518> page not found element('xpath', "//div[@id='pollm_c_1']/p[1]/input")元素
2019-03-05 09:11:00,338-root-ERROR-not send_keys
2019-03-05 09:11:00,338-root-ERROR-not send_keys
2019-03-05 09:11:00,353-root-ERROR-<pageobjects.page_toupiao.Tou object at 0x000000000336E518> page not found element('xpath', "//div[@id='pollm_c_1']/p[2]/input")元素
2019-03-05 09:11:00,353-root-ERROR-<pageobjects.page_toupiao.Tou object at 0x000000000336E518> page not found element('xpath', "//div[@id='pollm_c_1']/p[2]/input")元素
2019-03-05 09:11:00,369-root-ERROR-not send_keys
2019-03-05 09:11:00,369-root-ERROR-not send_keys
2019-03-05 09:11:00,385-root-ERROR-<pageobjects.page_toupiao.Tou object at 0x000000000336E518> page not found element('xpath', "//div[@id='pollm_c_1']/p[3]/input")元素
2019-03-05 09:11:00,385-root-ERROR-<pageobjects.page_toupiao.Tou object at 0x000000000336E518> page not found element('xpath', "//div[@id='pollm_c_1']/p[3]/input")元素
2019-03-05 09:11:00,385-root-ERROR-not send_keys
2019-03-05 09:11:00,385-root-ERROR-not send_keys
2019-03-05 09:11:00,400-root-ERROR-<pageobjects.page_toupiao.Tou object at 0x000000000336E518> page not found element('name', 'topicsubmit')元素
2019-03-05 09:11:00,400-root-ERROR-<pageobjects.page_toupiao.Tou object at 0x000000000336E518> page not found element('name', 'topicsubmit')元素
2019-03-05 09:11:00,416-root-ERROR-not click
2019-03-05 09:11:00,416-root-ERROR-not click
