2019-02-28 17:41:57,023-root-INFO-你选择了Chrome游览器.
2019-02-28 17:41:57,023-root-INFO-你选择了Chrome游览器.
2019-02-28 17:41:57,024-root-INFO-测试URL是:http://127.0.0.1/forum.php
2019-02-28 17:41:57,024-root-INFO-测试URL是:http://127.0.0.1/forum.php
2019-02-28 17:42:02,427-root-INFO-启动谷歌游览器
2019-02-28 17:42:02,427-root-INFO-启动谷歌游览器
2019-02-28 17:42:03,646-root-INFO-打开：http://127.0.0.1/forum.php
2019-02-28 17:42:03,646-root-INFO-打开：http://127.0.0.1/forum.php
2019-02-28 17:42:04,924-root-INFO-窗口最大化
2019-02-28 17:42:04,924-root-INFO-窗口最大化
2019-02-28 17:42:04,933-root-INFO-等待10秒
2019-02-28 17:42:04,933-root-INFO-等待10秒
2019-02-28 17:42:05,633-root-INFO-send_keyadmin
2019-02-28 17:42:05,633-root-INFO-send_keyadmin
2019-02-28 17:42:06,628-root-INFO-send_key123321
2019-02-28 17:42:06,628-root-INFO-send_key123321
2019-02-28 17:42:07,057-root-INFO-click
2019-02-28 17:42:07,057-root-INFO-click
2019-02-28 17:42:10,190-root-INFO-click
2019-02-28 17:42:10,190-root-INFO-click
2019-02-28 17:42:10,746-root-INFO-send_key标题
2019-02-28 17:42:10,746-root-INFO-send_key标题
2019-02-28 17:42:11,298-root-INFO-send_keyaaaaaaaaaaaaaaaaaaaaaaaaaaaaa
2019-02-28 17:42:11,298-root-INFO-send_keyaaaaaaaaaaaaaaaaaaaaaaaaaaaaa
2019-02-28 17:42:13,940-root-INFO-click
2019-02-28 17:42:13,940-root-INFO-click
2019-02-28 17:42:14,584-root-INFO-get_windows_img
2019-02-28 17:42:14,584-root-INFO-get_windows_img
2019-02-28 17:42:15,073-root-INFO-click
2019-02-28 17:42:15,073-root-INFO-click
2019-02-28 17:42:16,718-root-INFO-send_keycdrhgkt3uygu5bgefrl
2019-02-28 17:42:16,718-root-INFO-send_keycdrhgkt3uygu5bgefrl
2019-02-28 17:42:17,714-root-INFO-click
2019-02-28 17:42:17,714-root-INFO-click
2019-02-28 19:41:27,880-root-INFO-你选择了Chrome游览器.
2019-02-28 19:41:27,880-root-INFO-你选择了Chrome游览器.
2019-02-28 19:41:27,881-root-INFO-测试URL是:http://127.0.0.1/forum.php
2019-02-28 19:41:27,881-root-INFO-测试URL是:http://127.0.0.1/forum.php
2019-02-28 19:41:34,241-root-INFO-启动谷歌游览器
2019-02-28 19:41:34,241-root-INFO-启动谷歌游览器
2019-02-28 19:41:37,013-root-INFO-打开：http://127.0.0.1/forum.php
2019-02-28 19:41:37,013-root-INFO-打开：http://127.0.0.1/forum.php
2019-02-28 19:41:38,235-root-INFO-窗口最大化
2019-02-28 19:41:38,235-root-INFO-窗口最大化
2019-02-28 19:41:38,248-root-INFO-等待10秒
2019-02-28 19:41:38,248-root-INFO-等待10秒
2019-02-28 19:41:38,726-root-INFO-send_keyadmin
2019-02-28 19:41:38,726-root-INFO-send_keyadmin
2019-02-28 19:41:39,177-root-INFO-send_key123321
2019-02-28 19:41:39,177-root-INFO-send_key123321
2019-02-28 19:41:39,530-root-INFO-click
2019-02-28 19:41:39,530-root-INFO-click
2019-02-28 19:41:43,101-root-INFO-click
2019-02-28 19:41:43,101-root-INFO-click
