2019-02-28 18:07:15,928-root-INFO-你选择了Chrome游览器.
2019-02-28 18:07:15,928-root-INFO-你选择了Chrome游览器.
2019-02-28 18:07:15,929-root-INFO-测试URL是:http://127.0.0.1/forum.php
2019-02-28 18:07:15,929-root-INFO-测试URL是:http://127.0.0.1/forum.php
2019-02-28 18:07:22,121-root-INFO-启动谷歌游览器
2019-02-28 18:07:22,121-root-INFO-启动谷歌游览器
2019-02-28 18:07:23,912-root-INFO-打开：http://127.0.0.1/forum.php
2019-02-28 18:07:23,912-root-INFO-打开：http://127.0.0.1/forum.php
2019-02-28 18:07:25,156-root-INFO-窗口最大化
2019-02-28 18:07:25,156-root-INFO-窗口最大化
2019-02-28 18:07:25,171-root-INFO-等待10秒
2019-02-28 18:07:25,171-root-INFO-等待10秒
2019-02-28 18:07:25,874-root-INFO-send_keyadmin
2019-02-28 18:07:25,874-root-INFO-send_keyadmin
2019-02-28 18:07:26,443-root-INFO-send_key123321
2019-02-28 18:07:26,443-root-INFO-send_key123321
2019-02-28 18:07:26,817-root-INFO-click
2019-02-28 18:07:26,817-root-INFO-click
2019-02-28 18:07:31,690-root-INFO-click
2019-02-28 18:07:31,690-root-INFO-click
2019-02-28 18:07:32,234-root-INFO-send_key标题
2019-02-28 18:07:32,234-root-INFO-send_key标题
2019-02-28 18:07:32,894-root-INFO-send_keyaaaaaaaaaaaaaaaaaaaaaaaaaaaaa
2019-02-28 18:07:32,894-root-INFO-send_keyaaaaaaaaaaaaaaaaaaaaaaaaaaaaa
2019-02-28 18:07:35,355-root-INFO-click
2019-02-28 18:07:35,355-root-INFO-click
2019-02-28 18:07:35,941-root-INFO-get_windows_img
2019-02-28 18:07:35,941-root-INFO-get_windows_img
2019-02-28 18:07:36,278-root-INFO-click
2019-02-28 18:07:36,278-root-INFO-click
2019-02-28 18:07:37,132-root-INFO-send_keycdrhgkt3uygu5bgefrl
2019-02-28 18:07:37,132-root-INFO-send_keycdrhgkt3uygu5bgefrl
2019-02-28 18:07:37,900-root-INFO-click
2019-02-28 18:07:37,900-root-INFO-click
