2019-02-27 19:22:23,307-root-INFO-你选择了Chrome游览器.
2019-02-27 19:22:23,307-root-INFO-你选择了Chrome游览器.
2019-02-27 19:22:23,309-root-INFO-测试URL是:http://127.0.0.1/forum.php
2019-02-27 19:22:23,309-root-INFO-测试URL是:http://127.0.0.1/forum.php
2019-02-27 19:22:29,847-root-INFO-启动谷歌游览器
2019-02-27 19:22:29,847-root-INFO-启动谷歌游览器
2019-02-27 19:22:32,274-root-INFO-打开：http://127.0.0.1/forum.php
2019-02-27 19:22:32,274-root-INFO-打开：http://127.0.0.1/forum.php
2019-02-27 19:22:33,535-root-INFO-窗口最大化
2019-02-27 19:22:33,535-root-INFO-窗口最大化
2019-02-27 19:22:33,553-root-INFO-等待10秒
2019-02-27 19:22:33,553-root-INFO-等待10秒
2019-02-27 19:22:34,267-root-INFO-send_keyaaa
2019-02-27 19:22:34,267-root-INFO-send_keyaaa
2019-02-27 19:22:34,993-root-INFO-send_key123321
2019-02-27 19:22:34,993-root-INFO-send_key123321
2019-02-27 19:22:35,590-root-INFO-click
2019-02-27 19:22:35,590-root-INFO-click
2019-02-27 19:22:40,434-root-INFO-click
2019-02-27 19:22:40,434-root-INFO-click
2019-02-27 19:22:42,015-root-INFO-click
2019-02-27 19:22:42,015-root-INFO-click
2019-02-27 19:22:43,780-root-INFO-click
2019-02-27 19:22:43,780-root-INFO-click
2019-02-27 19:22:44,491-root-INFO-send_key应该去吗？
2019-02-27 19:22:44,491-root-INFO-send_key应该去吗？
2019-02-27 19:22:44,949-root-INFO-send_key同意
2019-02-27 19:22:44,949-root-INFO-send_key同意
2019-02-27 19:22:45,435-root-INFO-send_key不同意
2019-02-27 19:22:45,435-root-INFO-send_key不同意
2019-02-27 19:22:45,885-root-INFO-send_key中立
2019-02-27 19:22:45,885-root-INFO-send_key中立
2019-02-27 19:22:46,300-root-INFO-click
2019-02-27 19:22:46,300-root-INFO-click
2019-02-27 19:22:48,869-root-INFO-click
2019-02-27 19:22:48,869-root-INFO-click
2019-02-27 19:22:51,033-root-INFO-click
2019-02-27 19:22:51,033-root-INFO-click
