2019-02-28 18:04:05,242-root-INFO-你选择了Chrome游览器.
2019-02-28 18:04:05,242-root-INFO-你选择了Chrome游览器.
2019-02-28 18:04:05,243-root-INFO-测试URL是:http://127.0.0.1/forum.php
2019-02-28 18:04:05,243-root-INFO-测试URL是:http://127.0.0.1/forum.php
2019-02-28 18:04:11,099-root-INFO-启动谷歌游览器
2019-02-28 18:04:11,099-root-INFO-启动谷歌游览器
2019-02-28 18:04:13,099-root-INFO-打开：http://127.0.0.1/forum.php
2019-02-28 18:04:13,099-root-INFO-打开：http://127.0.0.1/forum.php
2019-02-28 18:04:14,318-root-INFO-窗口最大化
2019-02-28 18:04:14,318-root-INFO-窗口最大化
2019-02-28 18:04:14,358-root-INFO-等待10秒
2019-02-28 18:04:14,358-root-INFO-等待10秒
2019-02-28 18:04:15,017-root-INFO-send_keyadmin
2019-02-28 18:04:15,017-root-INFO-send_keyadmin
2019-02-28 18:04:15,656-root-INFO-send_key123321
2019-02-28 18:04:15,656-root-INFO-send_key123321
2019-02-28 18:04:16,145-root-INFO-click
2019-02-28 18:04:16,145-root-INFO-click
2019-02-28 18:04:20,988-root-INFO-click
2019-02-28 18:04:20,988-root-INFO-click
2019-02-28 18:04:21,830-root-INFO-send_key标题
2019-02-28 18:04:21,830-root-INFO-send_key标题
2019-02-28 18:04:22,794-root-INFO-send_keyaaaaaaaaaaaaaaaaaaaaaaaaaaaaa
2019-02-28 18:04:22,794-root-INFO-send_keyaaaaaaaaaaaaaaaaaaaaaaaaaaaaa
2019-02-28 18:04:25,135-root-INFO-click
2019-02-28 18:04:25,135-root-INFO-click
2019-02-28 18:04:25,653-root-INFO-get_windows_img
2019-02-28 18:04:25,653-root-INFO-get_windows_img
2019-02-28 18:04:26,215-root-INFO-click
2019-02-28 18:04:26,215-root-INFO-click
2019-02-28 18:04:27,703-root-INFO-send_keycdrhgkt3uygu5bgefrl
2019-02-28 18:04:27,703-root-INFO-send_keycdrhgkt3uygu5bgefrl
2019-02-28 18:04:28,983-root-INFO-click
2019-02-28 18:04:28,983-root-INFO-click
