2019-02-28 19:53:59,908-root-INFO-你选择了Chrome游览器.
2019-02-28 19:53:59,908-root-INFO-你选择了Chrome游览器.
2019-02-28 19:53:59,910-root-INFO-测试URL是:http://127.0.0.1/forum.php
2019-02-28 19:53:59,910-root-INFO-测试URL是:http://127.0.0.1/forum.php
2019-02-28 19:54:06,190-root-INFO-启动谷歌游览器
2019-02-28 19:54:06,190-root-INFO-启动谷歌游览器
2019-02-28 19:54:09,100-root-INFO-打开：http://127.0.0.1/forum.php
2019-02-28 19:54:09,100-root-INFO-打开：http://127.0.0.1/forum.php
2019-02-28 19:54:10,461-root-INFO-窗口最大化
2019-02-28 19:54:10,461-root-INFO-窗口最大化
2019-02-28 19:54:10,472-root-INFO-等待10秒
2019-02-28 19:54:10,472-root-INFO-等待10秒
2019-02-28 19:54:11,406-root-INFO-send_keyadmin
2019-02-28 19:54:11,406-root-INFO-send_keyadmin
2019-02-28 19:54:12,264-root-INFO-send_key123321
2019-02-28 19:54:12,264-root-INFO-send_key123321
2019-02-28 19:54:12,939-root-INFO-click
2019-02-28 19:54:12,939-root-INFO-click
2019-02-28 19:54:20,089-root-INFO-click
2019-02-28 19:54:20,089-root-INFO-click
2019-02-28 19:54:20,813-root-INFO-click
2019-02-28 19:54:20,813-root-INFO-click
2019-02-28 19:54:22,226-root-INFO-click
2019-02-28 19:54:22,226-root-INFO-click
2019-02-28 19:54:24,477-root-INFO-click
2019-02-28 19:54:24,477-root-INFO-click
2019-02-28 19:54:25,439-root-INFO-click
2019-02-28 19:54:25,439-root-INFO-click
2019-02-28 19:54:27,327-root-INFO-send_key123321
2019-02-28 19:54:27,327-root-INFO-send_key123321
2019-02-28 19:54:52,349-root-INFO-click
2019-02-28 19:54:52,349-root-INFO-click
2019-02-28 19:54:53,937-root-INFO-click
2019-02-28 19:54:53,937-root-INFO-click
2019-02-28 19:54:55,579-root-INFO-click
2019-02-28 19:54:55,579-root-INFO-click
2019-02-28 19:54:57,192-root-INFO-click
2019-02-28 19:54:57,192-root-INFO-click
2019-02-28 19:54:58,696-root-INFO-click
2019-02-28 19:54:58,696-root-INFO-click
