2019-02-27 18:15:38,594-root-INFO-你选择了Chrome游览器.
2019-02-27 18:15:38,594-root-INFO-你选择了Chrome游览器.
2019-02-27 18:15:38,595-root-INFO-测试URL是:http://127.0.0.1/forum.php
2019-02-27 18:15:38,595-root-INFO-测试URL是:http://127.0.0.1/forum.php
2019-02-27 19:15:09,621-root-INFO-你选择了Chrome游览器.
2019-02-27 19:15:09,621-root-INFO-你选择了Chrome游览器.
2019-02-27 19:15:09,622-root-INFO-测试URL是:http://127.0.0.1/forum.php
2019-02-27 19:15:09,622-root-INFO-测试URL是:http://127.0.0.1/forum.php
2019-02-27 19:15:14,436-root-INFO-启动谷歌游览器
2019-02-27 19:15:14,436-root-INFO-启动谷歌游览器
2019-02-27 19:15:17,456-root-INFO-打开：http://127.0.0.1/forum.php
2019-02-27 19:15:17,456-root-INFO-打开：http://127.0.0.1/forum.php
2019-02-27 19:15:18,687-root-INFO-窗口最大化
2019-02-27 19:15:18,687-root-INFO-窗口最大化
2019-02-27 19:15:18,703-root-INFO-等待10秒
2019-02-27 19:15:18,703-root-INFO-等待10秒
2019-02-27 19:15:19,488-root-INFO-send_keyaaa
2019-02-27 19:15:19,488-root-INFO-send_keyaaa
2019-02-27 19:15:20,231-root-INFO-send_key123321
2019-02-27 19:15:20,231-root-INFO-send_key123321
2019-02-27 19:15:20,728-root-INFO-click
2019-02-27 19:15:20,728-root-INFO-click
2019-02-27 19:15:24,619-root-INFO-click
2019-02-27 19:15:24,619-root-INFO-click
2019-02-27 19:15:25,746-root-INFO-click
2019-02-27 19:15:25,746-root-INFO-click
2019-02-27 19:15:26,768-root-INFO-click
2019-02-27 19:15:26,768-root-INFO-click
2019-02-27 19:15:27,115-root-INFO-send_key应该去吗？
2019-02-27 19:15:27,115-root-INFO-send_key应该去吗？
2019-02-27 19:15:27,816-root-INFO-send_key同意
2019-02-27 19:15:27,816-root-INFO-send_key同意
2019-02-27 19:15:28,521-root-INFO-send_key不同意
2019-02-27 19:15:28,521-root-INFO-send_key不同意
2019-02-27 19:15:29,078-root-INFO-send_key中立
2019-02-27 19:15:29,078-root-INFO-send_key中立
2019-02-27 19:15:29,623-root-INFO-click
2019-02-27 19:15:29,623-root-INFO-click
2019-02-27 19:15:33,906-root-INFO-click
2019-02-27 19:15:33,906-root-INFO-click
2019-02-27 19:15:36,603-root-INFO-click
2019-02-27 19:15:36,603-root-INFO-click
