2019-02-27 18:19:25,744-root-INFO-你选择了Chrome游览器.
2019-02-27 18:19:25,744-root-INFO-你选择了Chrome游览器.
2019-02-27 18:19:25,747-root-INFO-测试URL是:http://127.0.0.1/forum.php
2019-02-27 18:19:25,747-root-INFO-测试URL是:http://127.0.0.1/forum.php
2019-02-27 18:19:31,224-root-INFO-启动谷歌游览器
2019-02-27 18:19:31,224-root-INFO-启动谷歌游览器
2019-02-27 18:19:34,046-root-INFO-打开：http://127.0.0.1/forum.php
2019-02-27 18:19:34,046-root-INFO-打开：http://127.0.0.1/forum.php
2019-02-27 18:19:35,293-root-INFO-窗口最大化
2019-02-27 18:19:35,293-root-INFO-窗口最大化
2019-02-27 18:19:35,311-root-INFO-等待10秒
2019-02-27 18:19:35,311-root-INFO-等待10秒
2019-02-27 18:19:35,980-root-INFO-send_keyaaa
2019-02-27 18:19:35,980-root-INFO-send_keyaaa
2019-02-27 18:19:36,606-root-INFO-send_key123321
2019-02-27 18:19:36,606-root-INFO-send_key123321
2019-02-27 18:19:37,057-root-INFO-click
2019-02-27 18:19:37,057-root-INFO-click
2019-02-27 18:19:39,789-root-INFO-click
2019-02-27 18:19:39,789-root-INFO-click
2019-02-27 18:19:40,680-root-INFO-click
2019-02-27 18:19:40,680-root-INFO-click
2019-02-27 18:19:41,580-root-INFO-click
2019-02-27 18:19:41,580-root-INFO-click
2019-02-27 18:19:41,940-root-INFO-send_key应该去吗？
2019-02-27 18:19:41,940-root-INFO-send_key应该去吗？
2019-02-27 18:19:42,432-root-INFO-send_key同意
2019-02-27 18:19:42,432-root-INFO-send_key同意
2019-02-27 18:19:43,255-root-INFO-send_key不同意
2019-02-27 18:19:43,255-root-INFO-send_key不同意
2019-02-27 18:19:44,040-root-INFO-send_key中立
2019-02-27 18:19:44,040-root-INFO-send_key中立
2019-02-27 18:19:45,126-root-INFO-click
2019-02-27 18:19:45,126-root-INFO-click
2019-02-27 18:19:55,752-root-INFO-<pageobjects.vote_on.Voteon object at 0x00000000023091D0> page not found element('xpath', "//td[@class='.pslt[1]']/input[3]")元素
2019-02-27 18:19:55,752-root-INFO-<pageobjects.vote_on.Voteon object at 0x00000000023091D0> page not found element('xpath', "//td[@class='.pslt[1]']/input[3]")元素
2019-02-27 18:19:55,753-root-INFO-not click
2019-02-27 18:19:55,753-root-INFO-not click
2019-02-27 18:19:56,426-root-INFO-click
2019-02-27 18:19:56,426-root-INFO-click
