2019-03-04 21:05:51,658-root-INFO-你选择了Chrome游览器.
2019-03-04 21:05:51,658-root-INFO-你选择了Chrome游览器.
2019-03-04 21:05:51,673-root-INFO-测试URL是:http://127.0.0.1/forum.php
2019-03-04 21:05:51,673-root-INFO-测试URL是:http://127.0.0.1/forum.php
2019-03-04 21:06:02,611-root-INFO-启动谷歌游览器
2019-03-04 21:06:02,611-root-INFO-启动谷歌游览器
2019-03-04 21:06:05,794-root-INFO-打开：http://127.0.0.1/forum.php
2019-03-04 21:06:05,794-root-INFO-打开：http://127.0.0.1/forum.php
2019-03-04 21:06:07,184-root-INFO-窗口最大化
2019-03-04 21:06:07,184-root-INFO-窗口最大化
2019-03-04 21:06:07,203-root-INFO-等待10秒
2019-03-04 21:06:07,203-root-INFO-等待10秒
2019-03-04 21:06:07,904-root-INFO-send_keyaaa
2019-03-04 21:06:07,904-root-INFO-send_keyaaa
2019-03-04 21:06:08,370-root-INFO-send_key123321
2019-03-04 21:06:08,370-root-INFO-send_key123321
2019-03-04 21:06:08,864-root-INFO-click
2019-03-04 21:06:08,864-root-INFO-click
2019-03-04 21:06:16,423-root-INFO-click
2019-03-04 21:06:16,423-root-INFO-click
2019-03-04 21:06:18,829-root-INFO-click
2019-03-04 21:06:18,829-root-INFO-click
2019-03-04 21:06:20,916-root-INFO-click
2019-03-04 21:06:20,916-root-INFO-click
2019-03-04 21:06:21,458-root-INFO-send_key应该去吗？
2019-03-04 21:06:21,458-root-INFO-send_key应该去吗？
2019-03-04 21:06:21,955-root-INFO-send_key同意
2019-03-04 21:06:21,955-root-INFO-send_key同意
2019-03-04 21:06:22,463-root-INFO-send_key不同意
2019-03-04 21:06:22,463-root-INFO-send_key不同意
2019-03-04 21:06:22,948-root-INFO-send_key中立
2019-03-04 21:06:22,948-root-INFO-send_key中立
2019-03-04 21:06:23,580-root-INFO-click
2019-03-04 21:06:23,580-root-INFO-click
2019-03-04 21:06:31,261-root-INFO-click
2019-03-04 21:06:31,261-root-INFO-click
2019-03-04 21:06:33,249-root-INFO-click
2019-03-04 21:06:33,249-root-INFO-click
2019-03-04 21:06:39,474-root-INFO-你选择了Chrome游览器.
2019-03-04 21:06:39,474-root-INFO-你选择了Chrome游览器.
2019-03-04 21:06:39,474-root-INFO-测试URL是:http://127.0.0.1/forum.php
2019-03-04 21:06:39,474-root-INFO-测试URL是:http://127.0.0.1/forum.php
2019-03-04 21:06:44,301-root-INFO-启动谷歌游览器
2019-03-04 21:06:44,301-root-INFO-启动谷歌游览器
2019-03-04 21:06:46,808-root-INFO-打开：http://127.0.0.1/forum.php
2019-03-04 21:06:46,808-root-INFO-打开：http://127.0.0.1/forum.php
2019-03-04 21:06:48,195-root-INFO-窗口最大化
2019-03-04 21:06:48,195-root-INFO-窗口最大化
2019-03-04 21:06:48,227-root-INFO-等待10秒
2019-03-04 21:06:48,227-root-INFO-等待10秒
2019-03-04 21:06:48,796-root-INFO-send_keyadmin
2019-03-04 21:06:48,796-root-INFO-send_keyadmin
2019-03-04 21:06:49,396-root-INFO-send_key123321
2019-03-04 21:06:49,396-root-INFO-send_key123321
2019-03-04 21:06:49,877-root-INFO-click
2019-03-04 21:06:49,877-root-INFO-click
2019-03-04 21:06:54,392-root-INFO-click
2019-03-04 21:06:54,392-root-INFO-click
2019-03-04 21:06:54,696-root-INFO-send_key标题
2019-03-04 21:06:54,696-root-INFO-send_key标题
2019-03-04 21:06:55,242-root-INFO-send_keyaaaaaaaaaaaaaaaaaaaaaaaaaaaaa
2019-03-04 21:06:55,242-root-INFO-send_keyaaaaaaaaaaaaaaaaaaaaaaaaaaaaa
2019-03-04 21:06:58,720-root-INFO-click
2019-03-04 21:06:58,720-root-INFO-click
2019-03-04 21:06:59,265-root-INFO-get_windows_img
2019-03-04 21:06:59,265-root-INFO-get_windows_img
2019-03-04 21:06:59,513-root-INFO-click
2019-03-04 21:06:59,513-root-INFO-click
2019-03-04 21:07:00,190-root-INFO-send_keycdrhgkt3uygu5bgefrl
2019-03-04 21:07:00,190-root-INFO-send_keycdrhgkt3uygu5bgefrl
2019-03-04 21:07:01,664-root-INFO-click
2019-03-04 21:07:01,664-root-INFO-click
2019-03-04 21:07:02,977-root-INFO-click
2019-03-04 21:07:02,977-root-INFO-click
2019-03-04 21:07:05,380-root-INFO-你选择了Chrome游览器.
2019-03-04 21:07:05,380-root-INFO-你选择了Chrome游览器.
2019-03-04 21:07:05,381-root-INFO-测试URL是:http://127.0.0.1/forum.php
2019-03-04 21:07:05,381-root-INFO-测试URL是:http://127.0.0.1/forum.php
2019-03-04 21:07:10,893-root-INFO-启动谷歌游览器
2019-03-04 21:07:10,893-root-INFO-启动谷歌游览器
2019-03-04 21:07:13,137-root-INFO-打开：http://127.0.0.1/forum.php
2019-03-04 21:07:13,137-root-INFO-打开：http://127.0.0.1/forum.php
2019-03-04 21:07:14,366-root-INFO-窗口最大化
2019-03-04 21:07:14,366-root-INFO-窗口最大化
2019-03-04 21:07:14,388-root-INFO-等待10秒
2019-03-04 21:07:14,388-root-INFO-等待10秒
2019-03-04 21:07:14,963-root-INFO-send_keyaaa
2019-03-04 21:07:14,963-root-INFO-send_keyaaa
2019-03-04 21:07:15,558-root-INFO-send_key123321
2019-03-04 21:07:15,558-root-INFO-send_key123321
2019-03-04 21:07:15,861-root-INFO-click
2019-03-04 21:07:15,861-root-INFO-click
2019-03-04 21:07:18,125-root-INFO-send_keyhaotest
2019-03-04 21:07:18,125-root-INFO-send_keyhaotest
2019-03-04 21:07:18,608-root-INFO-click
2019-03-04 21:07:18,608-root-INFO-click
2019-03-04 21:07:20,291-root-INFO-click
2019-03-04 21:07:20,291-root-INFO-click
2019-03-04 21:07:22,929-root-INFO-click
2019-03-04 21:07:22,929-root-INFO-click
2019-03-04 21:07:26,355-root-INFO-你选择了Chrome游览器.
2019-03-04 21:07:26,355-root-INFO-你选择了Chrome游览器.
2019-03-04 21:07:26,356-root-INFO-测试URL是:http://127.0.0.1/forum.php
2019-03-04 21:07:26,356-root-INFO-测试URL是:http://127.0.0.1/forum.php
2019-03-04 21:07:31,904-root-INFO-启动谷歌游览器
2019-03-04 21:07:31,904-root-INFO-启动谷歌游览器
2019-03-04 21:07:33,204-root-INFO-打开：http://127.0.0.1/forum.php
2019-03-04 21:07:33,204-root-INFO-打开：http://127.0.0.1/forum.php
2019-03-04 21:07:34,365-root-INFO-窗口最大化
2019-03-04 21:07:34,365-root-INFO-窗口最大化
2019-03-04 21:07:34,368-root-INFO-等待10秒
2019-03-04 21:07:34,368-root-INFO-等待10秒
2019-03-04 21:07:34,645-root-INFO-send_keyadmin
2019-03-04 21:07:34,645-root-INFO-send_keyadmin
2019-03-04 21:07:34,895-root-INFO-send_key123321
2019-03-04 21:07:34,895-root-INFO-send_key123321
2019-03-04 21:07:35,086-root-INFO-click
2019-03-04 21:07:35,086-root-INFO-click
2019-03-04 21:07:37,378-root-INFO-click
2019-03-04 21:07:37,378-root-INFO-click
2019-03-04 21:07:37,585-root-INFO-click
2019-03-04 21:07:37,585-root-INFO-click
2019-03-04 21:07:38,450-root-INFO-click
2019-03-04 21:07:38,450-root-INFO-click
2019-03-04 21:07:40,387-root-INFO-click
2019-03-04 21:07:40,387-root-INFO-click
2019-03-04 21:07:41,126-root-INFO-click
2019-03-04 21:07:41,126-root-INFO-click
2019-03-04 21:07:42,667-root-INFO-send_key123321
2019-03-04 21:07:42,667-root-INFO-send_key123321
2019-03-04 21:08:41,764-root-INFO-click
2019-03-04 21:08:41,764-root-INFO-click
2019-03-04 21:08:43,320-root-INFO-click
2019-03-04 21:08:43,320-root-INFO-click
2019-03-04 21:08:44,231-root-INFO-click
2019-03-04 21:08:44,231-root-INFO-click
2019-03-04 21:08:45,012-root-INFO-click
2019-03-04 21:08:45,012-root-INFO-click
2019-03-04 21:08:45,718-root-INFO-click
2019-03-04 21:08:45,718-root-INFO-click
2019-03-04 21:08:48,976-root-INFO-send_keyaaa
2019-03-04 21:08:48,976-root-INFO-send_keyaaa
2019-03-04 21:08:49,392-root-INFO-send_key123321
2019-03-04 21:08:49,392-root-INFO-send_key123321
2019-03-04 21:08:49,690-root-INFO-click
2019-03-04 21:08:49,690-root-INFO-click
2019-03-04 21:08:51,785-root-INFO-send_key标题2
2019-03-04 21:08:51,785-root-INFO-send_key标题2
2019-03-04 21:08:52,295-root-INFO-send_keyssssssssss
2019-03-04 21:08:52,295-root-INFO-send_keyssssssssss
2019-03-04 21:08:54,682-root-INFO-click
2019-03-04 21:08:54,682-root-INFO-click
2019-03-04 21:08:55,330-root-INFO-get_windows_img
2019-03-04 21:08:55,330-root-INFO-get_windows_img
2019-03-04 21:08:55,720-root-INFO-click
2019-03-04 21:08:55,720-root-INFO-click
2019-03-04 21:08:57,011-root-INFO-send_keyZZZZZZZZZZZZZ
2019-03-04 21:08:57,011-root-INFO-send_keyZZZZZZZZZZZZZ
2019-03-04 21:08:57,845-root-INFO-click
2019-03-04 21:08:57,845-root-INFO-click
