2019-02-28 09:10:42,767-root-INFO-你选择了Chrome游览器.
2019-02-28 09:10:42,767-root-INFO-你选择了Chrome游览器.
2019-02-28 09:10:42,768-root-INFO-测试URL是:http://127.0.0.1/forum.php
2019-02-28 09:10:42,768-root-INFO-测试URL是:http://127.0.0.1/forum.php
2019-02-28 09:10:48,005-root-INFO-启动谷歌游览器
2019-02-28 09:10:48,005-root-INFO-启动谷歌游览器
2019-02-28 09:10:51,195-root-INFO-打开：http://127.0.0.1/forum.php
2019-02-28 09:10:51,195-root-INFO-打开：http://127.0.0.1/forum.php
2019-02-28 09:10:52,344-root-INFO-窗口最大化
2019-02-28 09:10:52,344-root-INFO-窗口最大化
2019-02-28 09:10:52,348-root-INFO-等待10秒
2019-02-28 09:10:52,348-root-INFO-等待10秒
2019-02-28 09:10:52,642-root-INFO-send_keyadmin
2019-02-28 09:10:52,642-root-INFO-send_keyadmin
2019-02-28 09:10:52,944-root-INFO-send_key123321
2019-02-28 09:10:52,944-root-INFO-send_key123321
2019-02-28 09:10:53,160-root-INFO-click
2019-02-28 09:10:53,160-root-INFO-click
2019-02-28 09:10:55,968-root-INFO-click
2019-02-28 09:10:55,968-root-INFO-click
2019-02-28 09:10:56,320-root-INFO-send_key标题
2019-02-28 09:10:56,320-root-INFO-send_key标题
2019-02-28 09:10:56,753-root-INFO-send_keyaaaaaaaaaaaaaaaaaaaaaaaaaaaaa
2019-02-28 09:10:56,753-root-INFO-send_keyaaaaaaaaaaaaaaaaaaaaaaaaaaaaa
2019-02-28 09:10:58,322-root-INFO-click
2019-02-28 09:10:58,322-root-INFO-click
2019-02-28 09:10:58,661-root-INFO-get_windows_img
2019-02-28 09:10:58,661-root-INFO-get_windows_img
2019-02-28 09:10:58,817-root-INFO-click
2019-02-28 09:10:58,817-root-INFO-click
2019-02-28 09:10:59,376-root-INFO-send_keycdrhgkt3uygu5bgefrl
2019-02-28 09:10:59,376-root-INFO-send_keycdrhgkt3uygu5bgefrl
2019-02-28 09:10:59,956-root-INFO-click
2019-02-28 09:10:59,956-root-INFO-click
2019-02-28 09:11:00,894-root-INFO-click
2019-02-28 09:11:00,894-root-INFO-click
2019-02-28 20:10:07,603-root-INFO-你选择了Chrome游览器.
2019-02-28 20:10:07,603-root-INFO-你选择了Chrome游览器.
2019-02-28 20:10:07,604-root-INFO-测试URL是:http://127.0.0.1/forum.php
2019-02-28 20:10:07,604-root-INFO-测试URL是:http://127.0.0.1/forum.php
2019-02-28 20:10:13,359-root-INFO-启动谷歌游览器
2019-02-28 20:10:13,359-root-INFO-启动谷歌游览器
2019-02-28 20:10:15,073-root-INFO-打开：http://127.0.0.1/forum.php
2019-02-28 20:10:15,073-root-INFO-打开：http://127.0.0.1/forum.php
2019-02-28 20:10:16,279-root-INFO-窗口最大化
2019-02-28 20:10:16,279-root-INFO-窗口最大化
2019-02-28 20:10:16,289-root-INFO-等待10秒
2019-02-28 20:10:16,289-root-INFO-等待10秒
2019-02-28 20:10:16,567-root-INFO-send_keyaaa
2019-02-28 20:10:16,567-root-INFO-send_keyaaa
2019-02-28 20:10:16,833-root-INFO-send_key123321
2019-02-28 20:10:16,833-root-INFO-send_key123321
2019-02-28 20:10:17,016-root-INFO-click
2019-02-28 20:10:17,016-root-INFO-click
2019-02-28 20:10:21,333-root-INFO-click
2019-02-28 20:10:21,333-root-INFO-click
2019-02-28 20:10:22,694-root-INFO-click
2019-02-28 20:10:22,694-root-INFO-click
2019-02-28 20:10:23,815-root-INFO-click
2019-02-28 20:10:23,815-root-INFO-click
2019-02-28 20:10:24,194-root-INFO-send_key应该去吗？
2019-02-28 20:10:24,194-root-INFO-send_key应该去吗？
2019-02-28 20:10:24,497-root-INFO-send_key同意
2019-02-28 20:10:24,497-root-INFO-send_key同意
2019-02-28 20:10:24,799-root-INFO-send_key不同意
2019-02-28 20:10:24,799-root-INFO-send_key不同意
2019-02-28 20:10:25,074-root-INFO-send_key中立
2019-02-28 20:10:25,074-root-INFO-send_key中立
2019-02-28 20:10:25,403-root-INFO-click
2019-02-28 20:10:25,403-root-INFO-click
