2019-02-28 09:29:36,103-root-INFO-你选择了Chrome游览器.
2019-02-28 09:29:36,103-root-INFO-你选择了Chrome游览器.
2019-02-28 09:29:36,104-root-INFO-测试URL是:http://127.0.0.1/forum.php
2019-02-28 09:29:36,104-root-INFO-测试URL是:http://127.0.0.1/forum.php
2019-02-28 09:29:41,145-root-INFO-启动谷歌游览器
2019-02-28 09:29:41,145-root-INFO-启动谷歌游览器
2019-02-28 09:29:43,777-root-INFO-打开：http://127.0.0.1/forum.php
2019-02-28 09:29:43,777-root-INFO-打开：http://127.0.0.1/forum.php
2019-02-28 09:29:45,026-root-INFO-窗口最大化
2019-02-28 09:29:45,026-root-INFO-窗口最大化
2019-02-28 09:29:45,039-root-INFO-等待10秒
2019-02-28 09:29:45,039-root-INFO-等待10秒
2019-02-28 09:29:45,837-root-INFO-send_keyaaa
2019-02-28 09:29:45,837-root-INFO-send_keyaaa
2019-02-28 09:29:46,385-root-INFO-send_key123321
2019-02-28 09:29:46,385-root-INFO-send_key123321
2019-02-28 09:29:46,832-root-INFO-click
2019-02-28 09:29:46,832-root-INFO-click
2019-02-28 09:29:49,949-root-INFO-click
2019-02-28 09:29:49,949-root-INFO-click
2019-02-28 09:29:51,620-root-INFO-click
2019-02-28 09:29:51,620-root-INFO-click
2019-02-28 09:29:53,502-root-INFO-click
2019-02-28 09:29:53,502-root-INFO-click
2019-02-28 09:29:54,231-root-INFO-send_key应该去吗？
2019-02-28 09:29:54,231-root-INFO-send_key应该去吗？
2019-02-28 09:29:54,938-root-INFO-send_key同意
2019-02-28 09:29:54,938-root-INFO-send_key同意
2019-02-28 09:29:55,503-root-INFO-send_key不同意
2019-02-28 09:29:55,503-root-INFO-send_key不同意
2019-02-28 09:29:55,901-root-INFO-send_key中立
2019-02-28 09:29:55,901-root-INFO-send_key中立
2019-02-28 09:29:56,326-root-INFO-click
2019-02-28 09:29:56,326-root-INFO-click
2019-02-28 09:30:00,917-root-INFO-click
2019-02-28 09:30:00,917-root-INFO-click
2019-02-28 09:30:03,225-root-INFO-click
2019-02-28 09:30:03,225-root-INFO-click
2019-02-28 09:30:08,579-root-INFO-你选择了Chrome游览器.
2019-02-28 09:30:08,579-root-INFO-你选择了Chrome游览器.
2019-02-28 09:30:08,580-root-INFO-测试URL是:http://127.0.0.1/forum.php
2019-02-28 09:30:08,580-root-INFO-测试URL是:http://127.0.0.1/forum.php
2019-02-28 09:30:13,085-root-INFO-启动谷歌游览器
2019-02-28 09:30:13,085-root-INFO-启动谷歌游览器
2019-02-28 09:30:14,678-root-INFO-打开：http://127.0.0.1/forum.php
2019-02-28 09:30:14,678-root-INFO-打开：http://127.0.0.1/forum.php
2019-02-28 09:30:15,807-root-INFO-窗口最大化
2019-02-28 09:30:15,807-root-INFO-窗口最大化
2019-02-28 09:30:15,811-root-INFO-等待10秒
2019-02-28 09:30:15,811-root-INFO-等待10秒
2019-02-28 09:30:16,038-root-INFO-send_keyadmin
2019-02-28 09:30:16,038-root-INFO-send_keyadmin
2019-02-28 09:30:16,250-root-INFO-send_key123321
2019-02-28 09:30:16,250-root-INFO-send_key123321
2019-02-28 09:30:16,414-root-INFO-click
2019-02-28 09:30:16,414-root-INFO-click
2019-02-28 09:30:19,592-root-INFO-click
2019-02-28 09:30:19,592-root-INFO-click
2019-02-28 09:30:20,307-root-INFO-send_key标题
2019-02-28 09:30:20,307-root-INFO-send_key标题
2019-02-28 09:30:20,957-root-INFO-send_keyaaaaaaaaaaaaaaaaaaaaaaaaaaaaa
2019-02-28 09:30:20,957-root-INFO-send_keyaaaaaaaaaaaaaaaaaaaaaaaaaaaaa
2019-02-28 09:30:44,242-root-INFO-click
2019-02-28 09:30:44,242-root-INFO-click
2019-02-28 09:30:44,826-root-INFO-get_windows_img
2019-02-28 09:30:44,826-root-INFO-get_windows_img
2019-02-28 09:30:45,250-root-INFO-click
2019-02-28 09:30:45,250-root-INFO-click
2019-02-28 09:30:46,368-root-INFO-send_keycdrhgkt3uygu5bgefrl
2019-02-28 09:30:46,368-root-INFO-send_keycdrhgkt3uygu5bgefrl
2019-02-28 09:30:47,535-root-INFO-click
2019-02-28 09:30:47,535-root-INFO-click
2019-02-28 09:30:48,722-root-INFO-click
2019-02-28 09:30:48,722-root-INFO-click
2019-02-28 09:30:51,177-root-INFO-你选择了Chrome游览器.
2019-02-28 09:30:51,177-root-INFO-你选择了Chrome游览器.
2019-02-28 09:30:51,178-root-INFO-测试URL是:http://127.0.0.1/forum.php
2019-02-28 09:30:51,178-root-INFO-测试URL是:http://127.0.0.1/forum.php
2019-02-28 09:30:55,933-root-INFO-启动谷歌游览器
2019-02-28 09:30:55,933-root-INFO-启动谷歌游览器
2019-02-28 09:30:58,096-root-INFO-打开：http://127.0.0.1/forum.php
2019-02-28 09:30:58,096-root-INFO-打开：http://127.0.0.1/forum.php
2019-02-28 09:30:59,375-root-INFO-窗口最大化
2019-02-28 09:30:59,375-root-INFO-窗口最大化
2019-02-28 09:30:59,395-root-INFO-等待10秒
2019-02-28 09:30:59,395-root-INFO-等待10秒
2019-02-28 09:30:59,999-root-INFO-send_keyadmin
2019-02-28 09:30:59,999-root-INFO-send_keyadmin
2019-02-28 09:31:00,505-root-INFO-send_key123321
2019-02-28 09:31:00,505-root-INFO-send_key123321
2019-02-28 09:31:00,947-root-INFO-click
2019-02-28 09:31:00,947-root-INFO-click
2019-02-28 09:31:04,260-root-INFO-click
2019-02-28 09:31:04,260-root-INFO-click
2019-02-28 09:31:04,803-root-INFO-click
2019-02-28 09:31:04,803-root-INFO-click
2019-02-28 09:31:05,770-root-INFO-click
2019-02-28 09:31:05,770-root-INFO-click
2019-02-28 09:31:06,833-root-INFO-click
2019-02-28 09:31:06,833-root-INFO-click
2019-02-28 09:31:07,290-root-INFO-click
2019-02-28 09:31:07,290-root-INFO-click
2019-02-28 09:31:19,165-root-INFO-<pageobjects.plate_management.Manage object at 0x0000000003408D68> page not found element('name', 'admin_password')元素
2019-02-28 09:31:19,165-root-INFO-<pageobjects.plate_management.Manage object at 0x0000000003408D68> page not found element('name', 'admin_password')元素
2019-02-28 09:31:19,166-root-INFO-not send_keys
2019-02-28 09:31:19,166-root-INFO-not send_keys
2019-02-28 09:31:29,761-root-INFO-<pageobjects.plate_management.Manage object at 0x0000000003408D68> page not found element('css selector', '.loginnofloat .btn')元素
2019-02-28 09:31:29,761-root-INFO-<pageobjects.plate_management.Manage object at 0x0000000003408D68> page not found element('css selector', '.loginnofloat .btn')元素
2019-02-28 09:31:29,762-root-INFO-not click
2019-02-28 09:31:29,762-root-INFO-not click
2019-02-28 09:31:30,532-root-INFO-click
2019-02-28 09:31:30,532-root-INFO-click
2019-02-28 09:31:32,260-root-INFO-click
2019-02-28 09:31:32,260-root-INFO-click
2019-02-28 09:31:33,528-root-INFO-click
2019-02-28 09:31:33,528-root-INFO-click
2019-02-28 09:31:34,777-root-INFO-click
2019-02-28 09:31:34,777-root-INFO-click
2019-02-28 09:31:38,171-root-INFO-send_keyaaa
2019-02-28 09:31:38,171-root-INFO-send_keyaaa
2019-02-28 09:31:38,682-root-INFO-send_key123321
2019-02-28 09:31:38,682-root-INFO-send_key123321
2019-02-28 09:31:39,058-root-INFO-click
2019-02-28 09:31:39,058-root-INFO-click
2019-02-28 09:31:49,650-root-INFO-<pageobjects.post.Post object at 0x0000000003408908> page not found element('css selector', '.fl_icn a')元素
2019-02-28 09:31:49,650-root-INFO-<pageobjects.post.Post object at 0x0000000003408908> page not found element('css selector', '.fl_icn a')元素
2019-02-28 09:31:49,651-root-INFO-not click
2019-02-28 09:31:49,651-root-INFO-not click
2019-02-28 09:31:50,274-root-INFO-send_key标题2
2019-02-28 09:31:50,274-root-INFO-send_key标题2
2019-02-28 09:31:50,921-root-INFO-send_keyssssssssss
2019-02-28 09:31:50,921-root-INFO-send_keyssssssssss
2019-02-28 09:31:54,063-root-INFO-click
2019-02-28 09:31:54,063-root-INFO-click
2019-02-28 09:31:54,609-root-INFO-get_windows_img
2019-02-28 09:31:54,609-root-INFO-get_windows_img
2019-02-28 09:31:54,974-root-INFO-click
2019-02-28 09:31:54,974-root-INFO-click
2019-02-28 09:31:55,993-root-INFO-send_keyZZZZZZZZZZZZZ
2019-02-28 09:31:55,993-root-INFO-send_keyZZZZZZZZZZZZZ
2019-02-28 09:31:57,182-root-INFO-click
2019-02-28 09:31:57,182-root-INFO-click
2019-02-28 09:32:01,189-root-INFO-你选择了Chrome游览器.
2019-02-28 09:32:01,189-root-INFO-你选择了Chrome游览器.
2019-02-28 09:32:01,190-root-INFO-测试URL是:http://127.0.0.1/forum.php
2019-02-28 09:32:01,190-root-INFO-测试URL是:http://127.0.0.1/forum.php
2019-02-28 09:32:06,044-root-INFO-启动谷歌游览器
2019-02-28 09:32:06,044-root-INFO-启动谷歌游览器
2019-02-28 09:32:08,241-root-INFO-打开：http://127.0.0.1/forum.php
2019-02-28 09:32:08,241-root-INFO-打开：http://127.0.0.1/forum.php
2019-02-28 09:32:09,522-root-INFO-窗口最大化
2019-02-28 09:32:09,522-root-INFO-窗口最大化
2019-02-28 09:32:09,547-root-INFO-等待10秒
2019-02-28 09:32:09,547-root-INFO-等待10秒
2019-02-28 09:32:10,108-root-INFO-send_keyaaa
2019-02-28 09:32:10,108-root-INFO-send_keyaaa
2019-02-28 09:32:10,545-root-INFO-send_key123321
2019-02-28 09:32:10,545-root-INFO-send_key123321
2019-02-28 09:32:10,878-root-INFO-click
2019-02-28 09:32:10,878-root-INFO-click
2019-02-28 09:32:12,964-root-INFO-send_keyhaotest
2019-02-28 09:32:12,964-root-INFO-send_keyhaotest
2019-02-28 09:32:13,279-root-INFO-click
2019-02-28 09:32:13,279-root-INFO-click
2019-02-28 09:32:14,821-root-INFO-click
2019-02-28 09:32:14,821-root-INFO-click
2019-02-28 09:32:17,373-root-INFO-click
2019-02-28 09:32:17,373-root-INFO-click
