2019-02-28 17:18:51,754-root-INFO-你选择了Chrome游览器.
2019-02-28 17:18:51,754-root-INFO-你选择了Chrome游览器.
2019-02-28 17:18:51,755-root-INFO-测试URL是:http://127.0.0.1/forum.php
2019-02-28 17:18:51,755-root-INFO-测试URL是:http://127.0.0.1/forum.php
2019-02-28 17:19:01,555-root-INFO-启动谷歌游览器
2019-02-28 17:19:01,555-root-INFO-启动谷歌游览器
2019-02-28 17:19:03,666-root-INFO-打开：http://127.0.0.1/forum.php
2019-02-28 17:19:03,666-root-INFO-打开：http://127.0.0.1/forum.php
2019-02-28 17:19:04,840-root-INFO-窗口最大化
2019-02-28 17:19:04,840-root-INFO-窗口最大化
2019-02-28 17:19:04,861-root-INFO-等待10秒
2019-02-28 17:19:04,861-root-INFO-等待10秒
2019-02-28 17:19:05,611-root-INFO-send_keyadmin
2019-02-28 17:19:05,611-root-INFO-send_keyadmin
2019-02-28 17:19:06,564-root-INFO-send_key123321
2019-02-28 17:19:06,564-root-INFO-send_key123321
2019-02-28 17:19:07,113-root-INFO-click
2019-02-28 17:19:07,113-root-INFO-click
2019-02-28 19:18:06,346-root-INFO-你选择了Chrome游览器.
2019-02-28 19:18:06,346-root-INFO-你选择了Chrome游览器.
2019-02-28 19:18:06,347-root-INFO-测试URL是:http://127.0.0.1/forum.php
2019-02-28 19:18:06,347-root-INFO-测试URL是:http://127.0.0.1/forum.php
2019-02-28 19:18:11,900-root-INFO-启动谷歌游览器
2019-02-28 19:18:11,900-root-INFO-启动谷歌游览器
2019-02-28 19:18:18,772-root-INFO-打开：http://127.0.0.1/forum.php
2019-02-28 19:18:18,772-root-INFO-打开：http://127.0.0.1/forum.php
2019-02-28 19:18:20,071-root-INFO-窗口最大化
2019-02-28 19:18:20,071-root-INFO-窗口最大化
2019-02-28 19:18:20,094-root-INFO-等待10秒
2019-02-28 19:18:20,094-root-INFO-等待10秒
2019-02-28 19:18:20,792-root-INFO-send_keyadmin
2019-02-28 19:18:20,792-root-INFO-send_keyadmin
2019-02-28 19:18:21,473-root-INFO-send_key123321
2019-02-28 19:18:21,473-root-INFO-send_key123321
2019-02-28 19:18:22,010-root-INFO-click
2019-02-28 19:18:22,010-root-INFO-click
2019-02-28 19:18:26,429-root-INFO-click
2019-02-28 19:18:26,429-root-INFO-click
2019-02-28 19:18:27,117-root-INFO-send_key标题
2019-02-28 19:18:27,117-root-INFO-send_key标题
2019-02-28 19:18:28,094-root-INFO-send_keyaaaaaaaaaaaaaaaaaaaaaaaaaaaaa
2019-02-28 19:18:28,094-root-INFO-send_keyaaaaaaaaaaaaaaaaaaaaaaaaaaaaa
2019-02-28 19:18:30,401-root-INFO-click
2019-02-28 19:18:30,401-root-INFO-click
2019-02-28 19:18:31,048-root-INFO-get_windows_img
2019-02-28 19:18:31,048-root-INFO-get_windows_img
2019-02-28 19:18:31,619-root-INFO-click
2019-02-28 19:18:31,619-root-INFO-click
2019-02-28 19:18:33,083-root-INFO-send_keycdrhgkt3uygu5bgefrl
2019-02-28 19:18:33,083-root-INFO-send_keycdrhgkt3uygu5bgefrl
2019-02-28 19:18:34,518-root-INFO-click
2019-02-28 19:18:34,518-root-INFO-click
2019-02-28 19:18:35,749-root-INFO-click
2019-02-28 19:18:35,749-root-INFO-click
