2019-02-27 18:21:56,742-root-INFO-你选择了Chrome游览器.
2019-02-27 18:21:56,742-root-INFO-你选择了Chrome游览器.
2019-02-27 18:21:56,743-root-INFO-测试URL是:http://127.0.0.1/forum.php
2019-02-27 18:21:56,743-root-INFO-测试URL是:http://127.0.0.1/forum.php
2019-02-27 18:22:02,834-root-INFO-启动谷歌游览器
2019-02-27 18:22:02,834-root-INFO-启动谷歌游览器
2019-02-27 18:22:05,255-root-INFO-打开：http://127.0.0.1/forum.php
2019-02-27 18:22:05,255-root-INFO-打开：http://127.0.0.1/forum.php
2019-02-27 18:22:06,562-root-INFO-窗口最大化
2019-02-27 18:22:06,562-root-INFO-窗口最大化
2019-02-27 18:22:06,577-root-INFO-等待10秒
2019-02-27 18:22:06,577-root-INFO-等待10秒
2019-02-27 18:22:07,557-root-INFO-send_keyaaa
2019-02-27 18:22:07,557-root-INFO-send_keyaaa
2019-02-27 18:22:08,287-root-INFO-send_key123321
2019-02-27 18:22:08,287-root-INFO-send_key123321
2019-02-27 18:22:08,822-root-INFO-click
2019-02-27 18:22:08,822-root-INFO-click
2019-02-27 18:22:12,605-root-INFO-click
2019-02-27 18:22:12,605-root-INFO-click
2019-02-27 18:22:13,923-root-INFO-click
2019-02-27 18:22:13,923-root-INFO-click
2019-02-27 18:22:15,333-root-INFO-click
2019-02-27 18:22:15,333-root-INFO-click
2019-02-27 18:22:15,902-root-INFO-send_key应该去吗？
2019-02-27 18:22:15,902-root-INFO-send_key应该去吗？
2019-02-27 18:22:16,487-root-INFO-send_key同意
2019-02-27 18:22:16,487-root-INFO-send_key同意
2019-02-27 18:22:16,899-root-INFO-send_key不同意
2019-02-27 18:22:16,899-root-INFO-send_key不同意
2019-02-27 18:22:17,221-root-INFO-send_key中立
2019-02-27 18:22:17,221-root-INFO-send_key中立
2019-02-27 18:22:17,674-root-INFO-click
2019-02-27 18:22:17,674-root-INFO-click
2019-02-27 18:22:28,269-root-INFO-<pageobjects.vote_on.Voteon object at 0x00000000033E6BE0> page not found element('xpath', "//td[@class='pslt']/input[3]")元素
2019-02-27 18:22:28,269-root-INFO-<pageobjects.vote_on.Voteon object at 0x00000000033E6BE0> page not found element('xpath', "//td[@class='pslt']/input[3]")元素
2019-02-27 18:22:28,270-root-INFO-not click
2019-02-27 18:22:28,270-root-INFO-not click
2019-02-27 18:22:28,754-root-INFO-click
2019-02-27 18:22:28,754-root-INFO-click
2019-02-27 19:21:12,155-root-INFO-你选择了Chrome游览器.
2019-02-27 19:21:12,155-root-INFO-你选择了Chrome游览器.
2019-02-27 19:21:12,156-root-INFO-测试URL是:http://127.0.0.1/forum.php
2019-02-27 19:21:12,156-root-INFO-测试URL是:http://127.0.0.1/forum.php
2019-02-27 19:21:18,400-root-INFO-启动谷歌游览器
2019-02-27 19:21:18,400-root-INFO-启动谷歌游览器
2019-02-27 19:21:20,321-root-INFO-打开：http://127.0.0.1/forum.php
2019-02-27 19:21:20,321-root-INFO-打开：http://127.0.0.1/forum.php
2019-02-27 19:21:21,542-root-INFO-窗口最大化
2019-02-27 19:21:21,542-root-INFO-窗口最大化
2019-02-27 19:21:21,567-root-INFO-等待10秒
2019-02-27 19:21:21,567-root-INFO-等待10秒
2019-02-27 19:21:22,380-root-INFO-send_keyaaa
2019-02-27 19:21:22,380-root-INFO-send_keyaaa
2019-02-27 19:21:23,188-root-INFO-send_key123321
2019-02-27 19:21:23,188-root-INFO-send_key123321
2019-02-27 19:21:23,807-root-INFO-click
2019-02-27 19:21:23,807-root-INFO-click
2019-02-27 19:21:27,995-root-INFO-click
2019-02-27 19:21:27,995-root-INFO-click
2019-02-27 19:21:29,706-root-INFO-click
2019-02-27 19:21:29,706-root-INFO-click
2019-02-27 19:21:31,703-root-INFO-click
2019-02-27 19:21:31,703-root-INFO-click
2019-02-27 19:21:32,502-root-INFO-send_key应该去吗？
2019-02-27 19:21:32,502-root-INFO-send_key应该去吗？
2019-02-27 19:21:33,032-root-INFO-send_key同意
2019-02-27 19:21:33,032-root-INFO-send_key同意
2019-02-27 19:21:33,715-root-INFO-send_key不同意
2019-02-27 19:21:33,715-root-INFO-send_key不同意
2019-02-27 19:21:34,410-root-INFO-send_key中立
2019-02-27 19:21:34,410-root-INFO-send_key中立
2019-02-27 19:21:35,188-root-INFO-click
2019-02-27 19:21:35,188-root-INFO-click
2019-02-27 19:21:38,088-root-INFO-click
2019-02-27 19:21:38,088-root-INFO-click
2019-02-27 19:21:39,507-root-INFO-click
2019-02-27 19:21:39,507-root-INFO-click
