2019-02-28 19:16:21,041-root-INFO-你选择了Chrome游览器.
2019-02-28 19:16:21,041-root-INFO-你选择了Chrome游览器.
2019-02-28 19:16:21,043-root-INFO-测试URL是:http://127.0.0.1/forum.php
2019-02-28 19:16:21,043-root-INFO-测试URL是:http://127.0.0.1/forum.php
2019-02-28 19:16:27,780-root-INFO-启动谷歌游览器
2019-02-28 19:16:27,780-root-INFO-启动谷歌游览器
2019-02-28 19:16:31,596-root-INFO-打开：http://127.0.0.1/forum.php
2019-02-28 19:16:31,596-root-INFO-打开：http://127.0.0.1/forum.php
2019-02-28 19:16:32,871-root-INFO-窗口最大化
2019-02-28 19:16:32,871-root-INFO-窗口最大化
2019-02-28 19:16:32,883-root-INFO-等待10秒
2019-02-28 19:16:32,883-root-INFO-等待10秒
2019-02-28 19:16:33,561-root-INFO-send_keyadmin
2019-02-28 19:16:33,561-root-INFO-send_keyadmin
2019-02-28 19:16:34,113-root-INFO-send_key123321
2019-02-28 19:16:34,113-root-INFO-send_key123321
2019-02-28 19:16:34,549-root-INFO-click
2019-02-28 19:16:34,549-root-INFO-click
2019-02-28 19:16:38,860-root-INFO-click
2019-02-28 19:16:38,860-root-INFO-click
2019-02-28 19:16:39,450-root-INFO-send_key标题
2019-02-28 19:16:39,450-root-INFO-send_key标题
2019-02-28 19:16:40,015-root-INFO-send_keyaaaaaaaaaaaaaaaaaaaaaaaaaaaaa
2019-02-28 19:16:40,015-root-INFO-send_keyaaaaaaaaaaaaaaaaaaaaaaaaaaaaa
2019-02-28 19:17:16,420-root-INFO-click
2019-02-28 19:17:16,420-root-INFO-click
2019-02-28 19:17:17,496-root-INFO-get_windows_img
2019-02-28 19:17:17,496-root-INFO-get_windows_img
2019-02-28 19:17:18,905-root-INFO-click
2019-02-28 19:17:18,905-root-INFO-click
2019-02-28 19:17:20,628-root-INFO-send_keycdrhgkt3uygu5bgefrl
2019-02-28 19:17:20,628-root-INFO-send_keycdrhgkt3uygu5bgefrl
2019-02-28 19:17:26,864-root-INFO-click
2019-02-28 19:17:26,864-root-INFO-click
