2019-02-28 09:11:31,728-root-INFO-你选择了Chrome游览器.
2019-02-28 09:11:31,728-root-INFO-你选择了Chrome游览器.
2019-02-28 09:11:31,729-root-INFO-测试URL是:http://127.0.0.1/forum.php
2019-02-28 09:11:31,729-root-INFO-测试URL是:http://127.0.0.1/forum.php
2019-02-28 09:11:36,033-root-INFO-启动谷歌游览器
2019-02-28 09:11:36,033-root-INFO-启动谷歌游览器
2019-02-28 09:11:38,761-root-INFO-打开：http://127.0.0.1/forum.php
2019-02-28 09:11:38,761-root-INFO-打开：http://127.0.0.1/forum.php
2019-02-28 09:11:39,894-root-INFO-窗口最大化
2019-02-28 09:11:39,894-root-INFO-窗口最大化
2019-02-28 09:11:39,897-root-INFO-等待10秒
2019-02-28 09:11:39,897-root-INFO-等待10秒
2019-02-28 09:11:40,124-root-INFO-send_keyaaa
2019-02-28 09:11:40,124-root-INFO-send_keyaaa
2019-02-28 09:11:40,378-root-INFO-send_key123321
2019-02-28 09:11:40,378-root-INFO-send_key123321
2019-02-28 09:11:40,540-root-INFO-click
2019-02-28 09:11:40,540-root-INFO-click
2019-02-28 09:11:42,543-root-INFO-click
2019-02-28 09:11:42,543-root-INFO-click
2019-02-28 09:11:43,295-root-INFO-click
2019-02-28 09:11:43,295-root-INFO-click
2019-02-28 09:11:43,990-root-INFO-click
2019-02-28 09:11:43,990-root-INFO-click
2019-02-28 09:11:44,279-root-INFO-send_key应该去吗？
2019-02-28 09:11:44,279-root-INFO-send_key应该去吗？
2019-02-28 09:11:44,547-root-INFO-send_key同意
2019-02-28 09:11:44,547-root-INFO-send_key同意
2019-02-28 09:11:44,815-root-INFO-send_key不同意
2019-02-28 09:11:44,815-root-INFO-send_key不同意
2019-02-28 09:11:45,092-root-INFO-send_key中立
2019-02-28 09:11:45,092-root-INFO-send_key中立
2019-02-28 09:11:45,407-root-INFO-click
2019-02-28 09:11:45,407-root-INFO-click
2019-02-28 09:11:47,155-root-INFO-click
2019-02-28 09:11:47,155-root-INFO-click
2019-02-28 09:11:48,400-root-INFO-click
2019-02-28 09:11:48,400-root-INFO-click
2019-02-28 09:11:53,188-root-INFO-你选择了Chrome游览器.
2019-02-28 09:11:53,188-root-INFO-你选择了Chrome游览器.
2019-02-28 09:11:53,189-root-INFO-测试URL是:http://127.0.0.1/forum.php
2019-02-28 09:11:53,189-root-INFO-测试URL是:http://127.0.0.1/forum.php
2019-02-28 09:11:56,795-root-INFO-启动谷歌游览器
2019-02-28 09:11:56,795-root-INFO-启动谷歌游览器
2019-02-28 09:12:03,936-root-INFO-打开：http://127.0.0.1/forum.php
2019-02-28 09:12:03,936-root-INFO-打开：http://127.0.0.1/forum.php
2019-02-28 09:12:05,060-root-INFO-窗口最大化
2019-02-28 09:12:05,060-root-INFO-窗口最大化
2019-02-28 09:12:05,063-root-INFO-等待10秒
2019-02-28 09:12:05,063-root-INFO-等待10秒
2019-02-28 09:12:05,436-root-INFO-send_keyadmin
2019-02-28 09:12:05,436-root-INFO-send_keyadmin
2019-02-28 09:12:05,735-root-INFO-send_key123321
2019-02-28 09:12:05,735-root-INFO-send_key123321
2019-02-28 09:12:05,945-root-INFO-click
2019-02-28 09:12:05,945-root-INFO-click
2019-02-28 09:12:13,883-root-INFO-click
2019-02-28 09:12:13,883-root-INFO-click
2019-02-28 09:12:14,541-root-INFO-send_key标题
2019-02-28 09:12:14,541-root-INFO-send_key标题
2019-02-28 09:12:15,644-root-INFO-send_keyaaaaaaaaaaaaaaaaaaaaaaaaaaaaa
2019-02-28 09:12:15,644-root-INFO-send_keyaaaaaaaaaaaaaaaaaaaaaaaaaaaaa
2019-02-28 09:12:20,432-root-INFO-click
2019-02-28 09:12:20,432-root-INFO-click
2019-02-28 09:12:21,026-root-INFO-get_windows_img
2019-02-28 09:12:21,026-root-INFO-get_windows_img
2019-02-28 09:12:21,476-root-INFO-click
2019-02-28 09:12:21,476-root-INFO-click
2019-02-28 09:12:22,820-root-INFO-send_keycdrhgkt3uygu5bgefrl
2019-02-28 09:12:22,820-root-INFO-send_keycdrhgkt3uygu5bgefrl
2019-02-28 09:12:24,094-root-INFO-click
2019-02-28 09:12:24,094-root-INFO-click
2019-02-28 09:12:25,420-root-INFO-click
2019-02-28 09:12:25,420-root-INFO-click
2019-02-28 09:12:28,017-root-INFO-你选择了Chrome游览器.
2019-02-28 09:12:28,017-root-INFO-你选择了Chrome游览器.
2019-02-28 09:12:28,018-root-INFO-测试URL是:http://127.0.0.1/forum.php
2019-02-28 09:12:28,018-root-INFO-测试URL是:http://127.0.0.1/forum.php
2019-02-28 09:12:33,244-root-INFO-启动谷歌游览器
2019-02-28 09:12:33,244-root-INFO-启动谷歌游览器
2019-02-28 09:12:37,685-root-INFO-打开：http://127.0.0.1/forum.php
2019-02-28 09:12:37,685-root-INFO-打开：http://127.0.0.1/forum.php
2019-02-28 09:12:38,985-root-INFO-窗口最大化
2019-02-28 09:12:38,985-root-INFO-窗口最大化
2019-02-28 09:12:39,015-root-INFO-等待10秒
2019-02-28 09:12:39,015-root-INFO-等待10秒
2019-02-28 09:12:39,686-root-INFO-send_keyadmin
2019-02-28 09:12:39,686-root-INFO-send_keyadmin
2019-02-28 09:12:40,123-root-INFO-send_key123321
2019-02-28 09:12:40,123-root-INFO-send_key123321
2019-02-28 09:12:40,457-root-INFO-click
2019-02-28 09:12:40,457-root-INFO-click
2019-02-28 09:12:44,001-root-INFO-click
2019-02-28 09:12:44,001-root-INFO-click
2019-02-28 09:12:44,827-root-INFO-click
2019-02-28 09:12:44,827-root-INFO-click
2019-02-28 09:12:46,123-root-INFO-click
2019-02-28 09:12:46,123-root-INFO-click
2019-02-28 09:12:47,564-root-INFO-click
2019-02-28 09:12:47,564-root-INFO-click
2019-02-28 09:12:48,078-root-INFO-click
2019-02-28 09:12:48,078-root-INFO-click
2019-02-28 09:12:49,802-root-INFO-send_key123321
2019-02-28 09:12:49,802-root-INFO-send_key123321
2019-02-28 09:13:16,203-root-INFO-click
2019-02-28 09:13:16,203-root-INFO-click
2019-02-28 09:13:17,782-root-INFO-click
2019-02-28 09:13:17,782-root-INFO-click
2019-02-28 09:13:19,024-root-INFO-click
2019-02-28 09:13:19,024-root-INFO-click
2019-02-28 09:13:20,172-root-INFO-click
2019-02-28 09:13:20,172-root-INFO-click
2019-02-28 09:13:21,487-root-INFO-click
2019-02-28 09:13:21,487-root-INFO-click
2019-02-28 09:13:24,159-root-INFO-send_keyaaa
2019-02-28 09:13:24,159-root-INFO-send_keyaaa
2019-02-28 09:13:24,379-root-INFO-send_key123321
2019-02-28 09:13:24,379-root-INFO-send_key123321
2019-02-28 09:13:24,534-root-INFO-click
2019-02-28 09:13:24,534-root-INFO-click
2019-02-28 09:13:27,621-root-INFO-你选择了Chrome游览器.
2019-02-28 09:13:27,621-root-INFO-你选择了Chrome游览器.
2019-02-28 09:13:27,622-root-INFO-测试URL是:http://127.0.0.1/forum.php
2019-02-28 09:13:27,622-root-INFO-测试URL是:http://127.0.0.1/forum.php
2019-02-28 09:13:33,288-root-INFO-启动谷歌游览器
2019-02-28 09:13:33,288-root-INFO-启动谷歌游览器
2019-02-28 09:13:36,105-root-INFO-打开：http://127.0.0.1/forum.php
2019-02-28 09:13:36,105-root-INFO-打开：http://127.0.0.1/forum.php
2019-02-28 09:13:37,262-root-INFO-窗口最大化
2019-02-28 09:13:37,262-root-INFO-窗口最大化
2019-02-28 09:13:37,273-root-INFO-等待10秒
2019-02-28 09:13:37,273-root-INFO-等待10秒
2019-02-28 09:13:37,759-root-INFO-send_keyaaa
2019-02-28 09:13:37,759-root-INFO-send_keyaaa
2019-02-28 09:13:38,216-root-INFO-send_key123321
2019-02-28 09:13:38,216-root-INFO-send_key123321
2019-02-28 09:13:38,519-root-INFO-click
2019-02-28 09:13:38,519-root-INFO-click
2019-02-28 09:13:40,229-root-INFO-send_keyhaotest
2019-02-28 09:13:40,229-root-INFO-send_keyhaotest
2019-02-28 09:13:40,555-root-INFO-click
2019-02-28 09:13:40,555-root-INFO-click
2019-02-28 09:13:42,515-root-INFO-click
2019-02-28 09:13:42,515-root-INFO-click
2019-02-28 09:13:44,797-root-INFO-click
2019-02-28 09:13:44,797-root-INFO-click
2019-02-28 10:11:32,585-root-INFO-你选择了Chrome游览器.
2019-02-28 10:11:32,585-root-INFO-你选择了Chrome游览器.
2019-02-28 10:11:32,586-root-INFO-测试URL是:http://127.0.0.1/forum.php
2019-02-28 10:11:32,586-root-INFO-测试URL是:http://127.0.0.1/forum.php
2019-02-28 10:11:41,280-root-INFO-启动谷歌游览器
2019-02-28 10:11:41,280-root-INFO-启动谷歌游览器
2019-02-28 10:11:42,400-root-INFO-打开：http://127.0.0.1/forum.php
2019-02-28 10:11:42,400-root-INFO-打开：http://127.0.0.1/forum.php
2019-02-28 10:11:43,660-root-INFO-窗口最大化
2019-02-28 10:11:43,660-root-INFO-窗口最大化
2019-02-28 10:11:43,672-root-INFO-等待10秒
2019-02-28 10:11:43,672-root-INFO-等待10秒
2019-02-28 10:11:44,303-root-INFO-send_keyadmin
2019-02-28 10:11:44,303-root-INFO-send_keyadmin
2019-02-28 10:11:44,832-root-INFO-send_key123321
2019-02-28 10:11:44,832-root-INFO-send_key123321
2019-02-28 10:11:45,246-root-INFO-click
2019-02-28 10:11:45,246-root-INFO-click
2019-02-28 10:11:49,288-root-INFO-click
2019-02-28 10:11:49,288-root-INFO-click
2019-02-28 10:11:49,743-root-INFO-click
2019-02-28 10:11:49,743-root-INFO-click
2019-02-28 10:11:50,633-root-INFO-click
2019-02-28 10:11:50,633-root-INFO-click
2019-02-28 10:11:51,608-root-INFO-click
2019-02-28 10:11:51,608-root-INFO-click
2019-02-28 10:11:52,122-root-INFO-click
2019-02-28 10:11:52,122-root-INFO-click
2019-02-28 10:12:03,804-root-ERROR-<pageobjects.plate_management.Manage object at 0x00000000027C90F0> page not found element('name', 'admin_password')元素
2019-02-28 10:12:03,804-root-ERROR-<pageobjects.plate_management.Manage object at 0x00000000027C90F0> page not found element('name', 'admin_password')元素
2019-02-28 10:12:03,805-root-ERROR-not send_keys
2019-02-28 10:12:03,805-root-ERROR-not send_keys
2019-02-28 10:12:14,385-root-ERROR-<pageobjects.plate_management.Manage object at 0x00000000027C90F0> page not found element('css selector', '.loginnofloat .btn')元素
2019-02-28 10:12:14,385-root-ERROR-<pageobjects.plate_management.Manage object at 0x00000000027C90F0> page not found element('css selector', '.loginnofloat .btn')元素
2019-02-28 10:12:14,387-root-ERROR-not click
2019-02-28 10:12:14,387-root-ERROR-not click
2019-02-28 10:12:15,849-root-INFO-click
2019-02-28 10:12:15,849-root-INFO-click
2019-02-28 10:12:16,855-root-INFO-click
2019-02-28 10:12:16,855-root-INFO-click
2019-02-28 10:12:18,033-root-INFO-click
2019-02-28 10:12:18,033-root-INFO-click
2019-02-28 10:12:19,411-root-INFO-click
2019-02-28 10:12:19,411-root-INFO-click
2019-02-28 10:12:22,786-root-INFO-send_keyaaa
2019-02-28 10:12:22,786-root-INFO-send_keyaaa
2019-02-28 10:12:23,192-root-INFO-send_key123321
2019-02-28 10:12:23,192-root-INFO-send_key123321
2019-02-28 10:12:23,592-root-INFO-click
2019-02-28 10:12:23,592-root-INFO-click
2019-02-28 10:12:34,107-root-ERROR-<pageobjects.post.Post object at 0x00000000033F5C18> page not found element('css selector', '.fl_icn a')元素
2019-02-28 10:12:34,107-root-ERROR-<pageobjects.post.Post object at 0x00000000033F5C18> page not found element('css selector', '.fl_icn a')元素
2019-02-28 10:12:34,108-root-ERROR-not click
2019-02-28 10:12:34,108-root-ERROR-not click
2019-02-28 10:12:34,701-root-INFO-send_key标题2
2019-02-28 10:12:34,701-root-INFO-send_key标题2
2019-02-28 10:12:35,416-root-INFO-send_keyssssssssss
2019-02-28 10:12:35,416-root-INFO-send_keyssssssssss
2019-02-28 10:12:43,196-root-INFO-click
2019-02-28 10:12:43,196-root-INFO-click
2019-02-28 10:12:43,759-root-INFO-get_windows_img
2019-02-28 10:12:43,759-root-INFO-get_windows_img
2019-02-28 10:12:44,122-root-INFO-click
2019-02-28 10:12:44,122-root-INFO-click
2019-02-28 10:12:45,332-root-INFO-send_keyZZZZZZZZZZZZZ
2019-02-28 10:12:45,332-root-INFO-send_keyZZZZZZZZZZZZZ
2019-02-28 10:12:46,462-root-INFO-click
2019-02-28 10:12:46,462-root-INFO-click
2019-02-28 20:11:01,468-root-INFO-你选择了Chrome游览器.
2019-02-28 20:11:01,468-root-INFO-你选择了Chrome游览器.
2019-02-28 20:11:01,469-root-INFO-测试URL是:http://127.0.0.1/forum.php
2019-02-28 20:11:01,469-root-INFO-测试URL是:http://127.0.0.1/forum.php
2019-02-28 20:11:07,256-root-INFO-启动谷歌游览器
2019-02-28 20:11:07,256-root-INFO-启动谷歌游览器
2019-02-28 20:11:09,639-root-INFO-打开：http://127.0.0.1/forum.php
2019-02-28 20:11:09,639-root-INFO-打开：http://127.0.0.1/forum.php
2019-02-28 20:11:10,915-root-INFO-窗口最大化
2019-02-28 20:11:10,915-root-INFO-窗口最大化
2019-02-28 20:11:10,925-root-INFO-等待10秒
2019-02-28 20:11:10,925-root-INFO-等待10秒
2019-02-28 20:11:11,732-root-INFO-send_keyaaa
2019-02-28 20:11:11,732-root-INFO-send_keyaaa
2019-02-28 20:11:12,539-root-INFO-send_key123321
2019-02-28 20:11:12,539-root-INFO-send_key123321
2019-02-28 20:11:13,125-root-INFO-click
2019-02-28 20:11:13,125-root-INFO-click
2019-02-28 20:11:16,887-root-INFO-click
2019-02-28 20:11:16,887-root-INFO-click
2019-02-28 20:11:18,184-root-INFO-click
2019-02-28 20:11:18,184-root-INFO-click
2019-02-28 20:11:19,588-root-INFO-click
2019-02-28 20:11:19,588-root-INFO-click
2019-02-28 20:11:20,515-root-INFO-send_key应该去吗？
2019-02-28 20:11:20,515-root-INFO-send_key应该去吗？
2019-02-28 20:11:21,238-root-INFO-send_key同意
2019-02-28 20:11:21,238-root-INFO-send_key同意
2019-02-28 20:11:21,937-root-INFO-send_key不同意
2019-02-28 20:11:21,937-root-INFO-send_key不同意
2019-02-28 20:11:22,588-root-INFO-send_key中立
2019-02-28 20:11:22,588-root-INFO-send_key中立
2019-02-28 20:11:23,246-root-INFO-click
2019-02-28 20:11:23,246-root-INFO-click
2019-02-28 20:11:45,891-root-INFO-你选择了Chrome游览器.
2019-02-28 20:11:45,891-root-INFO-你选择了Chrome游览器.
2019-02-28 20:11:45,892-root-INFO-测试URL是:http://127.0.0.1/forum.php
2019-02-28 20:11:45,892-root-INFO-测试URL是:http://127.0.0.1/forum.php
2019-02-28 20:11:52,906-root-INFO-启动谷歌游览器
2019-02-28 20:11:52,906-root-INFO-启动谷歌游览器
2019-02-28 20:11:55,346-root-INFO-打开：http://127.0.0.1/forum.php
2019-02-28 20:11:55,346-root-INFO-打开：http://127.0.0.1/forum.php
2019-02-28 20:11:56,569-root-INFO-窗口最大化
2019-02-28 20:11:56,569-root-INFO-窗口最大化
2019-02-28 20:11:56,579-root-INFO-等待10秒
2019-02-28 20:11:56,579-root-INFO-等待10秒
2019-02-28 20:11:57,127-root-INFO-send_keyaaa
2019-02-28 20:11:57,127-root-INFO-send_keyaaa
2019-02-28 20:11:57,637-root-INFO-send_key123321
2019-02-28 20:11:57,637-root-INFO-send_key123321
2019-02-28 20:11:58,043-root-INFO-click
2019-02-28 20:11:58,043-root-INFO-click
2019-02-28 20:12:03,708-root-INFO-click
2019-02-28 20:12:03,708-root-INFO-click
2019-02-28 20:12:05,366-root-INFO-click
2019-02-28 20:12:05,366-root-INFO-click
2019-02-28 20:12:06,860-root-INFO-click
2019-02-28 20:12:06,860-root-INFO-click
2019-02-28 20:12:07,314-root-INFO-send_key应该去吗？
2019-02-28 20:12:07,314-root-INFO-send_key应该去吗？
2019-02-28 20:12:07,745-root-INFO-send_key同意
2019-02-28 20:12:07,745-root-INFO-send_key同意
2019-02-28 20:12:08,158-root-INFO-send_key不同意
2019-02-28 20:12:08,158-root-INFO-send_key不同意
2019-02-28 20:12:08,542-root-INFO-send_key中立
2019-02-28 20:12:08,542-root-INFO-send_key中立
2019-02-28 20:12:08,956-root-INFO-click
2019-02-28 20:12:08,956-root-INFO-click
2019-02-28 20:12:11,184-root-INFO-click
2019-02-28 20:12:11,184-root-INFO-click
2019-02-28 20:12:13,515-root-INFO-click
2019-02-28 20:12:13,515-root-INFO-click
2019-02-28 20:12:19,042-root-INFO-你选择了Chrome游览器.
2019-02-28 20:12:19,042-root-INFO-你选择了Chrome游览器.
2019-02-28 20:12:19,042-root-INFO-测试URL是:http://127.0.0.1/forum.php
2019-02-28 20:12:19,042-root-INFO-测试URL是:http://127.0.0.1/forum.php
2019-02-28 20:12:22,684-root-INFO-启动谷歌游览器
2019-02-28 20:12:22,684-root-INFO-启动谷歌游览器
2019-02-28 20:12:25,456-root-INFO-打开：http://127.0.0.1/forum.php
2019-02-28 20:12:25,456-root-INFO-打开：http://127.0.0.1/forum.php
2019-02-28 20:12:26,629-root-INFO-窗口最大化
2019-02-28 20:12:26,629-root-INFO-窗口最大化
2019-02-28 20:12:26,643-root-INFO-等待10秒
2019-02-28 20:12:26,643-root-INFO-等待10秒
2019-02-28 20:12:27,167-root-INFO-send_keyadmin
2019-02-28 20:12:27,167-root-INFO-send_keyadmin
2019-02-28 20:12:27,551-root-INFO-send_key123321
2019-02-28 20:12:27,551-root-INFO-send_key123321
2019-02-28 20:12:27,872-root-INFO-click
2019-02-28 20:12:27,872-root-INFO-click
2019-02-28 20:12:33,580-root-INFO-click
2019-02-28 20:12:33,580-root-INFO-click
2019-02-28 20:12:34,713-root-INFO-send_key标题
2019-02-28 20:12:34,713-root-INFO-send_key标题
2019-02-28 20:12:35,732-root-INFO-send_keyaaaaaaaaaaaaaaaaaaaaaaaaaaaaa
2019-02-28 20:12:35,732-root-INFO-send_keyaaaaaaaaaaaaaaaaaaaaaaaaaaaaa
2019-02-28 20:12:38,246-root-INFO-click
2019-02-28 20:12:38,246-root-INFO-click
2019-02-28 20:12:38,912-root-INFO-get_windows_img
2019-02-28 20:12:38,912-root-INFO-get_windows_img
2019-02-28 20:12:39,556-root-INFO-click
2019-02-28 20:12:39,556-root-INFO-click
2019-02-28 20:12:41,082-root-INFO-send_keycdrhgkt3uygu5bgefrl
2019-02-28 20:12:41,082-root-INFO-send_keycdrhgkt3uygu5bgefrl
2019-02-28 20:12:42,314-root-INFO-click
2019-02-28 20:12:42,314-root-INFO-click
2019-02-28 20:12:43,671-root-INFO-click
2019-02-28 20:12:43,671-root-INFO-click
2019-02-28 20:12:46,132-root-INFO-你选择了Chrome游览器.
2019-02-28 20:12:46,132-root-INFO-你选择了Chrome游览器.
2019-02-28 20:12:46,133-root-INFO-测试URL是:http://127.0.0.1/forum.php
2019-02-28 20:12:46,133-root-INFO-测试URL是:http://127.0.0.1/forum.php
2019-02-28 20:12:49,702-root-INFO-启动谷歌游览器
2019-02-28 20:12:49,702-root-INFO-启动谷歌游览器
2019-02-28 20:12:52,187-root-INFO-打开：http://127.0.0.1/forum.php
2019-02-28 20:12:52,187-root-INFO-打开：http://127.0.0.1/forum.php
2019-02-28 20:12:53,505-root-INFO-窗口最大化
2019-02-28 20:12:53,505-root-INFO-窗口最大化
2019-02-28 20:12:53,520-root-INFO-等待10秒
2019-02-28 20:12:53,520-root-INFO-等待10秒
2019-02-28 20:12:54,405-root-INFO-send_keyadmin
2019-02-28 20:12:54,405-root-INFO-send_keyadmin
2019-02-28 20:12:55,163-root-INFO-send_key123321
2019-02-28 20:12:55,163-root-INFO-send_key123321
2019-02-28 20:12:55,645-root-INFO-click
2019-02-28 20:12:55,645-root-INFO-click
2019-02-28 20:12:59,611-root-INFO-click
2019-02-28 20:12:59,611-root-INFO-click
2019-02-28 20:12:59,881-root-INFO-click
2019-02-28 20:12:59,881-root-INFO-click
2019-02-28 20:13:00,568-root-INFO-click
2019-02-28 20:13:00,568-root-INFO-click
2019-02-28 20:13:01,580-root-INFO-click
2019-02-28 20:13:01,580-root-INFO-click
2019-02-28 20:13:01,983-root-INFO-click
2019-02-28 20:13:01,983-root-INFO-click
2019-02-28 20:13:14,079-root-ERROR-<pageobjects.plate_management.Manage object at 0x00000000033FCA58> page not found element('name', 'admin_password')元素
2019-02-28 20:13:14,079-root-ERROR-<pageobjects.plate_management.Manage object at 0x00000000033FCA58> page not found element('name', 'admin_password')元素
2019-02-28 20:13:14,080-root-ERROR-not send_keys
2019-02-28 20:13:14,080-root-ERROR-not send_keys
2019-02-28 20:13:24,651-root-ERROR-<pageobjects.plate_management.Manage object at 0x00000000033FCA58> page not found element('css selector', '.loginnofloat .btn')元素
2019-02-28 20:13:24,651-root-ERROR-<pageobjects.plate_management.Manage object at 0x00000000033FCA58> page not found element('css selector', '.loginnofloat .btn')元素
2019-02-28 20:13:24,652-root-ERROR-not click
2019-02-28 20:13:24,652-root-ERROR-not click
2019-02-28 20:13:25,764-root-INFO-click
2019-02-28 20:13:25,764-root-INFO-click
2019-02-28 20:13:27,568-root-INFO-click
2019-02-28 20:13:27,568-root-INFO-click
2019-02-28 20:13:28,595-root-INFO-click
2019-02-28 20:13:28,595-root-INFO-click
2019-02-28 20:13:29,331-root-INFO-click
2019-02-28 20:13:29,331-root-INFO-click
2019-02-28 20:13:32,962-root-INFO-send_keyaaa
2019-02-28 20:13:32,962-root-INFO-send_keyaaa
2019-02-28 20:13:33,577-root-INFO-send_key123321
2019-02-28 20:13:33,577-root-INFO-send_key123321
2019-02-28 20:13:33,973-root-INFO-click
2019-02-28 20:13:33,973-root-INFO-click
2019-02-28 20:13:35,353-root-INFO-send_key标题2
2019-02-28 20:13:35,353-root-INFO-send_key标题2
2019-02-28 20:13:35,807-root-INFO-send_keyssssssssss
2019-02-28 20:13:35,807-root-INFO-send_keyssssssssss
2019-02-28 20:13:38,532-root-INFO-click
2019-02-28 20:13:38,532-root-INFO-click
2019-02-28 20:13:39,373-root-INFO-get_windows_img
2019-02-28 20:13:39,373-root-INFO-get_windows_img
2019-02-28 20:13:40,008-root-INFO-click
2019-02-28 20:13:40,008-root-INFO-click
2019-02-28 20:13:41,409-root-INFO-send_keyZZZZZZZZZZZZZ
2019-02-28 20:13:41,409-root-INFO-send_keyZZZZZZZZZZZZZ
2019-02-28 20:13:42,528-root-INFO-click
2019-02-28 20:13:42,528-root-INFO-click
2019-02-28 20:13:45,145-root-INFO-你选择了Chrome游览器.
2019-02-28 20:13:45,145-root-INFO-你选择了Chrome游览器.
2019-02-28 20:13:45,146-root-INFO-测试URL是:http://127.0.0.1/forum.php
2019-02-28 20:13:45,146-root-INFO-测试URL是:http://127.0.0.1/forum.php
2019-02-28 20:13:51,149-root-INFO-启动谷歌游览器
2019-02-28 20:13:51,149-root-INFO-启动谷歌游览器
2019-02-28 20:13:53,449-root-INFO-打开：http://127.0.0.1/forum.php
2019-02-28 20:13:53,449-root-INFO-打开：http://127.0.0.1/forum.php
2019-02-28 20:13:54,698-root-INFO-窗口最大化
2019-02-28 20:13:54,698-root-INFO-窗口最大化
2019-02-28 20:13:54,739-root-INFO-等待10秒
2019-02-28 20:13:54,739-root-INFO-等待10秒
2019-02-28 20:13:56,026-root-INFO-send_keyaaa
2019-02-28 20:13:56,026-root-INFO-send_keyaaa
2019-02-28 20:13:56,923-root-INFO-send_key123321
2019-02-28 20:13:56,923-root-INFO-send_key123321
2019-02-28 20:13:57,515-root-INFO-click
2019-02-28 20:13:57,515-root-INFO-click
2019-02-28 20:13:59,469-root-INFO-send_keyhaotest
2019-02-28 20:13:59,469-root-INFO-send_keyhaotest
2019-02-28 20:14:00,043-root-INFO-click
2019-02-28 20:14:00,043-root-INFO-click
2019-02-28 20:14:01,625-root-INFO-click
2019-02-28 20:14:01,625-root-INFO-click
2019-02-28 20:14:03,582-root-INFO-click
2019-02-28 20:14:03,582-root-INFO-click
