2019-02-28 19:33:28,604-root-INFO-你选择了Chrome游览器.
2019-02-28 19:33:28,604-root-INFO-你选择了Chrome游览器.
2019-02-28 19:33:28,605-root-INFO-测试URL是:http://127.0.0.1/forum.php
2019-02-28 19:33:28,605-root-INFO-测试URL是:http://127.0.0.1/forum.php
2019-02-28 19:33:34,075-root-INFO-启动谷歌游览器
2019-02-28 19:33:34,075-root-INFO-启动谷歌游览器
2019-02-28 19:33:35,711-root-INFO-打开：http://127.0.0.1/forum.php
2019-02-28 19:33:35,711-root-INFO-打开：http://127.0.0.1/forum.php
2019-02-28 19:33:36,939-root-INFO-窗口最大化
2019-02-28 19:33:36,939-root-INFO-窗口最大化
2019-02-28 19:33:36,966-root-INFO-等待10秒
2019-02-28 19:33:36,966-root-INFO-等待10秒
2019-02-28 19:33:37,614-root-INFO-send_keyaaa
2019-02-28 19:33:37,614-root-INFO-send_keyaaa
2019-02-28 19:33:38,242-root-INFO-send_key123321
2019-02-28 19:33:38,242-root-INFO-send_key123321
2019-02-28 19:33:38,739-root-INFO-click
2019-02-28 19:33:38,739-root-INFO-click
2019-02-28 19:33:42,708-root-INFO-click
2019-02-28 19:33:42,708-root-INFO-click
2019-02-28 19:33:44,189-root-INFO-click
2019-02-28 19:33:44,189-root-INFO-click
2019-02-28 19:33:45,252-root-INFO-click
2019-02-28 19:33:45,252-root-INFO-click
2019-02-28 19:33:45,699-root-INFO-send_key应该去吗？
2019-02-28 19:33:45,699-root-INFO-send_key应该去吗？
2019-02-28 19:33:46,064-root-INFO-send_key同意
2019-02-28 19:33:46,064-root-INFO-send_key同意
2019-02-28 19:33:46,715-root-INFO-send_key不同意
2019-02-28 19:33:46,715-root-INFO-send_key不同意
2019-02-28 19:33:47,243-root-INFO-send_key中立
2019-02-28 19:33:47,243-root-INFO-send_key中立
2019-02-28 19:33:48,203-root-INFO-click
2019-02-28 19:33:48,203-root-INFO-click
2019-02-28 19:33:51,193-root-INFO-click
2019-02-28 19:33:51,193-root-INFO-click
2019-02-28 19:33:53,304-root-INFO-click
2019-02-28 19:33:53,304-root-INFO-click
2019-02-28 19:33:58,549-root-INFO-你选择了Chrome游览器.
2019-02-28 19:33:58,549-root-INFO-你选择了Chrome游览器.
2019-02-28 19:33:58,550-root-INFO-测试URL是:http://127.0.0.1/forum.php
2019-02-28 19:33:58,550-root-INFO-测试URL是:http://127.0.0.1/forum.php
2019-02-28 19:34:05,343-root-INFO-启动谷歌游览器
2019-02-28 19:34:05,343-root-INFO-启动谷歌游览器
2019-02-28 19:34:06,668-root-INFO-打开：http://127.0.0.1/forum.php
2019-02-28 19:34:06,668-root-INFO-打开：http://127.0.0.1/forum.php
2019-02-28 19:34:07,996-root-INFO-窗口最大化
2019-02-28 19:34:07,996-root-INFO-窗口最大化
2019-02-28 19:34:08,010-root-INFO-等待10秒
2019-02-28 19:34:08,010-root-INFO-等待10秒
2019-02-28 19:34:08,907-root-INFO-send_keyadmin
2019-02-28 19:34:08,907-root-INFO-send_keyadmin
2019-02-28 19:34:09,708-root-INFO-send_key123321
2019-02-28 19:34:09,708-root-INFO-send_key123321
2019-02-28 19:34:10,213-root-INFO-click
2019-02-28 19:34:10,213-root-INFO-click
2019-02-28 19:34:14,504-root-INFO-click
2019-02-28 19:34:14,504-root-INFO-click
2019-02-28 19:34:15,175-root-INFO-send_key标题
2019-02-28 19:34:15,175-root-INFO-send_key标题
2019-02-28 19:34:16,199-root-INFO-send_keyaaaaaaaaaaaaaaaaaaaaaaaaaaaaa
2019-02-28 19:34:16,199-root-INFO-send_keyaaaaaaaaaaaaaaaaaaaaaaaaaaaaa
2019-02-28 19:34:18,618-root-INFO-click
2019-02-28 19:34:18,618-root-INFO-click
2019-02-28 19:34:19,396-root-INFO-get_windows_img
2019-02-28 19:34:19,396-root-INFO-get_windows_img
2019-02-28 19:34:20,018-root-INFO-click
2019-02-28 19:34:20,018-root-INFO-click
2019-02-28 19:34:21,140-root-INFO-send_keycdrhgkt3uygu5bgefrl
2019-02-28 19:34:21,140-root-INFO-send_keycdrhgkt3uygu5bgefrl
2019-02-28 19:34:22,034-root-INFO-click
2019-02-28 19:34:22,034-root-INFO-click
2019-02-28 19:34:22,883-root-INFO-click
2019-02-28 19:34:22,883-root-INFO-click
2019-02-28 19:34:25,267-root-INFO-你选择了Chrome游览器.
2019-02-28 19:34:25,267-root-INFO-你选择了Chrome游览器.
2019-02-28 19:34:25,268-root-INFO-测试URL是:http://127.0.0.1/forum.php
2019-02-28 19:34:25,268-root-INFO-测试URL是:http://127.0.0.1/forum.php
2019-02-28 19:34:31,177-root-INFO-启动谷歌游览器
2019-02-28 19:34:31,177-root-INFO-启动谷歌游览器
2019-02-28 19:34:33,142-root-INFO-打开：http://127.0.0.1/forum.php
2019-02-28 19:34:33,142-root-INFO-打开：http://127.0.0.1/forum.php
2019-02-28 19:34:34,362-root-INFO-窗口最大化
2019-02-28 19:34:34,362-root-INFO-窗口最大化
2019-02-28 19:34:34,394-root-INFO-等待10秒
2019-02-28 19:34:34,394-root-INFO-等待10秒
2019-02-28 19:34:35,182-root-INFO-send_keyadmin
2019-02-28 19:34:35,182-root-INFO-send_keyadmin
2019-02-28 19:34:35,905-root-INFO-send_key123321
2019-02-28 19:34:35,905-root-INFO-send_key123321
2019-02-28 19:34:36,512-root-INFO-click
2019-02-28 19:34:36,512-root-INFO-click
2019-02-28 19:34:40,660-root-INFO-click
2019-02-28 19:34:40,660-root-INFO-click
2019-02-28 19:34:41,102-root-INFO-click
2019-02-28 19:34:41,102-root-INFO-click
2019-02-28 19:34:41,739-root-INFO-click
2019-02-28 19:34:41,739-root-INFO-click
2019-02-28 19:34:42,711-root-INFO-click
2019-02-28 19:34:42,711-root-INFO-click
2019-02-28 19:34:43,130-root-INFO-click
2019-02-28 19:34:43,130-root-INFO-click
2019-02-28 19:35:17,955-root-ERROR-<pageobjects.plate_management.Manage object at 0x0000000003404C50> page not found element('name', 'admin_password')元素
2019-02-28 19:35:17,955-root-ERROR-<pageobjects.plate_management.Manage object at 0x0000000003404C50> page not found element('name', 'admin_password')元素
2019-02-28 19:35:17,956-root-ERROR-not send_keys
2019-02-28 19:35:17,956-root-ERROR-not send_keys
2019-02-28 19:35:28,519-root-ERROR-<pageobjects.plate_management.Manage object at 0x0000000003404C50> page not found element('css selector', '.loginnofloat .btn')元素
2019-02-28 19:35:28,519-root-ERROR-<pageobjects.plate_management.Manage object at 0x0000000003404C50> page not found element('css selector', '.loginnofloat .btn')元素
2019-02-28 19:35:28,520-root-ERROR-not click
2019-02-28 19:35:28,520-root-ERROR-not click
2019-02-28 19:35:29,930-root-INFO-click
2019-02-28 19:35:29,930-root-INFO-click
2019-02-28 19:35:31,377-root-INFO-click
2019-02-28 19:35:31,377-root-INFO-click
2019-02-28 19:35:32,505-root-INFO-click
2019-02-28 19:35:32,505-root-INFO-click
2019-02-28 19:35:33,422-root-INFO-click
2019-02-28 19:35:33,422-root-INFO-click
2019-02-28 19:35:36,827-root-INFO-send_keyaaa
2019-02-28 19:35:36,827-root-INFO-send_keyaaa
2019-02-28 19:35:37,531-root-INFO-send_key123321
2019-02-28 19:35:37,531-root-INFO-send_key123321
2019-02-28 19:35:38,022-root-INFO-click
2019-02-28 19:35:38,022-root-INFO-click
2019-02-28 19:35:40,797-root-INFO-send_key标题2
2019-02-28 19:35:40,797-root-INFO-send_key标题2
2019-02-28 19:35:41,630-root-INFO-send_keyssssssssss
2019-02-28 19:35:41,630-root-INFO-send_keyssssssssss
2019-02-28 19:35:44,426-root-INFO-click
2019-02-28 19:35:44,426-root-INFO-click
2019-02-28 19:35:45,072-root-INFO-get_windows_img
2019-02-28 19:35:45,072-root-INFO-get_windows_img
2019-02-28 19:35:45,580-root-INFO-click
2019-02-28 19:35:45,580-root-INFO-click
2019-02-28 19:35:46,976-root-INFO-send_keyZZZZZZZZZZZZZ
2019-02-28 19:35:46,976-root-INFO-send_keyZZZZZZZZZZZZZ
2019-02-28 19:35:48,243-root-INFO-click
2019-02-28 19:35:48,243-root-INFO-click
2019-02-28 19:35:50,904-root-INFO-你选择了Chrome游览器.
2019-02-28 19:35:50,904-root-INFO-你选择了Chrome游览器.
2019-02-28 19:35:50,905-root-INFO-测试URL是:http://127.0.0.1/forum.php
2019-02-28 19:35:50,905-root-INFO-测试URL是:http://127.0.0.1/forum.php
2019-02-28 19:35:56,476-root-INFO-启动谷歌游览器
2019-02-28 19:35:56,476-root-INFO-启动谷歌游览器
2019-02-28 19:35:58,971-root-INFO-打开：http://127.0.0.1/forum.php
2019-02-28 19:35:58,971-root-INFO-打开：http://127.0.0.1/forum.php
2019-02-28 19:36:00,182-root-INFO-窗口最大化
2019-02-28 19:36:00,182-root-INFO-窗口最大化
2019-02-28 19:36:00,198-root-INFO-等待10秒
2019-02-28 19:36:00,198-root-INFO-等待10秒
2019-02-28 19:36:00,912-root-INFO-send_keyaaa
2019-02-28 19:36:00,912-root-INFO-send_keyaaa
2019-02-28 19:36:01,555-root-INFO-send_key123321
2019-02-28 19:36:01,555-root-INFO-send_key123321
2019-02-28 19:36:02,007-root-INFO-click
2019-02-28 19:36:02,007-root-INFO-click
2019-02-28 19:36:04,054-root-INFO-send_keyhaotest
2019-02-28 19:36:04,054-root-INFO-send_keyhaotest
2019-02-28 19:36:04,584-root-INFO-click
2019-02-28 19:36:04,584-root-INFO-click
2019-02-28 19:36:06,420-root-INFO-click
2019-02-28 19:36:06,420-root-INFO-click
2019-02-28 19:36:08,629-root-INFO-click
2019-02-28 19:36:08,629-root-INFO-click
