2019-02-27 15:36:17,212-root-INFO-你选择了Chrome游览器.
2019-02-27 15:36:17,212-root-INFO-你选择了Chrome游览器.
2019-02-27 15:36:17,213-root-INFO-测试URL是:http://127.0.0.1/forum.php
2019-02-27 15:36:17,213-root-INFO-测试URL是:http://127.0.0.1/forum.php
2019-02-27 15:36:22,644-root-INFO-你选择了Chrome游览器.
2019-02-27 15:36:22,644-root-INFO-你选择了Chrome游览器.
2019-02-27 15:36:22,645-root-INFO-测试URL是:http://127.0.0.1/forum.php
2019-02-27 15:36:22,645-root-INFO-测试URL是:http://127.0.0.1/forum.php
2019-02-27 15:36:28,192-root-INFO-启动谷歌游览器
2019-02-27 15:36:28,192-root-INFO-启动谷歌游览器
2019-02-27 15:36:30,873-root-INFO-打开：http://127.0.0.1/forum.php
2019-02-27 15:36:30,873-root-INFO-打开：http://127.0.0.1/forum.php
2019-02-27 15:36:32,141-root-INFO-窗口最大化
2019-02-27 15:36:32,141-root-INFO-窗口最大化
2019-02-27 15:36:32,165-root-INFO-等待10秒
2019-02-27 15:36:32,165-root-INFO-等待10秒
2019-02-27 15:36:32,993-root-INFO-send_keyadmin
2019-02-27 15:36:32,993-root-INFO-send_keyadmin
2019-02-27 15:36:33,618-root-INFO-send_key123321
2019-02-27 15:36:33,618-root-INFO-send_key123321
2019-02-27 15:36:34,004-root-INFO-click
2019-02-27 15:36:34,004-root-INFO-click
2019-02-27 15:36:37,695-root-INFO-click
2019-02-27 15:36:37,695-root-INFO-click
2019-02-27 15:36:38,627-root-INFO-click
2019-02-27 15:36:38,627-root-INFO-click
2019-02-27 15:36:50,502-root-INFO-<pageobjects.plate_management.Manage object at 0x00000000033FC860> page not found element('name', 'admin_password')元素
2019-02-27 15:36:50,502-root-INFO-<pageobjects.plate_management.Manage object at 0x00000000033FC860> page not found element('name', 'admin_password')元素
2019-02-27 15:36:50,503-root-INFO-not send_keys
2019-02-27 15:36:50,503-root-INFO-not send_keys
2019-02-27 15:37:01,064-root-INFO-<pageobjects.plate_management.Manage object at 0x00000000033FC860> page not found element('css selector', '.loginnofloat .btn')元素
2019-02-27 15:37:01,064-root-INFO-<pageobjects.plate_management.Manage object at 0x00000000033FC860> page not found element('css selector', '.loginnofloat .btn')元素
2019-02-27 15:37:01,065-root-INFO-not click
2019-02-27 15:37:01,065-root-INFO-not click
2019-02-27 15:37:02,263-root-INFO-click
2019-02-27 15:37:02,263-root-INFO-click
2019-02-27 15:37:03,700-root-INFO-click
2019-02-27 15:37:03,700-root-INFO-click
2019-02-27 15:37:14,313-root-INFO-<pageobjects.new_plate.New_plate object at 0x00000000033E4E10> page not found element('css selector', '.fixsel btn')元素
2019-02-27 15:37:14,313-root-INFO-<pageobjects.new_plate.New_plate object at 0x00000000033E4E10> page not found element('css selector', '.fixsel btn')元素
2019-02-27 15:37:14,314-root-INFO-not click
2019-02-27 15:37:14,314-root-INFO-not click
2019-02-27 15:37:24,861-root-INFO-<pageobjects.exit.Exit object at 0x00000000033C2550> page not found element('partial link text', '退出')元素
2019-02-27 15:37:24,861-root-INFO-<pageobjects.exit.Exit object at 0x00000000033C2550> page not found element('partial link text', '退出')元素
2019-02-27 15:37:24,862-root-INFO-not click
2019-02-27 15:37:24,862-root-INFO-not click
2019-02-27 16:36:30,316-root-INFO-你选择了Chrome游览器.
2019-02-27 16:36:30,316-root-INFO-你选择了Chrome游览器.
2019-02-27 16:36:30,317-root-INFO-测试URL是:http://127.0.0.1/forum.php
2019-02-27 16:36:30,317-root-INFO-测试URL是:http://127.0.0.1/forum.php
2019-02-27 16:36:37,677-root-INFO-启动谷歌游览器
2019-02-27 16:36:37,677-root-INFO-启动谷歌游览器
2019-02-27 16:36:39,402-root-INFO-打开：http://127.0.0.1/forum.php
2019-02-27 16:36:39,402-root-INFO-打开：http://127.0.0.1/forum.php
2019-02-27 16:36:40,588-root-INFO-窗口最大化
2019-02-27 16:36:40,588-root-INFO-窗口最大化
2019-02-27 16:36:40,598-root-INFO-等待10秒
2019-02-27 16:36:40,598-root-INFO-等待10秒
2019-02-27 16:36:40,937-root-INFO-send_keyaaa
2019-02-27 16:36:40,937-root-INFO-send_keyaaa
2019-02-27 16:36:41,244-root-INFO-send_key123321
2019-02-27 16:36:41,244-root-INFO-send_key123321
2019-02-27 16:36:41,496-root-INFO-click
2019-02-27 16:36:41,496-root-INFO-click
2019-02-27 16:36:43,377-root-INFO-send_keyhaotest
2019-02-27 16:36:43,377-root-INFO-send_keyhaotest
2019-02-27 16:36:43,923-root-INFO-click
2019-02-27 16:36:43,923-root-INFO-click
2019-02-27 16:36:51,631-root-INFO-click
2019-02-27 16:36:51,631-root-INFO-click
