2019-02-28 19:32:00,031-root-INFO-你选择了Chrome游览器.
2019-02-28 19:32:00,031-root-INFO-你选择了Chrome游览器.
2019-02-28 19:32:00,034-root-INFO-测试URL是:http://127.0.0.1/forum.php
2019-02-28 19:32:00,034-root-INFO-测试URL是:http://127.0.0.1/forum.php
2019-02-28 19:32:07,089-root-INFO-启动谷歌游览器
2019-02-28 19:32:07,089-root-INFO-启动谷歌游览器
2019-02-28 19:32:08,959-root-INFO-打开：http://127.0.0.1/forum.php
2019-02-28 19:32:08,959-root-INFO-打开：http://127.0.0.1/forum.php
2019-02-28 19:32:10,267-root-INFO-窗口最大化
2019-02-28 19:32:10,267-root-INFO-窗口最大化
2019-02-28 19:32:10,295-root-INFO-等待10秒
2019-02-28 19:32:10,295-root-INFO-等待10秒
2019-02-28 19:32:11,002-root-INFO-send_keyadmin
2019-02-28 19:32:11,002-root-INFO-send_keyadmin
2019-02-28 19:32:11,677-root-INFO-send_key123321
2019-02-28 19:32:11,677-root-INFO-send_key123321
2019-02-28 19:32:12,167-root-INFO-click
2019-02-28 19:32:12,167-root-INFO-click
2019-02-28 19:32:16,569-root-INFO-click
2019-02-28 19:32:16,569-root-INFO-click
2019-02-28 19:32:16,932-root-INFO-send_key标题
2019-02-28 19:32:16,932-root-INFO-send_key标题
2019-02-28 19:32:17,657-root-INFO-send_keyaaaaaaaaaaaaaaaaaaaaaaaaaaaaa
2019-02-28 19:32:17,657-root-INFO-send_keyaaaaaaaaaaaaaaaaaaaaaaaaaaaaa
2019-02-28 19:32:19,393-root-INFO-click
2019-02-28 19:32:19,393-root-INFO-click
2019-02-28 19:32:20,082-root-INFO-get_windows_img
2019-02-28 19:32:20,082-root-INFO-get_windows_img
2019-02-28 19:32:20,764-root-INFO-click
2019-02-28 19:32:20,764-root-INFO-click
2019-02-28 19:32:22,309-root-INFO-send_keycdrhgkt3uygu5bgefrl
2019-02-28 19:32:22,309-root-INFO-send_keycdrhgkt3uygu5bgefrl
2019-02-28 19:32:23,654-root-INFO-click
2019-02-28 19:32:23,654-root-INFO-click
2019-02-28 19:32:25,302-root-INFO-click
2019-02-28 19:32:25,302-root-INFO-click
