2019-02-27 15:46:05,833-root-INFO-你选择了Chrome游览器.
2019-02-27 15:46:05,833-root-INFO-你选择了Chrome游览器.
2019-02-27 15:46:05,834-root-INFO-测试URL是:http://127.0.0.1/forum.php
2019-02-27 15:46:05,834-root-INFO-测试URL是:http://127.0.0.1/forum.php
2019-02-27 15:46:11,735-root-INFO-启动谷歌游览器
2019-02-27 15:46:11,735-root-INFO-启动谷歌游览器
2019-02-27 15:46:14,537-root-INFO-打开：http://127.0.0.1/forum.php
2019-02-27 15:46:14,537-root-INFO-打开：http://127.0.0.1/forum.php
2019-02-27 15:46:15,739-root-INFO-窗口最大化
2019-02-27 15:46:15,739-root-INFO-窗口最大化
2019-02-27 15:46:15,758-root-INFO-等待10秒
2019-02-27 15:46:15,758-root-INFO-等待10秒
2019-02-27 15:46:16,460-root-INFO-send_keyadmin
2019-02-27 15:46:16,460-root-INFO-send_keyadmin
2019-02-27 15:46:17,064-root-INFO-send_key123321
2019-02-27 15:46:17,064-root-INFO-send_key123321
2019-02-27 15:46:17,538-root-INFO-click
2019-02-27 15:46:17,538-root-INFO-click
2019-02-27 15:46:21,172-root-INFO-click
2019-02-27 15:46:21,172-root-INFO-click
2019-02-27 15:46:21,756-root-INFO-click
2019-02-27 15:46:21,756-root-INFO-click
2019-02-27 15:46:23,190-root-INFO-send_key123321
2019-02-27 15:46:23,190-root-INFO-send_key123321
2019-02-27 15:46:46,227-root-INFO-click
2019-02-27 15:46:46,227-root-INFO-click
2019-02-27 15:46:47,813-root-INFO-click
2019-02-27 15:46:47,813-root-INFO-click
2019-02-27 15:46:58,872-root-INFO-<pageobjects.new_plate.New_plate object at 0x00000000033D14E0> page not found element('partial link text', '添加新版块')元素
2019-02-27 15:46:58,872-root-INFO-<pageobjects.new_plate.New_plate object at 0x00000000033D14E0> page not found element('partial link text', '添加新版块')元素
2019-02-27 15:46:58,873-root-INFO-not click
2019-02-27 15:46:58,873-root-INFO-not click
2019-02-27 15:47:09,403-root-INFO-<pageobjects.new_plate.New_plate object at 0x00000000033D14E0> page not found element('css selector', '.fixsel .btn')元素
2019-02-27 15:47:09,403-root-INFO-<pageobjects.new_plate.New_plate object at 0x00000000033D14E0> page not found element('css selector', '.fixsel .btn')元素
2019-02-27 15:47:09,404-root-INFO-not click
2019-02-27 15:47:09,404-root-INFO-not click
2019-02-27 15:47:10,732-root-INFO-click
2019-02-27 15:47:10,732-root-INFO-click
2019-02-27 16:46:04,638-root-INFO-你选择了Chrome游览器.
2019-02-27 16:46:04,638-root-INFO-你选择了Chrome游览器.
2019-02-27 16:46:04,640-root-INFO-测试URL是:http://127.0.0.1/forum.php
2019-02-27 16:46:04,640-root-INFO-测试URL是:http://127.0.0.1/forum.php
2019-02-27 16:46:09,333-root-INFO-启动谷歌游览器
2019-02-27 16:46:09,333-root-INFO-启动谷歌游览器
2019-02-27 16:46:11,491-root-INFO-打开：http://127.0.0.1/forum.php
2019-02-27 16:46:11,491-root-INFO-打开：http://127.0.0.1/forum.php
2019-02-27 16:46:12,806-root-INFO-窗口最大化
2019-02-27 16:46:12,806-root-INFO-窗口最大化
2019-02-27 16:46:12,827-root-INFO-等待10秒
2019-02-27 16:46:12,827-root-INFO-等待10秒
2019-02-27 16:46:13,452-root-INFO-send_keyaaa
2019-02-27 16:46:13,452-root-INFO-send_keyaaa
2019-02-27 16:46:14,042-root-INFO-send_key123321
2019-02-27 16:46:14,042-root-INFO-send_key123321
2019-02-27 16:46:14,509-root-INFO-click
2019-02-27 16:46:14,509-root-INFO-click
2019-02-27 16:46:16,854-root-INFO-send_keyhaotest
2019-02-27 16:46:16,854-root-INFO-send_keyhaotest
2019-02-27 16:46:17,266-root-INFO-click
2019-02-27 16:46:17,266-root-INFO-click
2019-02-27 16:46:18,771-root-INFO-click
2019-02-27 16:46:18,771-root-INFO-click
2019-02-27 17:46:03,995-root-INFO-你选择了Chrome游览器.
2019-02-27 17:46:03,995-root-INFO-你选择了Chrome游览器.
2019-02-27 17:46:03,996-root-INFO-测试URL是:http://127.0.0.1/forum.php
2019-02-27 17:46:03,996-root-INFO-测试URL是:http://127.0.0.1/forum.php
2019-02-27 17:46:10,047-root-INFO-启动谷歌游览器
2019-02-27 17:46:10,047-root-INFO-启动谷歌游览器
2019-02-27 17:46:12,831-root-INFO-打开：http://127.0.0.1/forum.php
2019-02-27 17:46:12,831-root-INFO-打开：http://127.0.0.1/forum.php
2019-02-27 17:46:14,033-root-INFO-窗口最大化
2019-02-27 17:46:14,033-root-INFO-窗口最大化
2019-02-27 17:46:14,055-root-INFO-等待10秒
2019-02-27 17:46:14,055-root-INFO-等待10秒
2019-02-27 17:46:14,845-root-INFO-send_keyaaa
2019-02-27 17:46:14,845-root-INFO-send_keyaaa
2019-02-27 17:46:15,544-root-INFO-send_key123321
2019-02-27 17:46:15,544-root-INFO-send_key123321
2019-02-27 17:46:16,059-root-INFO-click
2019-02-27 17:46:16,059-root-INFO-click
2019-02-27 17:46:20,601-root-INFO-click
2019-02-27 17:46:20,601-root-INFO-click
2019-02-27 17:46:21,890-root-INFO-click
2019-02-27 17:46:21,890-root-INFO-click
2019-02-27 17:46:23,195-root-INFO-click
2019-02-27 17:46:23,195-root-INFO-click
2019-02-27 17:46:23,862-root-INFO-send_key应该去吗？
2019-02-27 17:46:23,862-root-INFO-send_key应该去吗？
2019-02-27 17:46:34,837-root-INFO-<pageobjects.toupiao.Tou object at 0x00000000022D91D0> page not found element('partial link text', "//div[@id='pollm_c_1']/p[1]/input")元素
2019-02-27 17:46:34,837-root-INFO-<pageobjects.toupiao.Tou object at 0x00000000022D91D0> page not found element('partial link text', "//div[@id='pollm_c_1']/p[1]/input")元素
2019-02-27 17:46:34,838-root-INFO-not send_keys
2019-02-27 17:46:34,838-root-INFO-not send_keys
2019-02-27 17:46:45,453-root-INFO-<pageobjects.toupiao.Tou object at 0x00000000022D91D0> page not found element('partial link text', "//div[@id='pollm_c_1']/p[2]/input")元素
2019-02-27 17:46:45,453-root-INFO-<pageobjects.toupiao.Tou object at 0x00000000022D91D0> page not found element('partial link text', "//div[@id='pollm_c_1']/p[2]/input")元素
2019-02-27 17:46:45,454-root-INFO-not send_keys
2019-02-27 17:46:45,454-root-INFO-not send_keys
2019-02-27 17:46:56,170-root-INFO-<pageobjects.toupiao.Tou object at 0x00000000022D91D0> page not found element('partial link text', "//div[@id='pollm_c_1']/p[3]/input")元素
2019-02-27 17:46:56,170-root-INFO-<pageobjects.toupiao.Tou object at 0x00000000022D91D0> page not found element('partial link text', "//div[@id='pollm_c_1']/p[3]/input")元素
2019-02-27 17:46:56,171-root-INFO-not send_keys
2019-02-27 17:46:56,171-root-INFO-not send_keys
2019-02-27 17:46:56,831-root-INFO-click
2019-02-27 17:46:56,831-root-INFO-click
