2019-02-28 19:22:43,397-root-INFO-你选择了Chrome游览器.
2019-02-28 19:22:43,397-root-INFO-你选择了Chrome游览器.
2019-02-28 19:22:43,398-root-INFO-测试URL是:http://127.0.0.1/forum.php
2019-02-28 19:22:43,398-root-INFO-测试URL是:http://127.0.0.1/forum.php
2019-02-28 19:22:47,931-root-INFO-启动谷歌游览器
2019-02-28 19:22:47,931-root-INFO-启动谷歌游览器
2019-02-28 19:22:50,333-root-INFO-打开：http://127.0.0.1/forum.php
2019-02-28 19:22:50,333-root-INFO-打开：http://127.0.0.1/forum.php
2019-02-28 19:22:51,565-root-INFO-窗口最大化
2019-02-28 19:22:51,565-root-INFO-窗口最大化
2019-02-28 19:22:51,595-root-INFO-等待10秒
2019-02-28 19:22:51,595-root-INFO-等待10秒
2019-02-28 19:22:52,697-root-INFO-send_keyadmin
2019-02-28 19:22:52,697-root-INFO-send_keyadmin
2019-02-28 19:22:53,392-root-INFO-send_key123321
2019-02-28 19:22:53,392-root-INFO-send_key123321
2019-02-28 19:22:54,302-root-INFO-click
2019-02-28 19:22:54,302-root-INFO-click
2019-02-28 19:22:58,439-root-INFO-click
2019-02-28 19:22:58,439-root-INFO-click
2019-02-28 19:22:58,985-root-INFO-send_key标题
2019-02-28 19:22:58,985-root-INFO-send_key标题
2019-02-28 19:22:59,656-root-INFO-send_keyaaaaaaaaaaaaaaaaaaaaaaaaaaaaa
2019-02-28 19:22:59,656-root-INFO-send_keyaaaaaaaaaaaaaaaaaaaaaaaaaaaaa
2019-02-28 19:23:01,229-root-INFO-click
2019-02-28 19:23:01,229-root-INFO-click
2019-02-28 19:23:01,695-root-INFO-get_windows_img
2019-02-28 19:23:01,695-root-INFO-get_windows_img
2019-02-28 19:23:01,881-root-INFO-click
2019-02-28 19:23:01,881-root-INFO-click
2019-02-28 19:23:02,362-root-INFO-send_keycdrhgkt3uygu5bgefrl
2019-02-28 19:23:02,362-root-INFO-send_keycdrhgkt3uygu5bgefrl
2019-02-28 19:23:02,861-root-INFO-click
2019-02-28 19:23:02,861-root-INFO-click
2019-02-28 19:23:03,492-root-INFO-click
2019-02-28 19:23:03,492-root-INFO-click
