2019-02-28 09:42:45,472-root-INFO-你选择了Chrome游览器.
2019-02-28 09:42:45,472-root-INFO-你选择了Chrome游览器.
2019-02-28 09:42:45,473-root-INFO-测试URL是:http://127.0.0.1/forum.php
2019-02-28 09:42:45,473-root-INFO-测试URL是:http://127.0.0.1/forum.php
2019-02-28 09:42:50,299-root-INFO-启动谷歌游览器
2019-02-28 09:42:50,299-root-INFO-启动谷歌游览器
2019-02-28 09:42:52,755-root-INFO-打开：http://127.0.0.1/forum.php
2019-02-28 09:42:52,755-root-INFO-打开：http://127.0.0.1/forum.php
2019-02-28 09:42:54,021-root-INFO-窗口最大化
2019-02-28 09:42:54,021-root-INFO-窗口最大化
2019-02-28 09:42:54,045-root-INFO-等待10秒
2019-02-28 09:42:54,045-root-INFO-等待10秒
2019-02-28 09:42:54,646-root-INFO-send_keyaaa
2019-02-28 09:42:54,646-root-INFO-send_keyaaa
2019-02-28 09:42:55,201-root-INFO-send_key123321
2019-02-28 09:42:55,201-root-INFO-send_key123321
2019-02-28 09:42:55,630-root-INFO-click
2019-02-28 09:42:55,630-root-INFO-click
2019-02-28 09:43:00,177-root-INFO-click
2019-02-28 09:43:00,177-root-INFO-click
2019-02-28 09:43:01,606-root-INFO-click
2019-02-28 09:43:01,606-root-INFO-click
2019-02-28 09:43:02,919-root-INFO-click
2019-02-28 09:43:02,919-root-INFO-click
2019-02-28 09:43:03,434-root-INFO-send_key应该去吗？
2019-02-28 09:43:03,434-root-INFO-send_key应该去吗？
2019-02-28 09:43:03,961-root-INFO-send_key同意
2019-02-28 09:43:03,961-root-INFO-send_key同意
2019-02-28 09:43:04,254-root-INFO-send_key不同意
2019-02-28 09:43:04,254-root-INFO-send_key不同意
2019-02-28 09:43:04,486-root-INFO-send_key中立
2019-02-28 09:43:04,486-root-INFO-send_key中立
2019-02-28 09:43:05,021-root-INFO-click
2019-02-28 09:43:05,021-root-INFO-click
2019-02-28 09:43:07,886-root-INFO-click
2019-02-28 09:43:07,886-root-INFO-click
2019-02-28 09:43:09,754-root-INFO-click
2019-02-28 09:43:09,754-root-INFO-click
2019-02-28 09:43:14,496-root-INFO-你选择了Chrome游览器.
2019-02-28 09:43:14,496-root-INFO-你选择了Chrome游览器.
2019-02-28 09:43:14,497-root-INFO-测试URL是:http://127.0.0.1/forum.php
2019-02-28 09:43:14,497-root-INFO-测试URL是:http://127.0.0.1/forum.php
2019-02-28 09:43:20,176-root-INFO-启动谷歌游览器
2019-02-28 09:43:20,176-root-INFO-启动谷歌游览器
2019-02-28 09:43:22,637-root-INFO-打开：http://127.0.0.1/forum.php
2019-02-28 09:43:22,637-root-INFO-打开：http://127.0.0.1/forum.php
2019-02-28 09:43:23,976-root-INFO-窗口最大化
2019-02-28 09:43:23,976-root-INFO-窗口最大化
2019-02-28 09:43:23,984-root-INFO-等待10秒
2019-02-28 09:43:23,984-root-INFO-等待10秒
2019-02-28 09:43:24,518-root-INFO-send_keyadmin
2019-02-28 09:43:24,518-root-INFO-send_keyadmin
2019-02-28 09:43:25,022-root-INFO-send_key123321
2019-02-28 09:43:25,022-root-INFO-send_key123321
2019-02-28 09:43:25,388-root-INFO-click
2019-02-28 09:43:25,388-root-INFO-click
2019-02-28 09:43:30,308-root-INFO-click
2019-02-28 09:43:30,308-root-INFO-click
2019-02-28 09:43:32,819-root-INFO-你选择了Chrome游览器.
2019-02-28 09:43:32,819-root-INFO-你选择了Chrome游览器.
2019-02-28 09:43:32,820-root-INFO-测试URL是:http://127.0.0.1/forum.php
2019-02-28 09:43:32,820-root-INFO-测试URL是:http://127.0.0.1/forum.php
2019-02-28 09:43:38,195-root-INFO-启动谷歌游览器
2019-02-28 09:43:38,195-root-INFO-启动谷歌游览器
2019-02-28 09:43:39,384-root-INFO-打开：http://127.0.0.1/forum.php
2019-02-28 09:43:39,384-root-INFO-打开：http://127.0.0.1/forum.php
2019-02-28 09:43:40,526-root-INFO-窗口最大化
2019-02-28 09:43:40,526-root-INFO-窗口最大化
2019-02-28 09:43:40,529-root-INFO-等待10秒
2019-02-28 09:43:40,529-root-INFO-等待10秒
2019-02-28 09:43:40,879-root-INFO-send_keyadmin
2019-02-28 09:43:40,879-root-INFO-send_keyadmin
2019-02-28 09:43:41,237-root-INFO-send_key123321
2019-02-28 09:43:41,237-root-INFO-send_key123321
2019-02-28 09:43:41,448-root-INFO-click
2019-02-28 09:43:41,448-root-INFO-click
2019-02-28 09:43:44,969-root-INFO-click
2019-02-28 09:43:44,969-root-INFO-click
2019-02-28 09:43:47,570-root-INFO-你选择了Chrome游览器.
2019-02-28 09:43:47,570-root-INFO-你选择了Chrome游览器.
2019-02-28 09:43:47,571-root-INFO-测试URL是:http://127.0.0.1/forum.php
2019-02-28 09:43:47,571-root-INFO-测试URL是:http://127.0.0.1/forum.php
2019-02-28 09:43:53,251-root-INFO-启动谷歌游览器
2019-02-28 09:43:53,251-root-INFO-启动谷歌游览器
2019-02-28 09:43:54,784-root-INFO-打开：http://127.0.0.1/forum.php
2019-02-28 09:43:54,784-root-INFO-打开：http://127.0.0.1/forum.php
2019-02-28 09:43:56,034-root-INFO-窗口最大化
2019-02-28 09:43:56,034-root-INFO-窗口最大化
2019-02-28 09:43:56,052-root-INFO-等待10秒
2019-02-28 09:43:56,052-root-INFO-等待10秒
2019-02-28 09:43:56,739-root-INFO-send_keyaaa
2019-02-28 09:43:56,739-root-INFO-send_keyaaa
2019-02-28 09:43:57,396-root-INFO-send_key123321
2019-02-28 09:43:57,396-root-INFO-send_key123321
2019-02-28 09:43:57,848-root-INFO-click
2019-02-28 09:43:57,848-root-INFO-click
2019-02-28 09:44:00,010-root-INFO-send_keyhaotest
2019-02-28 09:44:00,010-root-INFO-send_keyhaotest
2019-02-28 09:44:00,346-root-INFO-click
2019-02-28 09:44:00,346-root-INFO-click
2019-02-28 09:44:02,160-root-INFO-click
2019-02-28 09:44:02,160-root-INFO-click
2019-02-28 09:44:04,234-root-INFO-click
2019-02-28 09:44:04,234-root-INFO-click
2019-02-28 18:42:31,865-root-INFO-你选择了Chrome游览器.
2019-02-28 18:42:31,865-root-INFO-你选择了Chrome游览器.
2019-02-28 18:42:31,917-root-INFO-测试URL是:http://127.0.0.1/forum.php
2019-02-28 18:42:31,917-root-INFO-测试URL是:http://127.0.0.1/forum.php
2019-02-28 18:42:37,683-root-INFO-启动谷歌游览器
2019-02-28 18:42:37,683-root-INFO-启动谷歌游览器
2019-02-28 18:42:40,563-root-INFO-打开：http://127.0.0.1/forum.php
2019-02-28 18:42:40,563-root-INFO-打开：http://127.0.0.1/forum.php
2019-02-28 18:42:41,917-root-INFO-窗口最大化
2019-02-28 18:42:41,917-root-INFO-窗口最大化
2019-02-28 18:42:41,929-root-INFO-等待10秒
2019-02-28 18:42:41,929-root-INFO-等待10秒
2019-02-28 18:42:42,872-root-INFO-send_keyadmin
2019-02-28 18:42:42,872-root-INFO-send_keyadmin
2019-02-28 18:42:43,563-root-INFO-send_key123321
2019-02-28 18:42:43,563-root-INFO-send_key123321
2019-02-28 18:42:44,081-root-INFO-click
2019-02-28 18:42:44,081-root-INFO-click
2019-02-28 18:42:48,234-root-INFO-click
2019-02-28 18:42:48,234-root-INFO-click
2019-02-28 18:42:48,884-root-INFO-send_key标题
2019-02-28 18:42:48,884-root-INFO-send_key标题
2019-02-28 18:42:49,756-root-INFO-send_keyaaaaaaaaaaaaaaaaaaaaaaaaaaaaa
2019-02-28 18:42:49,756-root-INFO-send_keyaaaaaaaaaaaaaaaaaaaaaaaaaaaaa
2019-02-28 18:42:56,213-root-INFO-click
2019-02-28 18:42:56,213-root-INFO-click
2019-02-28 18:42:56,924-root-INFO-get_windows_img
2019-02-28 18:42:56,924-root-INFO-get_windows_img
2019-02-28 18:42:57,559-root-INFO-click
2019-02-28 18:42:57,559-root-INFO-click
2019-02-28 18:42:58,989-root-INFO-send_keycdrhgkt3uygu5bgefrl
2019-02-28 18:42:58,989-root-INFO-send_keycdrhgkt3uygu5bgefrl
2019-02-28 18:43:00,286-root-INFO-click
2019-02-28 18:43:00,286-root-INFO-click
