2019-02-28 18:43:25,209-root-INFO-你选择了Chrome游览器.
2019-02-28 18:43:25,209-root-INFO-你选择了Chrome游览器.
2019-02-28 18:43:25,210-root-INFO-测试URL是:http://127.0.0.1/forum.php
2019-02-28 18:43:25,210-root-INFO-测试URL是:http://127.0.0.1/forum.php
2019-02-28 18:43:29,780-root-INFO-启动谷歌游览器
2019-02-28 18:43:29,780-root-INFO-启动谷歌游览器
2019-02-28 18:43:32,491-root-INFO-打开：http://127.0.0.1/forum.php
2019-02-28 18:43:32,491-root-INFO-打开：http://127.0.0.1/forum.php
2019-02-28 18:43:33,770-root-INFO-窗口最大化
2019-02-28 18:43:33,770-root-INFO-窗口最大化
2019-02-28 18:43:33,793-root-INFO-等待10秒
2019-02-28 18:43:33,793-root-INFO-等待10秒
2019-02-28 18:43:34,455-root-INFO-send_keyadmin
2019-02-28 18:43:34,455-root-INFO-send_keyadmin
2019-02-28 18:43:35,079-root-INFO-send_key123321
2019-02-28 18:43:35,079-root-INFO-send_key123321
2019-02-28 18:43:35,583-root-INFO-click
2019-02-28 18:43:35,583-root-INFO-click
2019-02-28 18:43:39,158-root-INFO-click
2019-02-28 18:43:39,158-root-INFO-click
2019-02-28 18:43:39,593-root-INFO-send_key标题
2019-02-28 18:43:39,593-root-INFO-send_key标题
2019-02-28 18:43:40,408-root-INFO-send_keyaaaaaaaaaaaaaaaaaaaaaaaaaaaaa
2019-02-28 18:43:40,408-root-INFO-send_keyaaaaaaaaaaaaaaaaaaaaaaaaaaaaa
2019-02-28 18:46:49,249-root-INFO-click
2019-02-28 18:46:49,249-root-INFO-click
2019-02-28 18:46:50,139-root-INFO-get_windows_img
2019-02-28 18:46:50,139-root-INFO-get_windows_img
2019-02-28 18:46:50,835-root-INFO-click
2019-02-28 18:46:50,835-root-INFO-click
2019-02-28 18:46:52,580-root-INFO-send_keycdrhgkt3uygu5bgefrl
2019-02-28 18:46:52,580-root-INFO-send_keycdrhgkt3uygu5bgefrl
2019-02-28 18:46:54,381-root-INFO-click
2019-02-28 18:46:54,381-root-INFO-click
