2019-02-28 17:50:55,173-root-INFO-你选择了Chrome游览器.
2019-02-28 17:50:55,173-root-INFO-你选择了Chrome游览器.
2019-02-28 17:50:55,175-root-INFO-测试URL是:http://127.0.0.1/forum.php
2019-02-28 17:50:55,175-root-INFO-测试URL是:http://127.0.0.1/forum.php
2019-02-28 17:51:01,494-root-INFO-启动谷歌游览器
2019-02-28 17:51:01,494-root-INFO-启动谷歌游览器
2019-02-28 17:51:09,395-root-INFO-打开：http://127.0.0.1/forum.php
2019-02-28 17:51:09,395-root-INFO-打开：http://127.0.0.1/forum.php
2019-02-28 17:51:10,579-root-INFO-窗口最大化
2019-02-28 17:51:10,579-root-INFO-窗口最大化
2019-02-28 17:51:10,606-root-INFO-等待10秒
2019-02-28 17:51:10,606-root-INFO-等待10秒
2019-02-28 17:51:10,983-root-INFO-send_keyaaa
2019-02-28 17:51:10,983-root-INFO-send_keyaaa
2019-02-28 17:51:11,364-root-INFO-send_key123321
2019-02-28 17:51:11,364-root-INFO-send_key123321
2019-02-28 17:51:11,661-root-INFO-click
2019-02-28 17:51:11,661-root-INFO-click
2019-02-28 17:51:16,430-root-INFO-click
2019-02-28 17:51:16,430-root-INFO-click
2019-02-28 17:51:17,625-root-INFO-click
2019-02-28 17:51:17,625-root-INFO-click
2019-02-28 17:51:18,824-root-INFO-click
2019-02-28 17:51:18,824-root-INFO-click
2019-02-28 17:51:19,206-root-INFO-send_key应该去吗？
2019-02-28 17:51:19,206-root-INFO-send_key应该去吗？
2019-02-28 17:51:19,506-root-INFO-send_key同意
2019-02-28 17:51:19,506-root-INFO-send_key同意
2019-02-28 17:51:20,019-root-INFO-send_key不同意
2019-02-28 17:51:20,019-root-INFO-send_key不同意
2019-02-28 17:51:20,519-root-INFO-send_key中立
2019-02-28 17:51:20,519-root-INFO-send_key中立
2019-02-28 17:51:21,155-root-INFO-click
2019-02-28 17:51:21,155-root-INFO-click
2019-02-28 17:52:29,446-root-ERROR-<pageobjects.vote_on.Voteon object at 0x00000000033A5C50> page not found element('class name', 'pslt')元素
2019-02-28 17:52:29,446-root-ERROR-<pageobjects.vote_on.Voteon object at 0x00000000033A5C50> page not found element('class name', 'pslt')元素
2019-02-28 17:52:29,447-root-ERROR-not click
2019-02-28 17:52:29,447-root-ERROR-not click
2019-02-28 17:52:29,962-root-INFO-click
2019-02-28 17:52:29,962-root-INFO-click
2019-02-28 17:52:35,185-root-INFO-你选择了Chrome游览器.
2019-02-28 17:52:35,185-root-INFO-你选择了Chrome游览器.
2019-02-28 17:52:35,186-root-INFO-测试URL是:http://127.0.0.1/forum.php
2019-02-28 17:52:35,186-root-INFO-测试URL是:http://127.0.0.1/forum.php
2019-02-28 17:52:41,816-root-INFO-启动谷歌游览器
2019-02-28 17:52:41,816-root-INFO-启动谷歌游览器
2019-02-28 17:52:44,290-root-INFO-打开：http://127.0.0.1/forum.php
2019-02-28 17:52:44,290-root-INFO-打开：http://127.0.0.1/forum.php
2019-02-28 17:52:45,526-root-INFO-窗口最大化
2019-02-28 17:52:45,526-root-INFO-窗口最大化
2019-02-28 17:52:45,535-root-INFO-等待10秒
2019-02-28 17:52:45,535-root-INFO-等待10秒
2019-02-28 17:52:46,326-root-INFO-send_keyadmin
2019-02-28 17:52:46,326-root-INFO-send_keyadmin
2019-02-28 17:52:47,105-root-INFO-send_key123321
2019-02-28 17:52:47,105-root-INFO-send_key123321
2019-02-28 17:52:47,747-root-INFO-click
2019-02-28 17:52:47,747-root-INFO-click
2019-02-28 17:52:52,087-root-INFO-click
2019-02-28 17:52:52,087-root-INFO-click
2019-02-28 17:52:52,551-root-INFO-send_key标题
2019-02-28 17:52:52,551-root-INFO-send_key标题
2019-02-28 17:52:53,307-root-INFO-send_keyaaaaaaaaaaaaaaaaaaaaaaaaaaaaa
2019-02-28 17:52:53,307-root-INFO-send_keyaaaaaaaaaaaaaaaaaaaaaaaaaaaaa
2019-02-28 17:53:57,797-root-INFO-click
2019-02-28 17:53:57,797-root-INFO-click
2019-02-28 17:53:58,472-root-INFO-get_windows_img
2019-02-28 17:53:58,472-root-INFO-get_windows_img
2019-02-28 17:53:59,132-root-INFO-click
2019-02-28 17:53:59,132-root-INFO-click
2019-02-28 17:54:00,247-root-INFO-send_keycdrhgkt3uygu5bgefrl
2019-02-28 17:54:00,247-root-INFO-send_keycdrhgkt3uygu5bgefrl
2019-02-28 17:54:01,712-root-INFO-click
2019-02-28 17:54:01,712-root-INFO-click
2019-02-28 17:54:04,359-root-INFO-你选择了Chrome游览器.
2019-02-28 17:54:04,359-root-INFO-你选择了Chrome游览器.
2019-02-28 17:54:04,359-root-INFO-测试URL是:http://127.0.0.1/forum.php
2019-02-28 17:54:04,359-root-INFO-测试URL是:http://127.0.0.1/forum.php
2019-02-28 17:54:11,094-root-INFO-启动谷歌游览器
2019-02-28 17:54:11,094-root-INFO-启动谷歌游览器
2019-02-28 17:54:14,299-root-INFO-打开：http://127.0.0.1/forum.php
2019-02-28 17:54:14,299-root-INFO-打开：http://127.0.0.1/forum.php
2019-02-28 17:54:15,606-root-INFO-窗口最大化
2019-02-28 17:54:15,606-root-INFO-窗口最大化
2019-02-28 17:54:15,631-root-INFO-等待10秒
2019-02-28 17:54:15,631-root-INFO-等待10秒
2019-02-28 17:54:16,375-root-INFO-send_keyadmin
2019-02-28 17:54:16,375-root-INFO-send_keyadmin
2019-02-28 17:54:17,084-root-INFO-send_key123321
2019-02-28 17:54:17,084-root-INFO-send_key123321
2019-02-28 17:54:17,596-root-INFO-click
2019-02-28 17:54:17,596-root-INFO-click
2019-02-28 17:54:21,541-root-INFO-click
2019-02-28 17:54:21,541-root-INFO-click
2019-02-28 17:54:22,005-root-INFO-click
2019-02-28 17:54:22,005-root-INFO-click
2019-02-28 17:54:22,791-root-INFO-click
2019-02-28 17:54:22,791-root-INFO-click
2019-02-28 17:54:23,755-root-INFO-click
2019-02-28 17:54:23,755-root-INFO-click
2019-02-28 17:54:24,432-root-INFO-click
2019-02-28 17:54:24,432-root-INFO-click
2019-02-28 17:54:26,637-root-INFO-send_key123321
2019-02-28 17:54:26,637-root-INFO-send_key123321
2019-02-28 17:54:57,200-root-INFO-click
2019-02-28 17:54:57,200-root-INFO-click
2019-02-28 17:54:58,844-root-INFO-click
2019-02-28 17:54:58,844-root-INFO-click
2019-02-28 17:55:01,000-root-INFO-click
2019-02-28 17:55:01,000-root-INFO-click
2019-02-28 17:55:02,959-root-INFO-click
2019-02-28 17:55:02,959-root-INFO-click
2019-02-28 17:55:04,583-root-INFO-click
2019-02-28 17:55:04,583-root-INFO-click
2019-02-28 17:55:08,390-root-INFO-send_keyaaa
2019-02-28 17:55:08,390-root-INFO-send_keyaaa
2019-02-28 17:55:08,886-root-INFO-send_key123321
2019-02-28 17:55:08,886-root-INFO-send_key123321
2019-02-28 17:55:09,392-root-INFO-click
2019-02-28 17:55:09,392-root-INFO-click
2019-02-28 17:55:12,363-root-INFO-send_key标题2
2019-02-28 17:55:12,363-root-INFO-send_key标题2
2019-02-28 17:55:13,042-root-INFO-send_keyssssssssss
2019-02-28 17:55:13,042-root-INFO-send_keyssssssssss
2019-02-28 17:55:15,614-root-INFO-click
2019-02-28 17:55:15,614-root-INFO-click
2019-02-28 17:55:16,380-root-INFO-get_windows_img
2019-02-28 17:55:16,380-root-INFO-get_windows_img
2019-02-28 17:55:16,897-root-INFO-click
2019-02-28 17:55:16,897-root-INFO-click
2019-02-28 17:55:18,371-root-INFO-send_keyZZZZZZZZZZZZZ
2019-02-28 17:55:18,371-root-INFO-send_keyZZZZZZZZZZZZZ
2019-02-28 17:55:20,328-root-INFO-click
2019-02-28 17:55:20,328-root-INFO-click
2019-02-28 17:55:23,494-root-INFO-你选择了Chrome游览器.
2019-02-28 17:55:23,494-root-INFO-你选择了Chrome游览器.
2019-02-28 17:55:23,495-root-INFO-测试URL是:http://127.0.0.1/forum.php
2019-02-28 17:55:23,495-root-INFO-测试URL是:http://127.0.0.1/forum.php
2019-02-28 17:55:29,000-root-INFO-启动谷歌游览器
2019-02-28 17:55:29,000-root-INFO-启动谷歌游览器
2019-02-28 17:55:31,509-root-INFO-打开：http://127.0.0.1/forum.php
2019-02-28 17:55:31,509-root-INFO-打开：http://127.0.0.1/forum.php
2019-02-28 17:55:32,753-root-INFO-窗口最大化
2019-02-28 17:55:32,753-root-INFO-窗口最大化
2019-02-28 17:55:32,787-root-INFO-等待10秒
2019-02-28 17:55:32,787-root-INFO-等待10秒
2019-02-28 17:55:33,530-root-INFO-send_keyaaa
2019-02-28 17:55:33,530-root-INFO-send_keyaaa
2019-02-28 17:55:34,158-root-INFO-send_key123321
2019-02-28 17:55:34,158-root-INFO-send_key123321
2019-02-28 17:55:34,635-root-INFO-click
2019-02-28 17:55:34,635-root-INFO-click
2019-02-28 17:55:37,711-root-INFO-send_keyhaotest
2019-02-28 17:55:37,711-root-INFO-send_keyhaotest
2019-02-28 17:55:38,428-root-INFO-click
2019-02-28 17:55:38,428-root-INFO-click
2019-02-28 17:55:40,652-root-INFO-click
2019-02-28 17:55:40,652-root-INFO-click
2019-02-28 17:55:44,387-root-INFO-click
2019-02-28 17:55:44,387-root-INFO-click
2019-02-28 19:50:06,197-root-INFO-你选择了Chrome游览器.
2019-02-28 19:50:06,197-root-INFO-你选择了Chrome游览器.
2019-02-28 19:50:06,203-root-INFO-测试URL是:http://127.0.0.1/forum.php
2019-02-28 19:50:06,203-root-INFO-测试URL是:http://127.0.0.1/forum.php
2019-02-28 19:50:12,719-root-INFO-启动谷歌游览器
2019-02-28 19:50:12,719-root-INFO-启动谷歌游览器
