2019-02-27 16:32:15,941-root-INFO-你选择了Chrome游览器.
2019-02-27 16:32:15,941-root-INFO-你选择了Chrome游览器.
2019-02-27 16:32:15,942-root-INFO-测试URL是:http://127.0.0.1/forum.php
2019-02-27 16:32:15,942-root-INFO-测试URL是:http://127.0.0.1/forum.php
2019-02-27 16:32:22,448-root-INFO-启动谷歌游览器
2019-02-27 16:32:22,448-root-INFO-启动谷歌游览器
2019-02-27 16:32:24,475-root-INFO-打开：http://127.0.0.1/forum.php
2019-02-27 16:32:24,475-root-INFO-打开：http://127.0.0.1/forum.php
2019-02-27 16:32:25,735-root-INFO-窗口最大化
2019-02-27 16:32:25,735-root-INFO-窗口最大化
2019-02-27 16:32:25,761-root-INFO-等待10秒
2019-02-27 16:32:25,761-root-INFO-等待10秒
2019-02-27 16:32:26,431-root-INFO-send_keyaaa
2019-02-27 16:32:26,431-root-INFO-send_keyaaa
2019-02-27 16:32:27,330-root-INFO-send_key123321
2019-02-27 16:32:27,330-root-INFO-send_key123321
2019-02-27 16:32:28,007-root-INFO-click
2019-02-27 16:32:28,007-root-INFO-click
2019-02-27 16:32:30,474-root-INFO-send_key标题2
2019-02-27 16:32:30,474-root-INFO-send_key标题2
2019-02-27 16:32:30,921-root-INFO-click
2019-02-27 16:32:30,921-root-INFO-click
