2019-02-28 19:56:54,344-root-INFO-你选择了Chrome游览器.
2019-02-28 19:56:54,344-root-INFO-你选择了Chrome游览器.
2019-02-28 19:56:54,352-root-INFO-测试URL是:http://127.0.0.1/forum.php
2019-02-28 19:56:54,352-root-INFO-测试URL是:http://127.0.0.1/forum.php
2019-02-28 19:56:59,627-root-INFO-启动谷歌游览器
2019-02-28 19:56:59,627-root-INFO-启动谷歌游览器
2019-02-28 19:57:02,675-root-INFO-打开：http://127.0.0.1/forum.php
2019-02-28 19:57:02,675-root-INFO-打开：http://127.0.0.1/forum.php
2019-02-28 19:57:03,985-root-INFO-窗口最大化
2019-02-28 19:57:03,985-root-INFO-窗口最大化
2019-02-28 19:57:03,995-root-INFO-等待10秒
2019-02-28 19:57:03,995-root-INFO-等待10秒
2019-02-28 19:57:04,919-root-INFO-send_keyaaa
2019-02-28 19:57:04,919-root-INFO-send_keyaaa
2019-02-28 19:57:05,860-root-INFO-send_key123321
2019-02-28 19:57:05,860-root-INFO-send_key123321
2019-02-28 19:57:06,506-root-INFO-click
2019-02-28 19:57:06,506-root-INFO-click
2019-02-28 19:57:09,337-root-INFO-send_keyhaotest
2019-02-28 19:57:09,337-root-INFO-send_keyhaotest
2019-02-28 19:57:10,032-root-INFO-click
2019-02-28 19:57:10,032-root-INFO-click
2019-02-28 19:57:11,667-root-INFO-click
2019-02-28 19:57:11,667-root-INFO-click
2019-02-28 19:57:13,861-root-INFO-click
2019-02-28 19:57:13,861-root-INFO-click
